<?xml version="1.0" encoding="UTF-8"?>
<coverage generated="1762022510800" clover="3.2.0">
  <project timestamp="1762022510801" name="All files">
    <metrics statements="867" coveredstatements="827" conditionals="447" coveredconditionals="395" methods="110" coveredmethods="106" elements="1424" coveredelements="1328" complexity="0" loc="867" ncloc="867" packages="13" files="34" classes="34"/>
    <package name="src">
      <metrics statements="46" coveredstatements="43" conditionals="2" coveredconditionals="0" methods="5" coveredmethods="4"/>
      <file name="app.controller.ts" path="/home/sohaib/Documents/frms/event-monitoring-service/src/app.controller.ts">
        <metrics statements="7" coveredstatements="7" conditionals="0" coveredconditionals="0" methods="2" coveredmethods="2"/>
        <line num="1" count="3" type="stmt"/>
        <line num="2" count="3" type="stmt"/>
        <line num="3" count="3" type="stmt"/>
        <line num="6" count="3" type="stmt"/>
        <line num="7" count="36" type="stmt"/>
        <line num="11" count="3" type="stmt"/>
        <line num="12" count="1177" type="stmt"/>
      </file>
      <file name="app.module.ts" path="/home/sohaib/Documents/frms/event-monitoring-service/src/app.module.ts">
        <metrics statements="13" coveredstatements="13" conditionals="0" coveredconditionals="0" methods="0" coveredmethods="0"/>
        <line num="1" count="2" type="stmt"/>
        <line num="2" count="2" type="stmt"/>
        <line num="3" count="2" type="stmt"/>
        <line num="4" count="2" type="stmt"/>
        <line num="5" count="2" type="stmt"/>
        <line num="6" count="2" type="stmt"/>
        <line num="7" count="2" type="stmt"/>
        <line num="8" count="2" type="stmt"/>
        <line num="9" count="2" type="stmt"/>
        <line num="10" count="2" type="stmt"/>
        <line num="11" count="2" type="stmt"/>
        <line num="12" count="2" type="stmt"/>
        <line num="33" count="2" type="stmt"/>
      </file>
      <file name="app.service.ts" path="/home/sohaib/Documents/frms/event-monitoring-service/src/app.service.ts">
        <metrics statements="3" coveredstatements="3" conditionals="0" coveredconditionals="0" methods="1" coveredmethods="1"/>
        <line num="1" count="4" type="stmt"/>
        <line num="4" count="4" type="stmt"/>
        <line num="6" count="1128" type="stmt"/>
      </file>
      <file name="main.ts" path="/home/sohaib/Documents/frms/event-monitoring-service/src/main.ts">
        <metrics statements="23" coveredstatements="20" conditionals="2" coveredconditionals="0" methods="2" coveredmethods="1"/>
        <line num="1" count="1" type="stmt"/>
        <line num="3" count="1" type="stmt"/>
        <line num="4" count="1" type="stmt"/>
        <line num="5" count="1" type="stmt"/>
        <line num="6" count="1" type="stmt"/>
        <line num="7" count="1" type="stmt"/>
        <line num="8" count="1" type="stmt"/>
        <line num="9" count="1" type="stmt"/>
        <line num="10" count="1" type="stmt"/>
        <line num="12" count="1" type="stmt"/>
        <line num="14" count="1" type="stmt"/>
        <line num="15" count="12" type="stmt"/>
        <line num="16" count="11" type="stmt"/>
        <line num="19" count="11" type="stmt"/>
        <line num="20" count="11" type="stmt"/>
        <line num="23" count="11" type="stmt"/>
        <line num="29" count="11" type="stmt"/>
        <line num="37" count="11" type="stmt"/>
        <line num="38" count="11" type="stmt"/>
        <line num="40" count="1" type="stmt"/>
        <line num="41" count="0" type="cond" truecount="0" falsecount="2"/>
        <line num="42" count="0" type="stmt"/>
        <line num="43" count="0" type="stmt"/>
      </file>
    </package>
    <package name="src.apm">
      <metrics statements="89" coveredstatements="89" conditionals="31" coveredconditionals="29" methods="20" coveredmethods="20"/>
      <file name="apm.decorators.ts" path="/home/sohaib/Documents/frms/event-monitoring-service/src/apm/apm.decorators.ts">
        <metrics statements="46" coveredstatements="46" conditionals="19" coveredconditionals="17" methods="6" coveredmethods="6"/>
        <line num="3" count="6" type="stmt"/>
        <line num="4" count="6" type="stmt"/>
        <line num="24" count="6" type="stmt"/>
        <line num="25" count="33" type="stmt"/>
        <line num="26" count="33" type="stmt"/>
        <line num="28" count="33" type="stmt"/>
        <line num="33" count="62" type="cond" truecount="5" falsecount="0"/>
        <line num="34" count="8" type="stmt"/>
        <line num="37" count="62" type="cond" truecount="2" falsecount="0"/>
        <line num="39" count="55" type="stmt"/>
        <line num="42" count="7" type="stmt"/>
        <line num="44" count="7" type="stmt"/>
        <line num="45" count="7" type="stmt"/>
        <line num="47" count="5" type="cond" truecount="2" falsecount="0"/>
        <line num="48" count="4" type="stmt"/>
        <line num="49" count="4" type="stmt"/>
        <line num="52" count="5" type="stmt"/>
        <line num="54" count="2" type="cond" truecount="2" falsecount="0"/>
        <line num="55" count="1" type="stmt"/>
        <line num="56" count="1" type="stmt"/>
        <line num="58" count="2" type="stmt"/>
        <line num="62" count="33" type="stmt"/>
        <line num="87" count="6" type="stmt"/>
        <line num="88" count="11" type="stmt"/>
        <line num="97" count="4" type="stmt"/>
        <line num="99" count="4" type="stmt"/>
        <line num="100" count="4" type="stmt"/>
        <line num="102" count="3" type="cond" truecount="2" falsecount="0"/>
        <line num="103" count="2" type="stmt"/>
        <line num="104" count="2" type="stmt"/>
        <line num="107" count="3" type="stmt"/>
        <line num="109" count="1" type="cond" truecount="1" falsecount="1"/>
        <line num="110" count="1" type="stmt"/>
        <line num="111" count="1" type="stmt"/>
        <line num="113" count="1" type="stmt"/>
        <line num="124" count="3" type="stmt"/>
        <line num="126" count="3" type="stmt"/>
        <line num="127" count="3" type="stmt"/>
        <line num="129" count="2" type="cond" truecount="2" falsecount="0"/>
        <line num="130" count="1" type="stmt"/>
        <line num="131" count="1" type="stmt"/>
        <line num="134" count="2" type="stmt"/>
        <line num="136" count="1" type="cond" truecount="1" falsecount="1"/>
        <line num="137" count="1" type="stmt"/>
        <line num="138" count="1" type="stmt"/>
        <line num="140" count="1" type="stmt"/>
      </file>
      <file name="apm.interceptor.ts" path="/home/sohaib/Documents/frms/event-monitoring-service/src/apm/apm.interceptor.ts">
        <metrics statements="27" coveredstatements="27" conditionals="12" coveredconditionals="12" methods="5" coveredmethods="5"/>
        <line num="3" count="3" type="stmt"/>
        <line num="4" count="3" type="stmt"/>
        <line num="5" count="3" type="stmt"/>
        <line num="6" count="3" type="stmt"/>
        <line num="7" count="3" type="stmt"/>
        <line num="11" count="3" type="stmt"/>
        <line num="12" count="13" type="stmt"/>
        <line num="15" count="18" type="stmt"/>
        <line num="16" count="18" type="stmt"/>
        <line num="19" count="18" type="cond" truecount="2" falsecount="0"/>
        <line num="20" count="18" type="stmt"/>
        <line num="22" count="18" type="stmt"/>
        <line num="25" count="18" type="cond" truecount="2" falsecount="0"/>
        <line num="26" count="16" type="stmt"/>
        <line num="33" count="18" type="stmt"/>
        <line num="35" count="14" type="cond" truecount="2" falsecount="0"/>
        <line num="36" count="13" type="stmt"/>
        <line num="37" count="13" type="stmt"/>
        <line num="38" count="13" type="stmt"/>
        <line num="41" count="13" type="stmt"/>
        <line num="45" count="4" type="cond" truecount="2" falsecount="0"/>
        <line num="47" count="3" type="stmt"/>
        <line num="48" count="3" type="stmt"/>
        <line num="49" count="3" type="stmt"/>
        <line num="50" count="3" type="stmt"/>
        <line num="55" count="3" type="stmt"/>
        <line num="57" count="4" type="stmt"/>
      </file>
      <file name="apm.module.ts" path="/home/sohaib/Documents/frms/event-monitoring-service/src/apm/apm.module.ts">
        <metrics statements="4" coveredstatements="4" conditionals="0" coveredconditionals="0" methods="0" coveredmethods="0"/>
        <line num="3" count="4" type="stmt"/>
        <line num="4" count="4" type="stmt"/>
        <line num="5" count="4" type="stmt"/>
        <line num="18" count="4" type="stmt"/>
      </file>
      <file name="apm.service.ts" path="/home/sohaib/Documents/frms/event-monitoring-service/src/apm/apm.service.ts">
        <metrics statements="8" coveredstatements="8" conditionals="0" coveredconditionals="0" methods="4" coveredmethods="4"/>
        <line num="3" count="9" type="stmt"/>
        <line num="4" count="9" type="stmt"/>
        <line num="5" count="9" type="stmt"/>
        <line num="9" count="9" type="stmt"/>
        <line num="12" count="30" type="stmt"/>
        <line num="15" count="14" type="stmt"/>
        <line num="31" count="9" type="stmt"/>
        <line num="40" count="10" type="stmt"/>
      </file>
      <file name="index.ts" path="/home/sohaib/Documents/frms/event-monitoring-service/src/apm/index.ts">
        <metrics statements="4" coveredstatements="4" conditionals="0" coveredconditionals="0" methods="5" coveredmethods="5"/>
        <line num="3" count="3" type="stmt"/>
        <line num="4" count="3" type="stmt"/>
        <line num="5" count="3" type="stmt"/>
        <line num="6" count="3" type="stmt"/>
      </file>
    </package>
    <package name="src.auth">
      <metrics statements="77" coveredstatements="77" conditionals="30" coveredconditionals="29" methods="9" coveredmethods="9"/>
      <file name="auth.decorator.ts" path="/home/sohaib/Documents/frms/event-monitoring-service/src/auth/auth.decorator.ts">
        <metrics statements="5" coveredstatements="5" conditionals="0" coveredconditionals="0" methods="2" coveredmethods="2"/>
        <line num="1" count="7" type="stmt"/>
        <line num="3" count="7" type="stmt"/>
        <line num="9" count="16" type="stmt"/>
        <line num="15" count="7" type="stmt"/>
        <line num="22" count="7" type="stmt"/>
      </file>
      <file name="auth.module.ts" path="/home/sohaib/Documents/frms/event-monitoring-service/src/auth/auth.module.ts">
        <metrics statements="4" coveredstatements="4" conditionals="0" coveredconditionals="0" methods="0" coveredmethods="0"/>
        <line num="1" count="3" type="stmt"/>
        <line num="2" count="3" type="stmt"/>
        <line num="3" count="3" type="stmt"/>
        <line num="10" count="3" type="stmt"/>
      </file>
      <file name="tazama-auth.guard.ts" path="/home/sohaib/Documents/frms/event-monitoring-service/src/auth/tazama-auth.guard.ts">
        <metrics statements="63" coveredstatements="63" conditionals="30" coveredconditionals="29" methods="6" coveredmethods="6"/>
        <line num="1" count="6" type="stmt"/>
        <line num="2" count="6" type="stmt"/>
        <line num="3" count="6" type="stmt"/>
        <line num="5" count="6" type="stmt"/>
        <line num="6" count="6" type="stmt"/>
        <line num="9" count="6" type="stmt"/>
        <line num="10" count="77" type="stmt"/>
        <line num="12" count="77" type="stmt"/>
        <line num="14" count="77" type="stmt"/>
        <line num="18" count="29" type="stmt"/>
        <line num="20" count="29" type="stmt"/>
        <line num="21" count="29" type="stmt"/>
        <line num="24" count="29" type="cond" truecount="2" falsecount="0"/>
        <line num="25" count="3" type="stmt"/>
        <line num="26" count="3" type="stmt"/>
        <line num="30" count="26" type="cond" truecount="4" falsecount="0"/>
        <line num="31" count="2" type="stmt"/>
        <line num="32" count="2" type="stmt"/>
        <line num="35" count="24" type="stmt"/>
        <line num="36" count="24" type="stmt"/>
        <line num="37" count="24" type="cond" truecount="2" falsecount="0"/>
        <line num="38" count="1" type="stmt"/>
        <line num="39" count="1" type="stmt"/>
        <line num="42" count="23" type="stmt"/>
        <line num="44" count="23" type="stmt"/>
        <line num="47" count="23" type="stmt"/>
        <line num="49" count="20" type="stmt"/>
        <line num="50" count="20" type="stmt"/>
        <line num="51" count="20" type="stmt"/>
        <line num="53" count="20" type="cond" truecount="3" falsecount="1"/>
        <line num="55" count="28" type="stmt"/>
        <line num="56" count="31" type="stmt"/>
        <line num="57" count="31" type="stmt"/>
        <line num="58" count="20" type="stmt"/>
        <line num="60" count="20" type="cond" truecount="2" falsecount="0"/>
        <line num="61" count="3" type="stmt"/>
        <line num="68" count="20" type="cond" truecount="2" falsecount="0"/>
        <line num="69" count="3" type="stmt"/>
        <line num="73" count="17" type="stmt"/>
        <line num="76" count="10" type="stmt"/>
        <line num="83" count="10" type="stmt"/>
        <line num="85" count="10" type="stmt"/>
        <line num="90" count="10" type="stmt"/>
        <line num="92" count="14" type="stmt"/>
        <line num="93" count="14" type="stmt"/>
        <line num="95" count="14" type="cond" truecount="2" falsecount="0"/>
        <line num="96" count="12" type="stmt"/>
        <line num="99" count="2" type="stmt"/>
        <line num="104" count="17" type="stmt"/>
        <line num="105" count="17" type="stmt"/>
        <line num="107" count="16" type="cond" truecount="4" falsecount="0"/>
        <line num="108" count="2" type="stmt"/>
        <line num="111" count="14" type="stmt"/>
        <line num="113" count="14" type="cond" truecount="2" falsecount="0"/>
        <line num="114" count="1" type="stmt"/>
        <line num="117" count="13" type="cond" truecount="2" falsecount="0"/>
        <line num="118" count="1" type="stmt"/>
        <line num="121" count="12" type="cond" truecount="4" falsecount="0"/>
        <line num="122" count="2" type="stmt"/>
        <line num="125" count="10" type="stmt"/>
        <line num="127" count="7" type="stmt"/>
        <line num="128" count="7" type="stmt"/>
        <line num="129" count="7" type="stmt"/>
      </file>
      <file name="user.decorator.ts" path="/home/sohaib/Documents/frms/event-monitoring-service/src/auth/user.decorator.ts">
        <metrics statements="5" coveredstatements="5" conditionals="0" coveredconditionals="0" methods="1" coveredmethods="1"/>
        <line num="4" count="4" type="stmt"/>
        <line num="7" count="4" type="stmt"/>
        <line num="8" count="1025" type="stmt"/>
        <line num="9" count="1024" type="stmt"/>
        <line num="12" count="4" type="stmt"/>
      </file>
    </package>
    <package name="src.commons">
      <metrics statements="62" coveredstatements="61" conditionals="18" coveredconditionals="18" methods="17" coveredmethods="16"/>
      <file name="database-operations.service.ts" path="/home/sohaib/Documents/frms/event-monitoring-service/src/commons/database-operations.service.ts">
        <metrics statements="61" coveredstatements="60" conditionals="18" coveredconditionals="18" methods="16" coveredmethods="15"/>
        <line num="1" count="5" type="stmt"/>
        <line num="2" count="5" type="stmt"/>
        <line num="3" count="5" type="stmt"/>
        <line num="4" count="5" type="stmt"/>
        <line num="10" count="5" type="stmt"/>
        <line num="12" count="46" type="stmt"/>
        <line num="13" count="46" type="stmt"/>
        <line num="15" count="46" type="stmt"/>
        <line num="20" count="7" type="cond" truecount="2" falsecount="0"/>
        <line num="27" count="3" type="cond" truecount="2" falsecount="0"/>
        <line num="33" count="1" type="stmt"/>
        <line num="39" count="3" type="stmt"/>
        <line num="45" count="1" type="stmt"/>
        <line num="49" count="6" type="cond" truecount="2" falsecount="0"/>
        <line num="52" count="2" type="stmt"/>
        <line num="58" count="0" type="stmt"/>
        <line num="63" count="17" type="stmt"/>
        <line num="65" count="17" type="stmt"/>
        <line num="66" count="56" type="cond" truecount="2" falsecount="0"/>
        <line num="68" count="56" type="cond" truecount="2" falsecount="0"/>
        <line num="69" count="15" type="stmt"/>
        <line num="70" count="15" type="stmt"/>
        <line num="71" count="15" type="stmt"/>
        <line num="75" count="2" type="stmt"/>
        <line num="76" count="2" type="stmt"/>
        <line num="80" count="8" type="stmt"/>
        <line num="81" count="8" type="stmt"/>
        <line num="82" count="7" type="stmt"/>
        <line num="84" count="1" type="stmt"/>
        <line num="91" count="7" type="stmt"/>
        <line num="92" count="7" type="stmt"/>
        <line num="93" count="5" type="stmt"/>
        <line num="95" count="2" type="stmt"/>
        <line num="102" count="5" type="stmt"/>
        <line num="103" count="5" type="stmt"/>
        <line num="109" count="4" type="stmt"/>
        <line num="111" count="1" type="stmt"/>
        <line num="118" count="7" type="stmt"/>
        <line num="120" count="7" type="stmt"/>
        <line num="121" count="7" type="stmt"/>
        <line num="122" count="6" type="stmt"/>
        <line num="124" count="1" type="stmt"/>
        <line num="131" count="5" type="stmt"/>
        <line num="132" count="5" type="stmt"/>
        <line num="133" count="5" type="stmt"/>
        <line num="141" count="5" type="cond" truecount="4" falsecount="0"/>
        <line num="142" count="2" type="stmt"/>
        <line num="143" count="2" type="stmt"/>
        <line num="146" count="3" type="stmt"/>
        <line num="147" count="3" type="stmt"/>
        <line num="152" count="2" type="stmt"/>
        <line num="154" count="1" type="stmt"/>
        <line num="161" count="10" type="stmt"/>
        <line num="162" count="10" type="stmt"/>
        <line num="179" count="10" type="stmt"/>
        <line num="193" count="8" type="stmt"/>
        <line num="196" count="2" type="stmt"/>
        <line num="197" count="2" type="cond" truecount="2" falsecount="0"/>
        <line num="198" count="1" type="stmt"/>
        <line num="199" count="1" type="stmt"/>
        <line num="202" count="1" type="stmt"/>
      </file>
      <file name="index.ts" path="/home/sohaib/Documents/frms/event-monitoring-service/src/commons/index.ts">
        <metrics statements="1" coveredstatements="1" conditionals="0" coveredconditionals="0" methods="1" coveredmethods="1"/>
        <line num="1" count="35" type="stmt"/>
      </file>
    </package>
    <package name="src.config">
      <metrics statements="29" coveredstatements="29" conditionals="66" coveredconditionals="66" methods="2" coveredmethods="2"/>
      <file name="database.config.ts" path="/home/sohaib/Documents/frms/event-monitoring-service/src/config/database.config.ts">
        <metrics statements="6" coveredstatements="6" conditionals="8" coveredconditionals="8" methods="1" coveredmethods="1"/>
        <line num="3" count="3" type="stmt"/>
        <line num="5" count="3" type="stmt"/>
        <line num="7" count="3" type="stmt"/>
        <line num="8" count="7" type="stmt"/>
        <line num="9" count="7" type="stmt"/>
        <line num="11" count="7" type="stmt"/>
      </file>
      <file name="env.validation.ts" path="/home/sohaib/Documents/frms/event-monitoring-service/src/config/env.validation.ts">
        <metrics statements="23" coveredstatements="23" conditionals="58" coveredconditionals="58" methods="1" coveredmethods="1"/>
        <line num="50" count="4" type="stmt"/>
        <line num="52" count="25" type="cond" truecount="2" falsecount="0"/>
        <line num="53" count="1" type="stmt"/>
        <line num="57" count="24" type="cond" truecount="2" falsecount="0"/>
        <line num="58" count="1" type="stmt"/>
        <line num="60" count="23" type="cond" truecount="2" falsecount="0"/>
        <line num="61" count="1" type="stmt"/>
        <line num="63" count="22" type="cond" truecount="2" falsecount="0"/>
        <line num="64" count="1" type="stmt"/>
        <line num="68" count="21" type="cond" truecount="2" falsecount="0"/>
        <line num="69" count="1" type="stmt"/>
        <line num="71" count="20" type="cond" truecount="2" falsecount="0"/>
        <line num="72" count="1" type="stmt"/>
        <line num="76" count="19" type="cond" truecount="2" falsecount="0"/>
        <line num="79" count="19" type="cond" truecount="4" falsecount="0"/>
        <line num="80" count="1" type="stmt"/>
        <line num="84" count="18" type="stmt"/>
        <line num="85" count="18" type="cond" truecount="5" falsecount="0"/>
        <line num="86" count="3" type="stmt"/>
        <line num="90" count="15" type="stmt"/>
        <line num="91" count="15" type="cond" truecount="5" falsecount="0"/>
        <line num="92" count="3" type="stmt"/>
        <line num="95" count="12" type="stmt"/>
      </file>
    </package>
    <package name="src.config-notify">
      <metrics statements="67" coveredstatements="67" conditionals="19" coveredconditionals="19" methods="6" coveredmethods="6"/>
      <file name="config-notify.module.ts" path="/home/sohaib/Documents/frms/event-monitoring-service/src/config-notify/config-notify.module.ts">
        <metrics statements="6" coveredstatements="6" conditionals="0" coveredconditionals="0" methods="0" coveredmethods="0"/>
        <line num="1" count="2" type="stmt"/>
        <line num="2" count="2" type="stmt"/>
        <line num="3" count="2" type="stmt"/>
        <line num="4" count="2" type="stmt"/>
        <line num="5" count="2" type="stmt"/>
        <line num="12" count="2" type="stmt"/>
      </file>
      <file name="config-notify.service.ts" path="/home/sohaib/Documents/frms/event-monitoring-service/src/config-notify/config-notify.service.ts">
        <metrics statements="61" coveredstatements="61" conditionals="19" coveredconditionals="19" methods="6" coveredmethods="6"/>
        <line num="1" count="3" type="stmt"/>
        <line num="2" count="3" type="stmt"/>
        <line num="3" count="3" type="stmt"/>
        <line num="4" count="3" type="stmt"/>
        <line num="5" count="3" type="stmt"/>
        <line num="7" count="3" type="cond" truecount="2" falsecount="0"/>
        <line num="8" count="3" type="stmt"/>
        <line num="9" count="3" type="stmt"/>
        <line num="24" count="3" type="stmt"/>
        <line num="25" count="30" type="stmt"/>
        <line num="26" count="30" type="stmt"/>
        <line num="32" count="30" type="stmt"/>
        <line num="33" count="30" type="stmt"/>
        <line num="34" count="30" type="stmt"/>
        <line num="35" count="30" type="stmt"/>
        <line num="37" count="30" type="stmt"/>
        <line num="38" count="30" type="stmt"/>
        <line num="39" count="30" type="stmt"/>
        <line num="43" count="7" type="cond" truecount="2" falsecount="0"/>
        <line num="44" count="1" type="stmt"/>
        <line num="45" count="1" type="stmt"/>
        <line num="48" count="6" type="stmt"/>
        <line num="49" count="6" type="stmt"/>
        <line num="50" count="5" type="stmt"/>
        <line num="51" count="5" type="stmt"/>
        <line num="53" count="5" type="stmt"/>
        <line num="56" count="4" type="stmt"/>
        <line num="58" count="4" type="stmt"/>
        <line num="59" count="3" type="stmt"/>
        <line num="60" count="3" type="stmt"/>
        <line num="62" count="3" type="stmt"/>
        <line num="64" count="3" type="stmt"/>
        <line num="65" count="3" type="stmt"/>
        <line num="66" count="3" type="stmt"/>
        <line num="71" count="1" type="stmt"/>
        <line num="72" count="1" type="stmt"/>
        <line num="76" count="20" type="cond" truecount="4" falsecount="0"/>
        <line num="77" count="5" type="stmt"/>
        <line num="78" count="5" type="stmt"/>
        <line num="81" count="15" type="stmt"/>
        <line num="83" count="15" type="cond" truecount="5" falsecount="0"/>
        <line num="84" count="7" type="stmt"/>
        <line num="85" count="7" type="stmt"/>
        <line num="88" count="8" type="stmt"/>
        <line num="89" count="8" type="stmt"/>
        <line num="91" count="8" type="stmt"/>
        <line num="92" count="8" type="stmt"/>
        <line num="97" count="6" type="cond" truecount="4" falsecount="0"/>
        <line num="98" count="4" type="stmt"/>
        <line num="99" count="4" type="stmt"/>
        <line num="100" count="3" type="stmt"/>
        <line num="102" count="3" type="stmt"/>
        <line num="107" count="3" type="stmt"/>
        <line num="109" count="2" type="stmt"/>
        <line num="111" count="2" type="stmt"/>
        <line num="117" count="2" type="stmt"/>
        <line num="120" count="3" type="stmt"/>
        <line num="121" count="3" type="stmt"/>
        <line num="131" count="11" type="stmt"/>
        <line num="132" count="11" type="stmt"/>
        <line num="137" count="11" type="stmt"/>
      </file>
    </package>
    <package name="src.database">
      <metrics statements="36" coveredstatements="36" conditionals="6" coveredconditionals="6" methods="5" coveredmethods="5"/>
      <file name="database.module.ts" path="/home/sohaib/Documents/frms/event-monitoring-service/src/database/database.module.ts">
        <metrics statements="6" coveredstatements="6" conditionals="0" coveredconditionals="0" methods="0" coveredmethods="0"/>
        <line num="3" count="2" type="stmt"/>
        <line num="4" count="2" type="stmt"/>
        <line num="5" count="2" type="stmt"/>
        <line num="6" count="2" type="stmt"/>
        <line num="7" count="2" type="stmt"/>
        <line num="15" count="2" type="stmt"/>
      </file>
      <file name="database.service.ts" path="/home/sohaib/Documents/frms/event-monitoring-service/src/database/database.service.ts">
        <metrics statements="30" coveredstatements="30" conditionals="6" coveredconditionals="6" methods="5" coveredmethods="5"/>
        <line num="3" count="7" type="stmt"/>
        <line num="4" count="7" type="stmt"/>
        <line num="5" count="7" type="stmt"/>
        <line num="7" count="7" type="stmt"/>
        <line num="10" count="7" type="stmt"/>
        <line num="14" count="37" type="stmt"/>
        <line num="15" count="37" type="stmt"/>
        <line num="19" count="32" type="stmt"/>
        <line num="21" count="32" type="cond" truecount="2" falsecount="0"/>
        <line num="22" count="1" type="stmt"/>
        <line num="25" count="31" type="stmt"/>
        <line num="39" count="31" type="stmt"/>
        <line num="40" count="31" type="stmt"/>
        <line num="41" count="30" type="stmt"/>
        <line num="42" count="30" type="stmt"/>
        <line num="44" count="1" type="stmt"/>
        <line num="45" count="1" type="stmt"/>
        <line num="50" count="8" type="cond" truecount="2" falsecount="0"/>
        <line num="51" count="6" type="stmt"/>
        <line num="52" count="5" type="stmt"/>
        <line num="63" count="15" type="stmt"/>
        <line num="64" count="15" type="stmt"/>
        <line num="65" count="15" type="stmt"/>
        <line num="66" count="12" type="stmt"/>
        <line num="67" count="12" type="stmt"/>
        <line num="68" count="12" type="stmt"/>
        <line num="70" count="3" type="stmt"/>
        <line num="71" count="3" type="stmt"/>
        <line num="76" count="3" type="stmt"/>
        <line num="85" count="6" type="stmt"/>
      </file>
    </package>
    <package name="src.dems-engine">
      <metrics statements="259" coveredstatements="229" conditionals="122" coveredconditionals="91" methods="19" coveredmethods="19"/>
      <file name="dems-engine.controller.ts" path="/home/sohaib/Documents/frms/event-monitoring-service/src/dems-engine/dems-engine.controller.ts">
        <metrics statements="29" coveredstatements="29" conditionals="4" coveredconditionals="4" methods="2" coveredmethods="2"/>
        <line num="1" count="3" type="stmt"/>
        <line num="3" count="3" type="stmt"/>
        <line num="4" count="3" type="stmt"/>
        <line num="5" count="3" type="stmt"/>
        <line num="6" count="3" type="stmt"/>
        <line num="7" count="3" type="stmt"/>
        <line num="8" count="3" type="stmt"/>
        <line num="11" count="3" type="stmt"/>
        <line num="15" count="3" type="stmt"/>
        <line num="17" count="22" type="stmt"/>
        <line num="18" count="22" type="stmt"/>
        <line num="36" count="3" type="stmt"/>
        <line num="42" count="45" type="cond" truecount="2" falsecount="0"/>
        <line num="43" count="7" type="stmt"/>
        <line num="47" count="38" type="stmt"/>
        <line num="49" count="38" type="stmt"/>
        <line num="53" count="38" type="stmt"/>
        <line num="55" count="38" type="stmt"/>
        <line num="56" count="38" type="stmt"/>
        <line num="58" count="38" type="cond" truecount="2" falsecount="0"/>
        <line num="59" count="3" type="stmt"/>
        <line num="61" count="3" type="stmt"/>
        <line num="68" count="35" type="stmt"/>
        <line num="69" count="35" type="stmt"/>
        <line num="71" count="7" type="stmt"/>
        <line num="72" count="7" type="stmt"/>
        <line num="78" count="28" type="stmt"/>
        <line num="79" count="28" type="stmt"/>
        <line num="81" count="28" type="stmt"/>
      </file>
      <file name="dems-engine.module.ts" path="/home/sohaib/Documents/frms/event-monitoring-service/src/dems-engine/dems-engine.module.ts">
        <metrics statements="11" coveredstatements="11" conditionals="0" coveredconditionals="0" methods="0" coveredmethods="0"/>
        <line num="1" count="2" type="stmt"/>
        <line num="2" count="2" type="stmt"/>
        <line num="3" count="2" type="stmt"/>
        <line num="4" count="2" type="stmt"/>
        <line num="5" count="2" type="stmt"/>
        <line num="6" count="2" type="stmt"/>
        <line num="7" count="2" type="stmt"/>
        <line num="8" count="2" type="stmt"/>
        <line num="9" count="2" type="stmt"/>
        <line num="10" count="2" type="stmt"/>
        <line num="17" count="2" type="stmt"/>
      </file>
      <file name="dems-engine.service.ts" path="/home/sohaib/Documents/frms/event-monitoring-service/src/dems-engine/dems-engine.service.ts">
        <metrics statements="219" coveredstatements="189" conditionals="118" coveredconditionals="87" methods="17" coveredmethods="17"/>
        <line num="1" count="4" type="stmt"/>
        <line num="2" count="4" type="stmt"/>
        <line num="3" count="4" type="stmt"/>
        <line num="4" count="4" type="stmt"/>
        <line num="5" count="4" type="stmt"/>
        <line num="6" count="4" type="stmt"/>
        <line num="7" count="4" type="stmt"/>
        <line num="8" count="4" type="stmt"/>
        <line num="9" count="4" type="stmt"/>
        <line num="10" count="4" type="stmt"/>
        <line num="11" count="4" type="stmt"/>
        <line num="12" count="4" type="stmt"/>
        <line num="13" count="4" type="stmt"/>
        <line num="14" count="4" type="stmt"/>
        <line num="22" count="4" type="stmt"/>
        <line num="27" count="25" type="stmt"/>
        <line num="28" count="25" type="stmt"/>
        <line num="29" count="25" type="stmt"/>
        <line num="30" count="25" type="stmt"/>
        <line num="31" count="25" type="stmt"/>
        <line num="32" count="25" type="stmt"/>
        <line num="34" count="25" type="stmt"/>
        <line num="35" count="25" type="stmt"/>
        <line num="36" count="25" type="stmt"/>
        <line num="40" count="4" type="stmt"/>
        <line num="41" count="14" type="stmt"/>
        <line num="43" count="14" type="stmt"/>
        <line num="44" count="14" type="stmt"/>
        <line num="46" count="14" type="cond" truecount="2" falsecount="0"/>
        <line num="47" count="3" type="stmt"/>
        <line num="50" count="3" type="cond" truecount="2" falsecount="0"/>
        <line num="51" count="2" type="stmt"/>
        <line num="52" count="2" type="stmt"/>
        <line num="53" count="1" type="stmt"/>
        <line num="55" count="1" type="stmt"/>
        <line num="58" count="1" type="cond" truecount="3" falsecount="1"/>
        <line num="60" count="1" type="stmt"/>
        <line num="61" count="1" type="stmt"/>
        <line num="67" count="12" type="stmt"/>
        <line num="68" count="12" type="stmt"/>
        <line num="69" count="11" type="stmt"/>
        <line num="71" count="11" type="cond" truecount="2" falsecount="0"/>
        <line num="72" count="9" type="stmt"/>
        <line num="73" count="9" type="stmt"/>
        <line num="78" count="9" type="stmt"/>
        <line num="79" count="9" type="stmt"/>
        <line num="82" count="2" type="stmt"/>
        <line num="83" count="2" type="stmt"/>
        <line num="95" count="4" type="stmt"/>
        <line num="102" count="8" type="stmt"/>
        <line num="103" count="8" type="stmt"/>
        <line num="105" count="0" type="stmt"/>
        <line num="106" count="0" type="stmt"/>
        <line num="112" count="8" type="cond" truecount="2" falsecount="0"/>
        <line num="113" count="2" type="stmt"/>
        <line num="114" count="2" type="stmt"/>
        <line num="115" count="2" type="stmt"/>
        <line num="116" count="2" type="stmt"/>
        <line num="119" count="2" type="stmt"/>
        <line num="120" count="2" type="stmt"/>
        <line num="122" count="2" type="stmt"/>
        <line num="125" count="6" type="stmt"/>
        <line num="126" count="6" type="stmt"/>
        <line num="134" count="2" type="stmt"/>
        <line num="136" count="2" type="cond" truecount="2" falsecount="0"/>
        <line num="137" count="2" type="cond" truecount="1" falsecount="1"/>
        <line num="140" count="2" type="cond" truecount="1" falsecount="1"/>
        <line num="141" count="2" type="stmt"/>
        <line num="142" count="0" type="cond" truecount="0" falsecount="2"/>
        <line num="143" count="0" type="stmt"/>
        <line num="144" count="0" type="cond" truecount="0" falsecount="2"/>
        <line num="145" count="0" type="stmt"/>
        <line num="147" count="0" type="stmt"/>
        <line num="161" count="4" type="stmt"/>
        <line num="166" count="6" type="stmt"/>
        <line num="167" count="6" type="stmt"/>
        <line num="181" count="6" type="stmt"/>
        <line num="183" count="6" type="cond" truecount="2" falsecount="0"/>
        <line num="184" count="5" type="stmt"/>
        <line num="185" count="5" type="stmt"/>
        <line num="186" count="11" type="stmt"/>
        <line num="187" count="11" type="cond" truecount="2" falsecount="0"/>
        <line num="188" count="11" type="cond" truecount="2" falsecount="0"/>
        <line num="189" count="11" type="stmt"/>
        <line num="190" count="11" type="stmt"/>
        <line num="192" count="11" type="cond" truecount="2" falsecount="0"/>
        <line num="193" count="1" type="cond" truecount="1" falsecount="1"/>
        <line num="194" count="1" type="stmt"/>
        <line num="196" count="1" type="cond" truecount="1" falsecount="1"/>
        <line num="197" count="0" type="stmt"/>
        <line num="199" count="1" type="stmt"/>
        <line num="202" count="10" type="cond" truecount="4" falsecount="0"/>
        <line num="203" count="1" type="stmt"/>
        <line num="204" count="1" type="stmt"/>
        <line num="206" count="1" type="stmt"/>
        <line num="207" count="2" type="stmt"/>
        <line num="208" count="2" type="stmt"/>
        <line num="210" count="2" type="cond" truecount="1" falsecount="1"/>
        <line num="211" count="0" type="stmt"/>
        <line num="213" count="2" type="cond" truecount="1" falsecount="1"/>
        <line num="214" count="0" type="stmt"/>
        <line num="217" count="1" type="stmt"/>
        <line num="220" count="9" type="cond" truecount="1" falsecount="1"/>
        <line num="221" count="9" type="stmt"/>
        <line num="222" count="9" type="cond" truecount="1" falsecount="1"/>
        <line num="224" count="9" type="stmt"/>
        <line num="225" count="9" type="cond" truecount="2" falsecount="0"/>
        <line num="226" count="3" type="stmt"/>
        <line num="227" count="3" type="cond" truecount="1" falsecount="1"/>
        <line num="228" count="0" type="stmt"/>
        <line num="229" count="0" type="stmt"/>
        <line num="231" count="3" type="stmt"/>
        <line num="233" count="3" type="cond" truecount="1" falsecount="1"/>
        <line num="234" count="0" type="stmt"/>
        <line num="237" count="9" type="cond" truecount="2" falsecount="0"/>
        <line num="238" count="6" type="stmt"/>
        <line num="239" count="6" type="cond" truecount="1" falsecount="1"/>
        <line num="240" count="0" type="stmt"/>
        <line num="241" count="0" type="stmt"/>
        <line num="243" count="6" type="stmt"/>
        <line num="245" count="6" type="cond" truecount="1" falsecount="1"/>
        <line num="246" count="0" type="stmt"/>
        <line num="251" count="9" type="cond" truecount="2" falsecount="0"/>
        <line num="252" count="3" type="cond" truecount="1" falsecount="1"/>
        <line num="253" count="3" type="cond" truecount="1" falsecount="1"/>
        <line num="254" count="0" type="stmt"/>
        <line num="256" count="3" type="stmt"/>
        <line num="260" count="9" type="cond" truecount="2" falsecount="0"/>
        <line num="261" count="6" type="cond" truecount="1" falsecount="1"/>
        <line num="262" count="6" type="cond" truecount="1" falsecount="1"/>
        <line num="263" count="0" type="stmt"/>
        <line num="265" count="6" type="stmt"/>
        <line num="269" count="6" type="cond" truecount="1" falsecount="1"/>
        <line num="271" count="0" type="stmt"/>
        <line num="276" count="0" type="stmt"/>
        <line num="278" count="0" type="stmt"/>
        <line num="285" count="1" type="stmt"/>
        <line num="288" count="6" type="stmt"/>
        <line num="301" count="4" type="stmt"/>
        <line num="302" count="6" type="cond" truecount="2" falsecount="0"/>
        <line num="303" count="4" type="stmt"/>
        <line num="305" count="4" type="stmt"/>
        <line num="306" count="4" type="cond" truecount="1" falsecount="1"/>
        <line num="310" count="4" type="stmt"/>
        <line num="311" count="7" type="stmt"/>
        <line num="312" count="15" type="stmt"/>
        <line num="314" count="15" type="cond" truecount="1" falsecount="1"/>
        <line num="315" count="0" type="stmt"/>
        <line num="316" count="0" type="cond" truecount="0" falsecount="2"/>
        <line num="317" count="0" type="stmt"/>
        <line num="318" count="0" type="stmt"/>
        <line num="319" count="0" type="stmt"/>
        <line num="320" count="0" type="stmt"/>
        <line num="321" count="0" type="stmt"/>
        <line num="326" count="15" type="stmt"/>
        <line num="329" count="6" type="cond" truecount="1" falsecount="1"/>
        <line num="330" count="0" type="stmt"/>
        <line num="333" count="6" type="cond" truecount="1" falsecount="1"/>
        <line num="334" count="0" type="stmt"/>
        <line num="337" count="6" type="stmt"/>
        <line num="338" count="6" type="stmt"/>
        <line num="339" count="6" type="stmt"/>
        <line num="342" count="6" type="stmt"/>
        <line num="343" count="6" type="stmt"/>
        <line num="346" count="3" type="stmt"/>
        <line num="360" count="5" type="stmt"/>
        <line num="375" count="4" type="stmt"/>
        <line num="376" count="7" type="stmt"/>
        <line num="377" count="7" type="stmt"/>
        <line num="383" count="1" type="stmt"/>
        <line num="386" count="6" type="stmt"/>
        <line num="388" count="6" type="cond" truecount="4" falsecount="0"/>
        <line num="389" count="2" type="stmt"/>
        <line num="390" count="4" type="cond" truecount="4" falsecount="0"/>
        <line num="391" count="1" type="stmt"/>
        <line num="392" count="3" type="cond" truecount="4" falsecount="0"/>
        <line num="393" count="2" type="stmt"/>
        <line num="395" count="1" type="stmt"/>
        <line num="398" count="6" type="stmt"/>
        <line num="399" count="6" type="stmt"/>
        <line num="411" count="7" type="stmt"/>
        <line num="420" count="4" type="stmt"/>
        <line num="428" count="12" type="cond" truecount="2" falsecount="0"/>
        <line num="429" count="4" type="stmt"/>
        <line num="430" count="4" type="cond" truecount="2" falsecount="0"/>
        <line num="431" count="1" type="stmt"/>
        <line num="434" count="3" type="stmt"/>
        <line num="435" count="3" type="stmt"/>
        <line num="437" count="3" type="stmt"/>
        <line num="447" count="3" type="stmt"/>
        <line num="448" count="3" type="stmt"/>
        <line num="449" count="3" type="cond" truecount="2" falsecount="0"/>
        <line num="450" count="1" type="stmt"/>
        <line num="452" count="2" type="stmt"/>
        <line num="458" count="10" type="stmt"/>
        <line num="459" count="10" type="stmt"/>
        <line num="460" count="9" type="cond" truecount="2" falsecount="0"/>
        <line num="461" count="1" type="stmt"/>
        <line num="464" count="8" type="stmt"/>
        <line num="466" count="8" type="cond" truecount="2" falsecount="0"/>
        <line num="468" count="2" type="stmt"/>
        <line num="472" count="2" type="stmt"/>
        <line num="475" count="8" type="stmt"/>
        <line num="476" count="8" type="cond" truecount="2" falsecount="0"/>
        <line num="477" count="2" type="cond" truecount="1" falsecount="1"/>
        <line num="480" count="2" type="cond" truecount="1" falsecount="1"/>
        <line num="483" count="6" type="stmt"/>
        <line num="484" count="6" type="stmt"/>
        <line num="486" count="6" type="stmt"/>
        <line num="487" count="6" type="stmt"/>
        <line num="489" count="6" type="stmt"/>
        <line num="490" count="6" type="stmt"/>
        <line num="492" count="2" type="stmt"/>
        <line num="493" count="2" type="stmt"/>
        <line num="496" count="4" type="stmt"/>
        <line num="497" count="4" type="stmt"/>
        <line num="499" count="4" type="stmt"/>
        <line num="509" count="1" type="stmt"/>
        <line num="510" count="1" type="stmt"/>
      </file>
    </package>
    <package name="src.enums">
      <metrics statements="3" coveredstatements="0" conditionals="2" coveredconditionals="0" methods="1" coveredmethods="0"/>
      <file name="configNotifyStatus.enum.ts" path="/home/sohaib/Documents/frms/event-monitoring-service/src/enums/configNotifyStatus.enum.ts">
        <metrics statements="3" coveredstatements="0" conditionals="2" coveredconditionals="0" methods="1" coveredmethods="0"/>
        <line num="1" count="0" type="cond" truecount="0" falsecount="2"/>
        <line num="2" count="0" type="stmt"/>
        <line num="3" count="0" type="stmt"/>
      </file>
    </package>
    <package name="src.logger-service">
      <metrics statements="6" coveredstatements="4" conditionals="0" coveredconditionals="0" methods="1" coveredmethods="0"/>
      <file name="logger-service.module.ts" path="/home/sohaib/Documents/frms/event-monitoring-service/src/logger-service/logger-service.module.ts">
        <metrics statements="6" coveredstatements="4" conditionals="0" coveredconditionals="0" methods="1" coveredmethods="0"/>
        <line num="1" count="2" type="stmt"/>
        <line num="2" count="2" type="stmt"/>
        <line num="3" count="2" type="stmt"/>
        <line num="10" count="0" type="stmt"/>
        <line num="11" count="0" type="stmt"/>
        <line num="17" count="2" type="stmt"/>
      </file>
    </package>
    <package name="src.nats">
      <metrics statements="41" coveredstatements="41" conditionals="8" coveredconditionals="8" methods="7" coveredmethods="7"/>
      <file name="nats.module.ts" path="/home/sohaib/Documents/frms/event-monitoring-service/src/nats/nats.module.ts">
        <metrics statements="4" coveredstatements="4" conditionals="0" coveredconditionals="0" methods="0" coveredmethods="0"/>
        <line num="1" count="2" type="stmt"/>
        <line num="2" count="2" type="stmt"/>
        <line num="3" count="2" type="stmt"/>
        <line num="11" count="2" type="stmt"/>
      </file>
      <file name="nats.service.ts" path="/home/sohaib/Documents/frms/event-monitoring-service/src/nats/nats.service.ts">
        <metrics statements="37" coveredstatements="37" conditionals="8" coveredconditionals="8" methods="7" coveredmethods="7"/>
        <line num="1" count="5" type="stmt"/>
        <line num="2" count="5" type="stmt"/>
        <line num="3" count="5" type="stmt"/>
        <line num="6" count="5" type="stmt"/>
        <line num="8" count="33" type="stmt"/>
        <line num="10" count="33" type="stmt"/>
        <line num="11" count="33" type="stmt"/>
        <line num="16" count="28" type="cond" truecount="2" falsecount="0"/>
        <line num="17" count="3" type="stmt"/>
        <line num="18" count="3" type="stmt"/>
        <line num="21" count="25" type="stmt"/>
        <line num="22" count="25" type="stmt"/>
        <line num="24" count="25" type="stmt"/>
        <line num="25" count="38" type="stmt"/>
        <line num="26" count="38" type="stmt"/>
        <line num="28" count="38" type="stmt"/>
        <line num="30" count="27" type="cond" truecount="2" falsecount="0"/>
        <line num="31" count="7" type="stmt"/>
        <line num="34" count="20" type="stmt"/>
        <line num="35" count="20" type="stmt"/>
        <line num="36" count="20" type="stmt"/>
        <line num="38" count="18" type="stmt"/>
        <line num="40" count="18" type="cond" truecount="2" falsecount="0"/>
        <line num="41" count="5" type="stmt"/>
        <line num="42" count="5" type="stmt"/>
        <line num="45" count="13" type="stmt"/>
        <line num="46" count="13" type="stmt"/>
        <line num="52" count="16" type="stmt"/>
        <line num="55" count="7" type="stmt"/>
        <line num="56" count="7" type="stmt"/>
        <line num="60" count="19" type="cond" truecount="2" falsecount="0"/>
        <line num="61" count="3" type="stmt"/>
        <line num="64" count="16" type="stmt"/>
        <line num="65" count="16" type="stmt"/>
        <line num="67" count="3" type="stmt"/>
        <line num="68" count="3" type="stmt"/>
        <line num="73" count="24" type="stmt"/>
      </file>
    </package>
    <package name="src.redis">
      <metrics statements="20" coveredstatements="20" conditionals="5" coveredconditionals="5" methods="2" coveredmethods="2"/>
      <file name="redis.config.ts" path="/home/sohaib/Documents/frms/event-monitoring-service/src/redis/redis.config.ts">
        <metrics statements="7" coveredstatements="7" conditionals="5" coveredconditionals="5" methods="1" coveredmethods="1"/>
        <line num="4" count="4" type="stmt"/>
        <line num="5" count="10" type="stmt"/>
        <line num="6" count="10" type="stmt"/>
        <line num="7" count="10" type="stmt"/>
        <line num="9" count="10" type="cond" truecount="5" falsecount="0"/>
        <line num="10" count="6" type="stmt"/>
        <line num="13" count="4" type="stmt"/>
      </file>
      <file name="redis.module.ts" path="/home/sohaib/Documents/frms/event-monitoring-service/src/redis/redis.module.ts">
        <metrics statements="13" coveredstatements="13" conditionals="0" coveredconditionals="0" methods="1" coveredmethods="1"/>
        <line num="1" count="3" type="stmt"/>
        <line num="2" count="3" type="stmt"/>
        <line num="3" count="3" type="stmt"/>
        <line num="4" count="3" type="stmt"/>
        <line num="11" count="7" type="stmt"/>
        <line num="12" count="7" type="stmt"/>
        <line num="14" count="6" type="stmt"/>
        <line num="15" count="6" type="stmt"/>
        <line num="16" count="5" type="stmt"/>
        <line num="17" count="5" type="stmt"/>
        <line num="19" count="1" type="stmt"/>
        <line num="20" count="1" type="stmt"/>
        <line num="28" count="3" type="stmt"/>
      </file>
    </package>
    <package name="src.utils">
      <metrics statements="132" coveredstatements="131" conditionals="138" coveredconditionals="124" methods="16" coveredmethods="16"/>
      <file name="extract_message_type.ts" path="/home/sohaib/Documents/frms/event-monitoring-service/src/utils/extract_message_type.ts">
        <metrics statements="4" coveredstatements="4" conditionals="2" coveredconditionals="2" methods="1" coveredmethods="1"/>
        <line num="6" count="5" type="stmt"/>
        <line num="7" count="41" type="stmt"/>
        <line num="8" count="41" type="stmt"/>
        <line num="10" count="41" type="cond" truecount="2" falsecount="0"/>
      </file>
      <file name="has_nested_property.ts" path="/home/sohaib/Documents/frms/event-monitoring-service/src/utils/has_nested_property.ts">
        <metrics statements="10" coveredstatements="10" conditionals="6" coveredconditionals="6" methods="1" coveredmethods="1"/>
        <line num="1" count="5" type="stmt"/>
        <line num="2" count="60" type="stmt"/>
        <line num="3" count="60" type="stmt"/>
        <line num="5" count="60" type="stmt"/>
        <line num="6" count="244" type="cond" truecount="2" falsecount="0"/>
        <line num="7" count="20" type="stmt"/>
        <line num="9" count="224" type="stmt"/>
        <line num="12" count="244" type="cond" truecount="4" falsecount="0"/>
        <line num="13" count="7" type="stmt"/>
        <line num="17" count="53" type="stmt"/>
      </file>
      <file name="transform_endpoint.ts" path="/home/sohaib/Documents/frms/event-monitoring-service/src/utils/transform_endpoint.ts">
        <metrics statements="3" coveredstatements="3" conditionals="3" coveredconditionals="3" methods="2" coveredmethods="2"/>
        <line num="6" count="78" type="stmt"/>
        <line num="8" count="4" type="stmt"/>
        <line num="9" count="93" type="cond" truecount="3" falsecount="0"/>
      </file>
      <file name="xml2js.utils.ts" path="/home/sohaib/Documents/frms/event-monitoring-service/src/utils/xml2js.utils.ts">
        <metrics statements="115" coveredstatements="114" conditionals="127" coveredconditionals="113" methods="12" coveredmethods="12"/>
        <line num="15" count="5" type="stmt"/>
        <line num="16" count="20" type="stmt"/>
        <line num="18" count="20" type="cond" truecount="2" falsecount="0"/>
        <line num="19" count="1" type="cond" truecount="1" falsecount="1"/>
        <line num="20" count="1" type="stmt"/>
        <line num="22" count="1" type="stmt"/>
        <line num="25" count="19" type="stmt"/>
        <line num="26" count="19" type="stmt"/>
        <line num="27" count="19" type="stmt"/>
        <line num="29" count="19" type="cond" truecount="1" falsecount="0"/>
        <line num="30" count="46" type="cond" truecount="3" falsecount="1"/>
        <line num="31" count="0" type="stmt"/>
        <line num="35" count="46" type="cond" truecount="2" falsecount="0"/>
        <line num="36" count="1" type="stmt"/>
        <line num="38" count="45" type="stmt"/>
        <line num="41" count="45" type="cond" truecount="4" falsecount="0"/>
        <line num="42" count="42" type="stmt"/>
        <line num="43" count="71" type="cond" truecount="2" falsecount="0"/>
        <line num="44" count="71" type="stmt"/>
        <line num="47" count="71" type="cond" truecount="4" falsecount="0"/>
        <line num="48" count="1" type="stmt"/>
        <line num="52" count="70" type="cond" truecount="2" falsecount="0"/>
        <line num="53" count="20" type="stmt"/>
        <line num="57" count="70" type="cond" truecount="2" falsecount="0"/>
        <line num="58" count="24" type="stmt"/>
        <line num="62" count="70" type="cond" truecount="4" falsecount="0"/>
        <line num="63" count="15" type="stmt"/>
        <line num="67" count="70" type="cond" truecount="4" falsecount="0"/>
        <line num="68" count="9" type="cond" truecount="4" falsecount="0"/>
        <line num="69" count="4" type="stmt"/>
        <line num="74" count="70" type="cond" truecount="5" falsecount="0"/>
        <line num="75" count="3" type="cond" truecount="3" falsecount="0"/>
        <line num="76" count="3" type="stmt"/>
        <line num="77" count="6" type="cond" truecount="4" falsecount="1"/>
        <line num="78" count="6" type="stmt"/>
        <line num="86" count="45" type="cond" truecount="5" falsecount="0"/>
        <line num="87" count="1" type="cond" truecount="1" falsecount="2"/>
        <line num="88" count="1" type="stmt"/>
        <line num="89" count="2" type="cond" truecount="1" falsecount="1"/>
        <line num="90" count="2" type="stmt"/>
        <line num="95" count="45" type="stmt"/>
        <line num="98" count="19" type="stmt"/>
        <line num="99" count="19" type="stmt"/>
        <line num="101" count="1" type="cond" truecount="1" falsecount="1"/>
        <line num="102" count="1" type="stmt"/>
        <line num="106" count="1" type="stmt"/>
        <line num="119" count="5" type="stmt"/>
        <line num="120" count="10" type="stmt"/>
        <line num="122" count="10" type="cond" truecount="4" falsecount="0"/>
        <line num="123" count="1" type="stmt"/>
        <line num="127" count="9" type="stmt"/>
        <line num="130" count="9" type="stmt"/>
        <line num="131" count="8" type="stmt"/>
        <line num="135" count="9" type="stmt"/>
        <line num="136" count="9" type="stmt"/>
        <line num="139" count="9" type="stmt"/>
        <line num="141" count="1" type="cond" truecount="1" falsecount="1"/>
        <line num="142" count="1" type="stmt"/>
        <line num="146" count="1" type="stmt"/>
        <line num="156" count="5" type="stmt"/>
        <line num="157" count="22" type="stmt"/>
        <line num="159" count="22" type="cond" truecount="4" falsecount="0"/>
        <line num="160" count="1" type="stmt"/>
        <line num="163" count="21" type="stmt"/>
        <line num="164" count="21" type="stmt"/>
        <line num="167" count="21" type="stmt"/>
        <line num="168" count="22" type="cond" truecount="6" falsecount="0"/>
        <line num="169" count="18" type="stmt"/>
        <line num="172" count="4" type="stmt"/>
        <line num="176" count="17" type="stmt"/>
        <line num="179" count="17" type="cond" truecount="5" falsecount="0"/>
        <line num="181" count="13" type="stmt"/>
        <line num="183" count="13" type="cond" truecount="1" falsecount="1"/>
        <line num="184" count="13" type="stmt"/>
        <line num="188" count="1" type="cond" truecount="1" falsecount="1"/>
        <line num="189" count="1" type="stmt"/>
        <line num="191" count="1" type="stmt"/>
        <line num="201" count="5" type="stmt"/>
        <line num="202" count="18" type="stmt"/>
        <line num="204" count="18" type="cond" truecount="4" falsecount="0"/>
        <line num="205" count="1" type="stmt"/>
        <line num="208" count="17" type="stmt"/>
        <line num="209" count="17" type="stmt"/>
        <line num="212" count="17" type="stmt"/>
        <line num="213" count="12" type="cond" truecount="6" falsecount="0"/>
        <line num="214" count="10" type="stmt"/>
        <line num="217" count="2" type="stmt"/>
        <line num="221" count="15" type="stmt"/>
        <line num="224" count="15" type="cond" truecount="5" falsecount="0"/>
        <line num="226" count="9" type="stmt"/>
        <line num="228" count="9" type="cond" truecount="1" falsecount="1"/>
        <line num="229" count="9" type="stmt"/>
        <line num="233" count="1" type="cond" truecount="1" falsecount="1"/>
        <line num="234" count="1" type="stmt"/>
        <line num="236" count="1" type="stmt"/>
        <line num="246" count="5" type="stmt"/>
        <line num="247" count="13" type="stmt"/>
        <line num="248" count="13" type="cond" truecount="1" falsecount="0"/>
        <line num="249" count="1031" type="cond" truecount="2" falsecount="0"/>
        <line num="250" count="1031" type="cond" truecount="2" falsecount="0"/>
        <line num="254" count="27" type="cond" truecount="2" falsecount="0"/>
        <line num="255" count="23" type="stmt"/>
        <line num="257" count="23" type="cond" truecount="2" falsecount="0"/>
        <line num="258" count="4" type="stmt"/>
        <line num="261" count="19" type="cond" truecount="4" falsecount="0"/>
        <line num="262" count="13" type="stmt"/>
        <line num="265" count="10" type="stmt"/>
        <line num="269" count="5" type="stmt"/>
        <line num="270" count="52" type="stmt"/>
        <line num="272" count="52" type="cond" truecount="4" falsecount="0"/>
        <line num="273" count="1" type="stmt"/>
        <line num="276" count="51" type="stmt"/>
        <line num="278" count="2" type="cond" truecount="1" falsecount="1"/>
        <line num="279" count="2" type="stmt"/>
        <line num="281" count="2" type="stmt"/>
      </file>
    </package>
  </project>
</coverage>
