{"/home/sohaib/Documents/frms/event-monitoring-service/src/app.controller.ts": {"path":"/home/sohaib/Documents/frms/event-monitoring-service/src/app.controller.ts","statementMap":{"0":{"start":{"line":1,"column":0},"end":{"line":1,"column":60}},"1":{"start":{"line":2,"column":0},"end":{"line":2,"column":43}},"2":{"start":{"line":3,"column":0},"end":{"line":3,"column":59}},"3":{"start":{"line":6,"column":7},"end":{"line":14,"column":null}},"4":{"start":{"line":7,"column":31},"end":{"line":7,"column":43}},"5":{"start":{"line":12,"column":4},"end":{"line":12,"column":38}},"6":{"start":{"line":6,"column":13},"end":{"line":6,"column":26}},"7":{"start":{"line":11,"column":2},"end":{"line":13,"column":null}},"8":{"start":{"line":6,"column":13},"end":{"line":14,"column":null}}},"fnMap":{"0":{"name":"(anonymous_2)","decl":{"start":{"line":7,"column":2},"end":{"line":7,"column":31}},"loc":{"start":{"line":7,"column":53},"end":{"line":7,"column":57}}},"1":{"name":"(anonymous_3)","decl":{"start":{"line":11,"column":2},"end":{"line":11,"column":10}},"loc":{"start":{"line":11,"column":10},"end":{"line":13,"column":3}}}},"branchMap":{},"s":{"0":3,"1":3,"2":3,"3":3,"4":36,"5":1177,"6":3,"7":3,"8":3},"f":{"0":36,"1":1177},"b":{}}
,"/home/sohaib/Documents/frms/event-monitoring-service/src/app.module.ts": {"path":"/home/sohaib/Documents/frms/event-monitoring-service/src/app.module.ts","statementMap":{"0":{"start":{"line":1,"column":0},"end":{"line":1,"column":40}},"1":{"start":{"line":2,"column":0},"end":{"line":2,"column":46}},"2":{"start":{"line":3,"column":0},"end":{"line":3,"column":49}},"3":{"start":{"line":4,"column":0},"end":{"line":4,"column":43}},"4":{"start":{"line":5,"column":0},"end":{"line":5,"column":74}},"5":{"start":{"line":6,"column":0},"end":{"line":6,"column":70}},"6":{"start":{"line":7,"column":0},"end":{"line":7,"column":48}},"7":{"start":{"line":8,"column":0},"end":{"line":8,"column":68}},"8":{"start":{"line":9,"column":0},"end":{"line":9,"column":48}},"9":{"start":{"line":10,"column":0},"end":{"line":10,"column":60}},"10":{"start":{"line":11,"column":0},"end":{"line":11,"column":45}},"11":{"start":{"line":12,"column":0},"end":{"line":12,"column":62}},"12":{"start":{"line":33,"column":7},"end":{"line":33,"column":null}},"13":{"start":{"line":33,"column":13},"end":{"line":33,"column":22}},"14":{"start":{"line":33,"column":13},"end":{"line":33,"column":null}}},"fnMap":{},"branchMap":{},"s":{"0":2,"1":2,"2":2,"3":2,"4":2,"5":2,"6":2,"7":2,"8":2,"9":2,"10":2,"11":2,"12":2,"13":2,"14":2},"f":{},"b":{}}
,"/home/sohaib/Documents/frms/event-monitoring-service/src/app.service.ts": {"path":"/home/sohaib/Documents/frms/event-monitoring-service/src/app.service.ts","statementMap":{"0":{"start":{"line":1,"column":0},"end":{"line":1,"column":44}},"1":{"start":{"line":4,"column":7},"end":{"line":8,"column":null}},"2":{"start":{"line":6,"column":4},"end":{"line":6,"column":26}},"3":{"start":{"line":4,"column":13},"end":{"line":4,"column":23}},"4":{"start":{"line":4,"column":13},"end":{"line":8,"column":null}}},"fnMap":{"0":{"name":"(anonymous_1)","decl":{"start":{"line":5,"column":2},"end":{"line":5,"column":10}},"loc":{"start":{"line":5,"column":10},"end":{"line":7,"column":3}}}},"branchMap":{},"s":{"0":4,"1":4,"2":1128,"3":4,"4":4},"f":{"0":1128},"b":{}}
,"/home/sohaib/Documents/frms/event-monitoring-service/src/main.ts": {"path":"/home/sohaib/Documents/frms/event-monitoring-service/src/main.ts","statementMap":{"0":{"start":{"line":14,"column":0},"end":{"line":14,"column":7}},"1":{"start":{"line":1,"column":0},"end":{"line":1,"column":32}},"2":{"start":{"line":3,"column":0},"end":{"line":3,"column":43}},"3":{"start":{"line":4,"column":0},"end":{"line":4,"column":47}},"4":{"start":{"line":5,"column":0},"end":{"line":5,"column":41}},"5":{"start":{"line":6,"column":0},"end":{"line":6,"column":48}},"6":{"start":{"line":7,"column":0},"end":{"line":7,"column":55}},"7":{"start":{"line":8,"column":0},"end":{"line":8,"column":47}},"8":{"start":{"line":9,"column":0},"end":{"line":9,"column":35}},"9":{"start":{"line":10,"column":0},"end":{"line":10,"column":9}},"10":{"start":{"line":12,"column":24},"end":{"line":12,"column":25}},"11":{"start":{"line":15,"column":14},"end":{"line":15,"column":49}},"12":{"start":{"line":16,"column":24},"end":{"line":16,"column":46}},"13":{"start":{"line":19,"column":21},"end":{"line":19,"column":40}},"14":{"start":{"line":20,"column":2},"end":{"line":20,"column":60}},"15":{"start":{"line":23,"column":2},"end":{"line":27,"column":4}},"16":{"start":{"line":29,"column":2},"end":{"line":35,"column":4}},"17":{"start":{"line":37,"column":15},"end":{"line":37,"column":54}},"18":{"start":{"line":38,"column":2},"end":{"line":38,"column":25}},"19":{"start":{"line":40,"column":0},"end":{"line":44,"column":3}},"20":{"start":{"line":41,"column":23},"end":{"line":41,"column":77}},"21":{"start":{"line":42,"column":2},"end":{"line":42,"column":73}},"22":{"start":{"line":43,"column":2},"end":{"line":43,"column":32}}},"fnMap":{"0":{"name":"bootstrap","decl":{"start":{"line":14,"column":22},"end":{"line":14,"column":31}},"loc":{"start":{"line":14,"column":31},"end":{"line":39,"column":1}}},"1":{"name":"(anonymous_10)","decl":{"start":{"line":40,"column":18},"end":{"line":40,"column":19}},"loc":{"start":{"line":40,"column":37},"end":{"line":44,"column":1}}}},"branchMap":{"0":{"loc":{"start":{"line":41,"column":23},"end":{"line":41,"column":77}},"type":"cond-expr","locations":[{"start":{"line":41,"column":48},"end":{"line":41,"column":61}},{"start":{"line":41,"column":64},"end":{"line":41,"column":77}}]}},"s":{"0":1,"1":1,"2":1,"3":1,"4":1,"5":1,"6":1,"7":1,"8":1,"9":1,"10":1,"11":12,"12":11,"13":11,"14":11,"15":11,"16":11,"17":11,"18":11,"19":1,"20":0,"21":0,"22":0},"f":{"0":12,"1":0},"b":{"0":[0,0]}}
,"/home/sohaib/Documents/frms/event-monitoring-service/src/apm/apm.decorators.ts": {"path":"/home/sohaib/Documents/frms/event-monitoring-service/src/apm/apm.decorators.ts","statementMap":{"0":{"start":{"line":24,"column":0},"end":{"line":24,"column":16}},"1":{"start":{"line":3,"column":0},"end":{"line":3,"column":44}},"2":{"start":{"line":4,"column":0},"end":{"line":4,"column":43}},"3":{"start":{"line":25,"column":2},"end":{"line":63,"column":4}},"4":{"start":{"line":26,"column":27},"end":{"line":26,"column":43}},"5":{"start":{"line":28,"column":4},"end":{"line":60,"column":6}},"6":{"start":{"line":33,"column":6},"end":{"line":35,"column":7}},"7":{"start":{"line":34,"column":8},"end":{"line":34,"column":46}},"8":{"start":{"line":37,"column":6},"end":{"line":40,"column":7}},"9":{"start":{"line":39,"column":8},"end":{"line":39,"column":48}},"10":{"start":{"line":42,"column":32},"end":{"line":42,"column":62}},"11":{"start":{"line":44,"column":6},"end":{"line":59,"column":7}},"12":{"start":{"line":45,"column":23},"end":{"line":45,"column":61}},"13":{"start":{"line":47,"column":8},"end":{"line":50,"column":9}},"14":{"start":{"line":48,"column":10},"end":{"line":48,"column":37}},"15":{"start":{"line":49,"column":10},"end":{"line":49,"column":21}},"16":{"start":{"line":52,"column":8},"end":{"line":52,"column":22}},"17":{"start":{"line":54,"column":8},"end":{"line":57,"column":9}},"18":{"start":{"line":55,"column":10},"end":{"line":55,"column":37}},"19":{"start":{"line":56,"column":10},"end":{"line":56,"column":21}},"20":{"start":{"line":58,"column":8},"end":{"line":58,"column":20}},"21":{"start":{"line":62,"column":4},"end":{"line":62,"column":22}},"22":{"start":{"line":87,"column":7},"end":{"line":143,"column":null}},"23":{"start":{"line":88,"column":33},"end":{"line":88,"column":45}},"24":{"start":{"line":97,"column":17},"end":{"line":97,"column":52}},"25":{"start":{"line":99,"column":4},"end":{"line":114,"column":5}},"26":{"start":{"line":100,"column":21},"end":{"line":100,"column":31}},"27":{"start":{"line":102,"column":6},"end":{"line":105,"column":7}},"28":{"start":{"line":103,"column":8},"end":{"line":103,"column":35}},"29":{"start":{"line":104,"column":8},"end":{"line":104,"column":19}},"30":{"start":{"line":107,"column":6},"end":{"line":107,"column":20}},"31":{"start":{"line":109,"column":6},"end":{"line":112,"column":7}},"32":{"start":{"line":110,"column":8},"end":{"line":110,"column":35}},"33":{"start":{"line":111,"column":8},"end":{"line":111,"column":19}},"34":{"start":{"line":113,"column":6},"end":{"line":113,"column":18}},"35":{"start":{"line":124,"column":17},"end":{"line":124,"column":52}},"36":{"start":{"line":126,"column":4},"end":{"line":141,"column":5}},"37":{"start":{"line":127,"column":21},"end":{"line":127,"column":25}},"38":{"start":{"line":129,"column":6},"end":{"line":132,"column":7}},"39":{"start":{"line":130,"column":8},"end":{"line":130,"column":35}},"40":{"start":{"line":131,"column":8},"end":{"line":131,"column":19}},"41":{"start":{"line":134,"column":6},"end":{"line":134,"column":20}},"42":{"start":{"line":136,"column":6},"end":{"line":139,"column":7}},"43":{"start":{"line":137,"column":8},"end":{"line":137,"column":35}},"44":{"start":{"line":138,"column":8},"end":{"line":138,"column":19}},"45":{"start":{"line":140,"column":6},"end":{"line":140,"column":18}},"46":{"start":{"line":87,"column":22},"end":{"line":87,"column":37}},"47":{"start":{"line":87,"column":22},"end":{"line":143,"column":null}}},"fnMap":{"0":{"name":"ApmSpan","decl":{"start":{"line":24,"column":16},"end":{"line":24,"column":23}},"loc":{"start":{"line":24,"column":40},"end":{"line":64,"column":1}}},"1":{"name":"(anonymous_3)","decl":{"start":{"line":25,"column":9},"end":{"line":25,"column":19}},"loc":{"start":{"line":25,"column":83},"end":{"line":63,"column":3}}},"2":{"name":"(anonymous_4)","decl":{"start":{"line":28,"column":23},"end":{"line":28,"column":28}},"loc":{"start":{"line":28,"column":53},"end":{"line":60,"column":5}}},"3":{"name":"(anonymous_5)","decl":{"start":{"line":88,"column":2},"end":{"line":88,"column":33}},"loc":{"start":{"line":88,"column":55},"end":{"line":88,"column":59}}},"4":{"name":"(anonymous_6)","decl":{"start":{"line":96,"column":12},"end":{"line":96,"column":17}},"loc":{"start":{"line":96,"column":68},"end":{"line":115,"column":3}}},"5":{"name":"(anonymous_7)","decl":{"start":{"line":123,"column":12},"end":{"line":123,"column":24}},"loc":{"start":{"line":123,"column":57},"end":{"line":142,"column":3}}}},"branchMap":{"0":{"loc":{"start":{"line":33,"column":6},"end":{"line":35,"column":7}},"type":"if","locations":[{"start":{"line":33,"column":6},"end":{"line":35,"column":7}},{"start":{},"end":{}}]},"1":{"loc":{"start":{"line":33,"column":10},"end":{"line":33,"column":66}},"type":"binary-expr","locations":[{"start":{"line":33,"column":10},"end":{"line":33,"column":14}},{"start":{"line":33,"column":18},"end":{"line":33,"column":42}},{"start":{"line":33,"column":46},"end":{"line":33,"column":66}}]},"2":{"loc":{"start":{"line":37,"column":6},"end":{"line":40,"column":7}},"type":"if","locations":[{"start":{"line":37,"column":6},"end":{"line":40,"column":7}},{"start":{},"end":{}}]},"3":{"loc":{"start":{"line":47,"column":8},"end":{"line":50,"column":9}},"type":"if","locations":[{"start":{"line":47,"column":8},"end":{"line":50,"column":9}},{"start":{},"end":{}}]},"4":{"loc":{"start":{"line":54,"column":8},"end":{"line":57,"column":9}},"type":"if","locations":[{"start":{"line":54,"column":8},"end":{"line":57,"column":9}},{"start":{},"end":{}}]},"5":{"loc":{"start":{"line":102,"column":6},"end":{"line":105,"column":7}},"type":"if","locations":[{"start":{"line":102,"column":6},"end":{"line":105,"column":7}},{"start":{},"end":{}}]},"6":{"loc":{"start":{"line":109,"column":6},"end":{"line":112,"column":7}},"type":"if","locations":[{"start":{"line":109,"column":6},"end":{"line":112,"column":7}},{"start":{},"end":{}}]},"7":{"loc":{"start":{"line":129,"column":6},"end":{"line":132,"column":7}},"type":"if","locations":[{"start":{"line":129,"column":6},"end":{"line":132,"column":7}},{"start":{},"end":{}}]},"8":{"loc":{"start":{"line":136,"column":6},"end":{"line":139,"column":7}},"type":"if","locations":[{"start":{"line":136,"column":6},"end":{"line":139,"column":7}},{"start":{},"end":{}}]}},"s":{"0":6,"1":6,"2":6,"3":33,"4":33,"5":33,"6":62,"7":8,"8":62,"9":55,"10":7,"11":7,"12":7,"13":5,"14":4,"15":4,"16":5,"17":2,"18":1,"19":1,"20":2,"21":33,"22":6,"23":11,"24":4,"25":4,"26":4,"27":3,"28":2,"29":2,"30":3,"31":1,"32":1,"33":1,"34":1,"35":3,"36":3,"37":3,"38":2,"39":1,"40":1,"41":2,"42":1,"43":1,"44":1,"45":1,"46":6,"47":6},"f":{"0":33,"1":33,"2":62,"3":11,"4":4,"5":3},"b":{"0":[8,54],"1":[62,62,62],"2":[55,7],"3":[4,1],"4":[1,1],"5":[2,1],"6":[1,0],"7":[1,1],"8":[1,0]}}
,"/home/sohaib/Documents/frms/event-monitoring-service/src/apm/apm.interceptor.ts": {"path":"/home/sohaib/Documents/frms/event-monitoring-service/src/apm/apm.interceptor.ts","statementMap":{"0":{"start":{"line":3,"column":0},"end":{"line":3,"column":92}},"1":{"start":{"line":4,"column":0},"end":{"line":4,"column":46}},"2":{"start":{"line":5,"column":0},"end":{"line":5,"column":49}},"3":{"start":{"line":6,"column":0},"end":{"line":6,"column":43}},"4":{"start":{"line":7,"column":0},"end":{"line":7,"column":57}},"5":{"start":{"line":11,"column":7},"end":{"line":61,"column":null}},"6":{"start":{"line":12,"column":31},"end":{"line":12,"column":43}},"7":{"start":{"line":15,"column":20},"end":{"line":15,"column":64}},"8":{"start":{"line":16,"column":21},"end":{"line":16,"column":67}},"9":{"start":{"line":19,"column":22},"end":{"line":19,"column":56}},"10":{"start":{"line":20,"column":28},"end":{"line":20,"column":60}},"11":{"start":{"line":22,"column":44},"end":{"line":22,"column":93}},"12":{"start":{"line":25,"column":4},"end":{"line":31,"column":5}},"13":{"start":{"line":26,"column":6},"end":{"line":30,"column":9}},"14":{"start":{"line":33,"column":4},"end":{"line":59,"column":6}},"15":{"start":{"line":35,"column":8},"end":{"line":42,"column":9}},"16":{"start":{"line":36,"column":10},"end":{"line":36,"column":41}},"17":{"start":{"line":37,"column":10},"end":{"line":37,"column":44}},"18":{"start":{"line":38,"column":10},"end":{"line":40,"column":13}},"19":{"start":{"line":41,"column":10},"end":{"line":41,"column":28}},"20":{"start":{"line":45,"column":8},"end":{"line":56,"column":9}},"21":{"start":{"line":47,"column":10},"end":{"line":47,"column":34}},"22":{"start":{"line":48,"column":10},"end":{"line":48,"column":39}},"23":{"start":{"line":49,"column":10},"end":{"line":49,"column":44}},"24":{"start":{"line":50,"column":10},"end":{"line":54,"column":13}},"25":{"start":{"line":55,"column":10},"end":{"line":55,"column":28}},"26":{"start":{"line":57,"column":8},"end":{"line":57,"column":39}},"27":{"start":{"line":57,"column":32},"end":{"line":57,"column":37}},"28":{"start":{"line":11,"column":13},"end":{"line":11,"column":27}},"29":{"start":{"line":11,"column":13},"end":{"line":61,"column":null}}},"fnMap":{"0":{"name":"(anonymous_3)","decl":{"start":{"line":12,"column":2},"end":{"line":12,"column":31}},"loc":{"start":{"line":12,"column":53},"end":{"line":12,"column":57}}},"1":{"name":"(anonymous_4)","decl":{"start":{"line":14,"column":2},"end":{"line":14,"column":11}},"loc":{"start":{"line":14,"column":56},"end":{"line":60,"column":3}}},"2":{"name":"(anonymous_5)","decl":{"start":{"line":34,"column":10},"end":{"line":34,"column":13}},"loc":{"start":{"line":34,"column":15},"end":{"line":43,"column":7}}},"3":{"name":"(anonymous_6)","decl":{"start":{"line":44,"column":17},"end":{"line":44,"column":18}},"loc":{"start":{"line":44,"column":34},"end":{"line":58,"column":7}}},"4":{"name":"(anonymous_7)","decl":{"start":{"line":57,"column":26},"end":{"line":57,"column":29}},"loc":{"start":{"line":57,"column":32},"end":{"line":57,"column":37}}}},"branchMap":{"0":{"loc":{"start":{"line":19,"column":22},"end":{"line":19,"column":56}},"type":"binary-expr","locations":[{"start":{"line":19,"column":22},"end":{"line":19,"column":41}},{"start":{"line":19,"column":45},"end":{"line":19,"column":56}}]},"1":{"loc":{"start":{"line":25,"column":4},"end":{"line":31,"column":5}},"type":"if","locations":[{"start":{"line":25,"column":4},"end":{"line":31,"column":5}},{"start":{},"end":{}}]},"2":{"loc":{"start":{"line":29,"column":22},"end":{"line":29,"column":60}},"type":"binary-expr","locations":[{"start":{"line":29,"column":22},"end":{"line":29,"column":47}},{"start":{"line":29,"column":51},"end":{"line":29,"column":60}}]},"3":{"loc":{"start":{"line":35,"column":8},"end":{"line":42,"column":9}},"type":"if","locations":[{"start":{"line":35,"column":8},"end":{"line":42,"column":9}},{"start":{},"end":{}}]},"4":{"loc":{"start":{"line":45,"column":8},"end":{"line":56,"column":9}},"type":"if","locations":[{"start":{"line":45,"column":8},"end":{"line":56,"column":9}},{"start":{},"end":{}}]},"5":{"loc":{"start":{"line":53,"column":32},"end":{"line":53,"column":58}},"type":"binary-expr","locations":[{"start":{"line":53,"column":32},"end":{"line":53,"column":51}},{"start":{"line":53,"column":55},"end":{"line":53,"column":58}}]}},"s":{"0":3,"1":3,"2":3,"3":3,"4":3,"5":3,"6":13,"7":18,"8":18,"9":18,"10":18,"11":18,"12":18,"13":16,"14":18,"15":14,"16":13,"17":13,"18":13,"19":13,"20":4,"21":3,"22":3,"23":3,"24":3,"25":3,"26":4,"27":4,"28":3,"29":3},"f":{"0":13,"1":18,"2":14,"3":4,"4":4},"b":{"0":[18,1],"1":[16,2],"2":[16,1],"3":[13,1],"4":[3,1],"5":[3,1]}}
,"/home/sohaib/Documents/frms/event-monitoring-service/src/apm/apm.module.ts": {"path":"/home/sohaib/Documents/frms/event-monitoring-service/src/apm/apm.module.ts","statementMap":{"0":{"start":{"line":3,"column":0},"end":{"line":3,"column":48}},"1":{"start":{"line":4,"column":0},"end":{"line":4,"column":46}},"2":{"start":{"line":5,"column":0},"end":{"line":5,"column":43}},"3":{"start":{"line":18,"column":7},"end":{"line":18,"column":null}},"4":{"start":{"line":18,"column":13},"end":{"line":18,"column":22}},"5":{"start":{"line":18,"column":13},"end":{"line":18,"column":null}}},"fnMap":{},"branchMap":{},"s":{"0":4,"1":4,"2":4,"3":4,"4":4,"5":4},"f":{},"b":{}}
,"/home/sohaib/Documents/frms/event-monitoring-service/src/apm/apm.service.ts": {"path":"/home/sohaib/Documents/frms/event-monitoring-service/src/apm/apm.service.ts","statementMap":{"0":{"start":{"line":3,"column":0},"end":{"line":3,"column":58}},"1":{"start":{"line":4,"column":0},"end":{"line":4,"column":47}},"2":{"start":{"line":5,"column":0},"end":{"line":5,"column":63}},"3":{"start":{"line":9,"column":7},"end":{"line":42,"column":null}},"4":{"start":{"line":12,"column":31},"end":{"line":12,"column":46}},"5":{"start":{"line":15,"column":4},"end":{"line":21,"column":7}},"6":{"start":{"line":31,"column":4},"end":{"line":31,"column":52}},"7":{"start":{"line":40,"column":4},"end":{"line":40,"column":36}},"8":{"start":{"line":9,"column":13},"end":{"line":9,"column":23}},"9":{"start":{"line":9,"column":13},"end":{"line":42,"column":null}}},"fnMap":{"0":{"name":"(anonymous_2)","decl":{"start":{"line":12,"column":2},"end":{"line":12,"column":31}},"loc":{"start":{"line":12,"column":59},"end":{"line":12,"column":63}}},"1":{"name":"(anonymous_3)","decl":{"start":{"line":14,"column":2},"end":{"line":14,"column":14}},"loc":{"start":{"line":14,"column":14},"end":{"line":22,"column":3}}},"2":{"name":"(anonymous_4)","decl":{"start":{"line":30,"column":2},"end":{"line":30,"column":18}},"loc":{"start":{"line":30,"column":61},"end":{"line":32,"column":3}}},"3":{"name":"(anonymous_5)","decl":{"start":{"line":39,"column":2},"end":{"line":39,"column":11}},"loc":{"start":{"line":39,"column":24},"end":{"line":41,"column":3}}}},"branchMap":{},"s":{"0":9,"1":9,"2":9,"3":9,"4":30,"5":14,"6":9,"7":10,"8":9,"9":9},"f":{"0":30,"1":14,"2":9,"3":10},"b":{}}
,"/home/sohaib/Documents/frms/event-monitoring-service/src/apm/index.ts": {"path":"/home/sohaib/Documents/frms/event-monitoring-service/src/apm/index.ts","statementMap":{"0":{"start":{"line":3,"column":0},"end":{"line":3,"column":9}},"1":{"start":{"line":3,"column":9},"end":{"line":3,"column":41}},"2":{"start":{"line":4,"column":0},"end":{"line":4,"column":9}},"3":{"start":{"line":4,"column":9},"end":{"line":4,"column":43}},"4":{"start":{"line":5,"column":0},"end":{"line":5,"column":9}},"5":{"start":{"line":5,"column":9},"end":{"line":5,"column":51}},"6":{"start":{"line":6,"column":0},"end":{"line":6,"column":9}},"7":{"start":{"line":6,"column":9},"end":{"line":6,"column":18}},"8":{"start":{"line":6,"column":18},"end":{"line":6,"column":60}}},"fnMap":{"0":{"name":"(anonymous_0)","decl":{"start":{"line":3,"column":9},"end":{"line":3,"column":18}},"loc":{"start":{"line":3,"column":9},"end":{"line":3,"column":41}}},"1":{"name":"(anonymous_1)","decl":{"start":{"line":4,"column":9},"end":{"line":4,"column":19}},"loc":{"start":{"line":4,"column":9},"end":{"line":4,"column":43}}},"2":{"name":"(anonymous_2)","decl":{"start":{"line":5,"column":9},"end":{"line":5,"column":23}},"loc":{"start":{"line":5,"column":9},"end":{"line":5,"column":51}}},"3":{"name":"(anonymous_3)","decl":{"start":{"line":6,"column":9},"end":{"line":6,"column":16}},"loc":{"start":{"line":6,"column":9},"end":{"line":6,"column":18}}},"4":{"name":"(anonymous_4)","decl":{"start":{"line":6,"column":18},"end":{"line":6,"column":33}},"loc":{"start":{"line":6,"column":18},"end":{"line":6,"column":60}}}},"branchMap":{},"s":{"0":1,"1":3,"2":1,"3":3,"4":1,"5":3,"6":1,"7":3,"8":3},"f":{"0":2,"1":2,"2":2,"3":2,"4":2},"b":{}}
,"/home/sohaib/Documents/frms/event-monitoring-service/src/auth/auth.decorator.ts": {"path":"/home/sohaib/Documents/frms/event-monitoring-service/src/auth/auth.decorator.ts","statementMap":{"0":{"start":{"line":1,"column":0},"end":{"line":1,"column":45}},"1":{"start":{"line":3,"column":13},"end":{"line":3,"column":35}},"2":{"start":{"line":9,"column":29},"end":{"line":9,"column":85}},"3":{"start":{"line":9,"column":54},"end":{"line":9,"column":85}},"4":{"start":{"line":9,"column":13},"end":{"line":9,"column":29}},"5":{"start":{"line":15,"column":13},"end":{"line":17,"column":12}},"6":{"start":{"line":22,"column":36},"end":{"line":22,"column":89}},"7":{"start":{"line":22,"column":42},"end":{"line":22,"column":89}},"8":{"start":{"line":22,"column":13},"end":{"line":22,"column":36}}},"fnMap":{"0":{"name":"(anonymous_0)","decl":{"start":{"line":9,"column":29},"end":{"line":9,"column":30}},"loc":{"start":{"line":9,"column":54},"end":{"line":9,"column":85}}},"1":{"name":"(anonymous_1)","decl":{"start":{"line":22,"column":36},"end":{"line":22,"column":39}},"loc":{"start":{"line":22,"column":42},"end":{"line":22,"column":89}}}},"branchMap":{},"s":{"0":7,"1":7,"2":7,"3":16,"4":7,"5":7,"6":7,"7":6,"8":7},"f":{"0":16,"1":6},"b":{}}
,"/home/sohaib/Documents/frms/event-monitoring-service/src/auth/auth.module.ts": {"path":"/home/sohaib/Documents/frms/event-monitoring-service/src/auth/auth.module.ts","statementMap":{"0":{"start":{"line":1,"column":0},"end":{"line":1,"column":40}},"1":{"start":{"line":2,"column":0},"end":{"line":2,"column":46}},"2":{"start":{"line":3,"column":0},"end":{"line":3,"column":54}},"3":{"start":{"line":10,"column":7},"end":{"line":10,"column":null}},"4":{"start":{"line":10,"column":13},"end":{"line":10,"column":23}},"5":{"start":{"line":10,"column":13},"end":{"line":10,"column":null}}},"fnMap":{},"branchMap":{},"s":{"0":3,"1":3,"2":3,"3":3,"4":3,"5":3},"f":{},"b":{}}
,"/home/sohaib/Documents/frms/event-monitoring-service/src/auth/tazama-auth.guard.ts": {"path":"/home/sohaib/Documents/frms/event-monitoring-service/src/auth/tazama-auth.guard.ts","statementMap":{"0":{"start":{"line":1,"column":0},"end":{"line":1,"column":106}},"1":{"start":{"line":2,"column":0},"end":{"line":2,"column":41}},"2":{"start":{"line":3,"column":0},"end":{"line":3,"column":61}},"3":{"start":{"line":5,"column":0},"end":{"line":5,"column":46}},"4":{"start":{"line":6,"column":0},"end":{"line":6,"column":38}},"5":{"start":{"line":9,"column":28},"end":{"line":132,"column":null}},"6":{"start":{"line":14,"column":22},"end":{"line":14,"column":33}},"7":{"start":{"line":10,"column":19},"end":{"line":10,"column":61}},"8":{"start":{"line":12,"column":19},"end":{"line":12,"column":71}},"9":{"start":{"line":18,"column":27},"end":{"line":18,"column":125}},"10":{"start":{"line":20,"column":20},"end":{"line":20,"column":55}},"11":{"start":{"line":21,"column":23},"end":{"line":21,"column":52}},"12":{"start":{"line":24,"column":4},"end":{"line":27,"column":5}},"13":{"start":{"line":25,"column":6},"end":{"line":25,"column":69}},"14":{"start":{"line":26,"column":6},"end":{"line":26,"column":66}},"15":{"start":{"line":30,"column":4},"end":{"line":33,"column":5}},"16":{"start":{"line":31,"column":6},"end":{"line":31,"column":93}},"17":{"start":{"line":32,"column":6},"end":{"line":32,"column":70}},"18":{"start":{"line":35,"column":4},"end":{"line":100,"column":5}},"19":{"start":{"line":36,"column":25},"end":{"line":36,"column":46}},"20":{"start":{"line":37,"column":6},"end":{"line":40,"column":7}},"21":{"start":{"line":38,"column":8},"end":{"line":38,"column":77}},"22":{"start":{"line":39,"column":8},"end":{"line":39,"column":74}},"23":{"start":{"line":42,"column":20},"end":{"line":42,"column":33}},"24":{"start":{"line":44,"column":31},"end":{"line":44,"column":45}},"25":{"start":{"line":47,"column":47},"end":{"line":47,"column":94}},"26":{"start":{"line":49,"column":27},"end":{"line":49,"column":32}},"27":{"start":{"line":50,"column":34},"end":{"line":50,"column":36}},"28":{"start":{"line":51,"column":36},"end":{"line":51,"column":38}},"29":{"start":{"line":53,"column":6},"end":{"line":66,"column":7}},"30":{"start":{"line":55,"column":29},"end":{"line":55,"column":78}},"31":{"start":{"line":55,"column":61},"end":{"line":55,"column":77}},"32":{"start":{"line":56,"column":8},"end":{"line":56,"column":73}},"33":{"start":{"line":56,"column":55},"end":{"line":56,"column":71}},"34":{"start":{"line":57,"column":8},"end":{"line":57,"column":76}},"35":{"start":{"line":57,"column":57},"end":{"line":57,"column":74}},"36":{"start":{"line":58,"column":8},"end":{"line":58,"column":38}},"37":{"start":{"line":60,"column":8},"end":{"line":65,"column":9}},"38":{"start":{"line":61,"column":10},"end":{"line":64,"column":12}},"39":{"start":{"line":68,"column":6},"end":{"line":70,"column":7}},"40":{"start":{"line":69,"column":8},"end":{"line":69,"column":98}},"41":{"start":{"line":73,"column":27},"end":{"line":73,"column":58}},"42":{"start":{"line":76,"column":51},"end":{"line":80,"column":8}},"43":{"start":{"line":83,"column":6},"end":{"line":83,"column":39}},"44":{"start":{"line":85,"column":6},"end":{"line":88,"column":8}},"45":{"start":{"line":90,"column":6},"end":{"line":90,"column":18}},"46":{"start":{"line":92,"column":18},"end":{"line":92,"column":32}},"47":{"start":{"line":93,"column":6},"end":{"line":93,"column":96}},"48":{"start":{"line":95,"column":6},"end":{"line":97,"column":7}},"49":{"start":{"line":96,"column":8},"end":{"line":96,"column":20}},"50":{"start":{"line":99,"column":6},"end":{"line":99,"column":62}},"51":{"start":{"line":104,"column":4},"end":{"line":130,"column":5}},"52":{"start":{"line":105,"column":22},"end":{"line":105,"column":35}},"53":{"start":{"line":107,"column":6},"end":{"line":109,"column":7}},"54":{"start":{"line":108,"column":8},"end":{"line":108,"column":50}},"55":{"start":{"line":111,"column":27},"end":{"line":111,"column":58}},"56":{"start":{"line":113,"column":6},"end":{"line":115,"column":7}},"57":{"start":{"line":114,"column":8},"end":{"line":114,"column":50}},"58":{"start":{"line":117,"column":6},"end":{"line":119,"column":7}},"59":{"start":{"line":118,"column":8},"end":{"line":118,"column":50}},"60":{"start":{"line":121,"column":6},"end":{"line":123,"column":7}},"61":{"start":{"line":122,"column":8},"end":{"line":122,"column":65}},"62":{"start":{"line":125,"column":6},"end":{"line":125,"column":41}},"63":{"start":{"line":127,"column":18},"end":{"line":127,"column":32}},"64":{"start":{"line":128,"column":6},"end":{"line":128,"column":75}},"65":{"start":{"line":129,"column":6},"end":{"line":129,"column":62}},"66":{"start":{"line":9,"column":13},"end":{"line":9,"column":28}},"67":{"start":{"line":9,"column":13},"end":{"line":132,"column":null}}},"fnMap":{"0":{"name":"(anonymous_2)","decl":{"start":{"line":14,"column":2},"end":{"line":14,"column":22}},"loc":{"start":{"line":14,"column":42},"end":{"line":14,"column":46}}},"1":{"name":"(anonymous_3)","decl":{"start":{"line":16,"column":2},"end":{"line":16,"column":7}},"loc":{"start":{"line":16,"column":45},"end":{"line":101,"column":3}}},"2":{"name":"(anonymous_4)","decl":{"start":{"line":55,"column":50},"end":{"line":55,"column":51}},"loc":{"start":{"line":55,"column":61},"end":{"line":55,"column":77}}},"3":{"name":"(anonymous_5)","decl":{"start":{"line":56,"column":44},"end":{"line":56,"column":45}},"loc":{"start":{"line":56,"column":55},"end":{"line":56,"column":71}}},"4":{"name":"(anonymous_6)","decl":{"start":{"line":57,"column":46},"end":{"line":57,"column":47}},"loc":{"start":{"line":57,"column":57},"end":{"line":57,"column":74}}},"5":{"name":"(anonymous_7)","decl":{"start":{"line":103,"column":10},"end":{"line":103,"column":29}},"loc":{"start":{"line":103,"column":43},"end":{"line":131,"column":3}}}},"branchMap":{"0":{"loc":{"start":{"line":24,"column":4},"end":{"line":27,"column":5}},"type":"if","locations":[{"start":{"line":24,"column":4},"end":{"line":27,"column":5}},{"start":{},"end":{}}]},"1":{"loc":{"start":{"line":30,"column":4},"end":{"line":33,"column":5}},"type":"if","locations":[{"start":{"line":30,"column":4},"end":{"line":33,"column":5}},{"start":{},"end":{}}]},"2":{"loc":{"start":{"line":30,"column":8},"end":{"line":30,"column":54}},"type":"binary-expr","locations":[{"start":{"line":30,"column":8},"end":{"line":30,"column":23}},{"start":{"line":30,"column":27},"end":{"line":30,"column":54}}]},"3":{"loc":{"start":{"line":37,"column":6},"end":{"line":40,"column":7}},"type":"if","locations":[{"start":{"line":37,"column":6},"end":{"line":40,"column":7}},{"start":{},"end":{}}]},"4":{"loc":{"start":{"line":53,"column":6},"end":{"line":66,"column":7}},"type":"if","locations":[{"start":{"line":53,"column":6},"end":{"line":66,"column":7}},{"start":{},"end":{}}]},"5":{"loc":{"start":{"line":53,"column":10},"end":{"line":53,"column":53}},"type":"binary-expr","locations":[{"start":{"line":53,"column":10},"end":{"line":53,"column":24}},{"start":{"line":53,"column":28},"end":{"line":53,"column":53}}]},"6":{"loc":{"start":{"line":60,"column":8},"end":{"line":65,"column":9}},"type":"if","locations":[{"start":{"line":60,"column":8},"end":{"line":65,"column":9}},{"start":{},"end":{}}]},"7":{"loc":{"start":{"line":68,"column":6},"end":{"line":70,"column":7}},"type":"if","locations":[{"start":{"line":68,"column":6},"end":{"line":70,"column":7}},{"start":{},"end":{}}]},"8":{"loc":{"start":{"line":95,"column":6},"end":{"line":97,"column":7}},"type":"if","locations":[{"start":{"line":95,"column":6},"end":{"line":97,"column":7}},{"start":{},"end":{}}]},"9":{"loc":{"start":{"line":107,"column":6},"end":{"line":109,"column":7}},"type":"if","locations":[{"start":{"line":107,"column":6},"end":{"line":109,"column":7}},{"start":{},"end":{}}]},"10":{"loc":{"start":{"line":107,"column":10},"end":{"line":107,"column":49}},"type":"binary-expr","locations":[{"start":{"line":107,"column":10},"end":{"line":107,"column":18}},{"start":{"line":107,"column":22},"end":{"line":107,"column":49}}]},"11":{"loc":{"start":{"line":113,"column":6},"end":{"line":115,"column":7}},"type":"if","locations":[{"start":{"line":113,"column":6},"end":{"line":115,"column":7}},{"start":{},"end":{}}]},"12":{"loc":{"start":{"line":117,"column":6},"end":{"line":119,"column":7}},"type":"if","locations":[{"start":{"line":117,"column":6},"end":{"line":119,"column":7}},{"start":{},"end":{}}]},"13":{"loc":{"start":{"line":121,"column":6},"end":{"line":123,"column":7}},"type":"if","locations":[{"start":{"line":121,"column":6},"end":{"line":123,"column":7}},{"start":{},"end":{}}]},"14":{"loc":{"start":{"line":121,"column":10},"end":{"line":121,"column":69}},"type":"binary-expr","locations":[{"start":{"line":121,"column":10},"end":{"line":121,"column":30}},{"start":{"line":121,"column":34},"end":{"line":121,"column":69}}]}},"s":{"0":6,"1":6,"2":6,"3":6,"4":6,"5":6,"6":77,"7":77,"8":77,"9":29,"10":29,"11":29,"12":29,"13":3,"14":3,"15":26,"16":2,"17":2,"18":24,"19":24,"20":24,"21":1,"22":1,"23":23,"24":23,"25":23,"26":20,"27":20,"28":20,"29":20,"30":20,"31":28,"32":20,"33":31,"34":20,"35":31,"36":20,"37":20,"38":3,"39":20,"40":3,"41":17,"42":10,"43":10,"44":10,"45":10,"46":14,"47":14,"48":14,"49":12,"50":2,"51":17,"52":17,"53":16,"54":2,"55":14,"56":14,"57":1,"58":13,"59":1,"60":12,"61":2,"62":10,"63":7,"64":7,"65":7,"66":6,"67":6},"f":{"0":77,"1":29,"2":28,"3":31,"4":31,"5":17},"b":{"0":[3,26],"1":[2,24],"2":[26,25],"3":[1,23],"4":[20,0],"5":[20,20],"6":[3,17],"7":[3,17],"8":[12,2],"9":[2,14],"10":[16,15],"11":[1,13],"12":[1,12],"13":[2,10],"14":[12,11]}}
,"/home/sohaib/Documents/frms/event-monitoring-service/src/auth/user.decorator.ts": {"path":"/home/sohaib/Documents/frms/event-monitoring-service/src/auth/user.decorator.ts","statementMap":{"0":{"start":{"line":4,"column":0},"end":{"line":4,"column":72}},"1":{"start":{"line":7,"column":34},"end":{"line":10,"column":1}},"2":{"start":{"line":8,"column":18},"end":{"line":8,"column":49}},"3":{"start":{"line":9,"column":2},"end":{"line":9,"column":22}},"4":{"start":{"line":7,"column":13},"end":{"line":7,"column":34}},"5":{"start":{"line":12,"column":13},"end":{"line":12,"column":61}}},"fnMap":{"0":{"name":"(anonymous_0)","decl":{"start":{"line":7,"column":34},"end":{"line":7,"column":35}},"loc":{"start":{"line":7,"column":75},"end":{"line":10,"column":1}}}},"branchMap":{},"s":{"0":4,"1":4,"2":1025,"3":1024,"4":4,"5":4},"f":{"0":1025},"b":{}}
,"/home/sohaib/Documents/frms/event-monitoring-service/src/commons/database-operations.service.ts": {"path":"/home/sohaib/Documents/frms/event-monitoring-service/src/commons/database-operations.service.ts","statementMap":{"0":{"start":{"line":1,"column":0},"end":{"line":1,"column":114}},"1":{"start":{"line":2,"column":0},"end":{"line":2,"column":56}},"2":{"start":{"line":3,"column":0},"end":{"line":3,"column":63}},"3":{"start":{"line":4,"column":0},"end":{"line":4,"column":36}},"4":{"start":{"line":10,"column":7},"end":{"line":212,"column":null}},"5":{"start":{"line":12,"column":21},"end":{"line":12,"column":36}},"6":{"start":{"line":13,"column":21},"end":{"line":13,"column":38}},"7":{"start":{"line":15,"column":2},"end":{"line":60,"column":4}},"8":{"start":{"line":20,"column":80},"end":{"line":20,"column":136}},"9":{"start":{"line":27,"column":8},"end":{"line":27,"column":75}},"10":{"start":{"line":33,"column":39},"end":{"line":33,"column":74}},"11":{"start":{"line":39,"column":39},"end":{"line":39,"column":84}},"12":{"start":{"line":45,"column":39},"end":{"line":45,"column":84}},"13":{"start":{"line":49,"column":34},"end":{"line":49,"column":92}},"14":{"start":{"line":52,"column":39},"end":{"line":52,"column":76}},"15":{"start":{"line":58,"column":39},"end":{"line":58,"column":70}},"16":{"start":{"line":63,"column":25},"end":{"line":63,"column":38}},"17":{"start":{"line":65,"column":4},"end":{"line":73,"column":5}},"18":{"start":{"line":66,"column":22},"end":{"line":66,"column":129}},"19":{"start":{"line":68,"column":6},"end":{"line":72,"column":7}},"20":{"start":{"line":69,"column":24},"end":{"line":69,"column":72}},"21":{"start":{"line":70,"column":8},"end":{"line":70,"column":89}},"22":{"start":{"line":71,"column":8},"end":{"line":71,"column":50}},"23":{"start":{"line":75,"column":4},"end":{"line":75,"column":79}},"24":{"start":{"line":76,"column":4},"end":{"line":76,"column":67}},"25":{"start":{"line":80,"column":4},"end":{"line":87,"column":5}},"26":{"start":{"line":81,"column":6},"end":{"line":81,"column":116}},"27":{"start":{"line":82,"column":6},"end":{"line":82,"column":84}},"28":{"start":{"line":84,"column":6},"end":{"line":86,"column":9}},"29":{"start":{"line":91,"column":4},"end":{"line":98,"column":5}},"30":{"start":{"line":92,"column":6},"end":{"line":92,"column":136}},"31":{"start":{"line":93,"column":6},"end":{"line":93,"column":106}},"32":{"start":{"line":95,"column":6},"end":{"line":97,"column":9}},"33":{"start":{"line":102,"column":4},"end":{"line":114,"column":5}},"34":{"start":{"line":103,"column":6},"end":{"line":108,"column":9}},"35":{"start":{"line":109,"column":6},"end":{"line":109,"column":140}},"36":{"start":{"line":111,"column":6},"end":{"line":113,"column":9}},"37":{"start":{"line":118,"column":17},"end":{"line":118,"column":64}},"38":{"start":{"line":120,"column":4},"end":{"line":128,"column":5}},"39":{"start":{"line":121,"column":6},"end":{"line":121,"column":66}},"40":{"start":{"line":122,"column":6},"end":{"line":122,"column":112}},"41":{"start":{"line":123,"column":6},"end":{"line":123,"column":75}},"42":{"start":{"line":125,"column":6},"end":{"line":127,"column":9}},"43":{"start":{"line":132,"column":4},"end":{"line":132,"column":66}},"44":{"start":{"line":133,"column":19},"end":{"line":133,"column":34}},"45":{"start":{"line":134,"column":24},"end":{"line":134,"column":39}},"46":{"start":{"line":135,"column":27},"end":{"line":141,"column":6}},"47":{"start":{"line":142,"column":4},"end":{"line":142,"column":119}},"48":{"start":{"line":144,"column":4},"end":{"line":147,"column":5}},"49":{"start":{"line":145,"column":6},"end":{"line":145,"column":121}},"50":{"start":{"line":146,"column":6},"end":{"line":146,"column":102}},"51":{"start":{"line":149,"column":4},"end":{"line":162,"column":5}},"52":{"start":{"line":150,"column":6},"end":{"line":154,"column":9}},"53":{"start":{"line":155,"column":6},"end":{"line":155,"column":66}},"54":{"start":{"line":156,"column":6},"end":{"line":156,"column":92}},"55":{"start":{"line":158,"column":6},"end":{"line":158,"column":67}},"56":{"start":{"line":159,"column":6},"end":{"line":161,"column":9}},"57":{"start":{"line":166,"column":4},"end":{"line":210,"column":5}},"58":{"start":{"line":167,"column":31},"end":{"line":182,"column":8}},"59":{"start":{"line":184,"column":6},"end":{"line":197,"column":8}},"60":{"start":{"line":198,"column":6},"end":{"line":198,"column":98}},"61":{"start":{"line":201,"column":27},"end":{"line":201,"column":40}},"62":{"start":{"line":202,"column":6},"end":{"line":205,"column":7}},"63":{"start":{"line":203,"column":8},"end":{"line":203,"column":101}},"64":{"start":{"line":204,"column":8},"end":{"line":204,"column":15}},"65":{"start":{"line":207,"column":6},"end":{"line":209,"column":9}},"66":{"start":{"line":10,"column":13},"end":{"line":10,"column":38}},"67":{"start":{"line":10,"column":13},"end":{"line":212,"column":null}}},"fnMap":{"0":{"name":"(anonymous_2)","decl":{"start":{"line":11,"column":2},"end":{"line":11,"column":null}},"loc":{"start":{"line":13,"column":53},"end":{"line":14,"column":6}}},"1":{"name":"(anonymous_3)","decl":{"start":{"line":20,"column":18},"end":{"line":20,"column":19}},"loc":{"start":{"line":20,"column":80},"end":{"line":20,"column":136}}},"2":{"name":"(anonymous_4)","decl":{"start":{"line":26,"column":18},"end":{"line":26,"column":19}},"loc":{"start":{"line":27,"column":8},"end":{"line":27,"column":75}}},"3":{"name":"(anonymous_5)","decl":{"start":{"line":33,"column":18},"end":{"line":33,"column":19}},"loc":{"start":{"line":33,"column":39},"end":{"line":33,"column":74}}},"4":{"name":"(anonymous_6)","decl":{"start":{"line":39,"column":18},"end":{"line":39,"column":19}},"loc":{"start":{"line":39,"column":39},"end":{"line":39,"column":84}}},"5":{"name":"(anonymous_7)","decl":{"start":{"line":45,"column":18},"end":{"line":45,"column":19}},"loc":{"start":{"line":45,"column":39},"end":{"line":45,"column":84}}},"6":{"name":"(anonymous_8)","decl":{"start":{"line":49,"column":17},"end":{"line":49,"column":18}},"loc":{"start":{"line":49,"column":34},"end":{"line":49,"column":92}}},"7":{"name":"(anonymous_9)","decl":{"start":{"line":52,"column":18},"end":{"line":52,"column":19}},"loc":{"start":{"line":52,"column":39},"end":{"line":52,"column":76}}},"8":{"name":"(anonymous_10)","decl":{"start":{"line":58,"column":18},"end":{"line":58,"column":19}},"loc":{"start":{"line":58,"column":39},"end":{"line":58,"column":70}}},"9":{"name":"(anonymous_11)","decl":{"start":{"line":62,"column":10},"end":{"line":62,"column":29}},"loc":{"start":{"line":62,"column":99},"end":{"line":77,"column":3}}},"10":{"name":"(anonymous_12)","decl":{"start":{"line":79,"column":2},"end":{"line":79,"column":7}},"loc":{"start":{"line":79,"column":54},"end":{"line":88,"column":3}}},"11":{"name":"(anonymous_13)","decl":{"start":{"line":90,"column":2},"end":{"line":90,"column":7}},"loc":{"start":{"line":90,"column":69},"end":{"line":99,"column":3}}},"12":{"name":"(anonymous_14)","decl":{"start":{"line":101,"column":2},"end":{"line":101,"column":7}},"loc":{"start":{"line":101,"column":95},"end":{"line":115,"column":3}}},"13":{"name":"(anonymous_15)","decl":{"start":{"line":117,"column":2},"end":{"line":117,"column":7}},"loc":{"start":{"line":117,"column":70},"end":{"line":129,"column":3}}},"14":{"name":"(anonymous_16)","decl":{"start":{"line":131,"column":2},"end":{"line":131,"column":7}},"loc":{"start":{"line":131,"column":61},"end":{"line":163,"column":3}}},"15":{"name":"(anonymous_17)","decl":{"start":{"line":165,"column":2},"end":{"line":165,"column":7}},"loc":{"start":{"line":165,"column":120},"end":{"line":211,"column":3}}}},"branchMap":{"0":{"loc":{"start":{"line":20,"column":105},"end":{"line":20,"column":134}},"type":"binary-expr","locations":[{"start":{"line":20,"column":105},"end":{"line":20,"column":128}},{"start":{"line":20,"column":132},"end":{"line":20,"column":134}}]},"1":{"loc":{"start":{"line":27,"column":44},"end":{"line":27,"column":73}},"type":"binary-expr","locations":[{"start":{"line":27,"column":44},"end":{"line":27,"column":67}},{"start":{"line":27,"column":71},"end":{"line":27,"column":73}}]},"2":{"loc":{"start":{"line":49,"column":34},"end":{"line":49,"column":92}},"type":"binary-expr","locations":[{"start":{"line":49,"column":34},"end":{"line":49,"column":58}},{"start":{"line":49,"column":62},"end":{"line":49,"column":92}}]},"3":{"loc":{"start":{"line":66,"column":22},"end":{"line":66,"column":129}},"type":"cond-expr","locations":[{"start":{"line":66,"column":47},"end":{"line":66,"column":83}},{"start":{"line":66,"column":86},"end":{"line":66,"column":129}}]},"4":{"loc":{"start":{"line":68,"column":6},"end":{"line":72,"column":7}},"type":"if","locations":[{"start":{"line":68,"column":6},"end":{"line":72,"column":7}},{"start":{},"end":{}}]},"5":{"loc":{"start":{"line":144,"column":4},"end":{"line":147,"column":5}},"type":"if","locations":[{"start":{"line":144,"column":4},"end":{"line":147,"column":5}},{"start":{},"end":{}}]},"6":{"loc":{"start":{"line":144,"column":8},"end":{"line":144,"column":31}},"type":"binary-expr","locations":[{"start":{"line":144,"column":8},"end":{"line":144,"column":15}},{"start":{"line":144,"column":19},"end":{"line":144,"column":31}}]},"7":{"loc":{"start":{"line":169,"column":24},"end":{"line":169,"column":45}},"type":"binary-expr","locations":[{"start":{"line":169,"column":24},"end":{"line":169,"column":37}},{"start":{"line":169,"column":41},"end":{"line":169,"column":45}}]},"8":{"loc":{"start":{"line":202,"column":6},"end":{"line":205,"column":7}},"type":"if","locations":[{"start":{"line":202,"column":6},"end":{"line":205,"column":7}},{"start":{},"end":{}}]}},"s":{"0":5,"1":5,"2":5,"3":5,"4":5,"5":46,"6":46,"7":46,"8":7,"9":3,"10":1,"11":3,"12":1,"13":6,"14":2,"15":0,"16":17,"17":17,"18":56,"19":56,"20":15,"21":15,"22":15,"23":2,"24":2,"25":8,"26":8,"27":7,"28":1,"29":7,"30":7,"31":5,"32":2,"33":5,"34":5,"35":4,"36":1,"37":7,"38":7,"39":7,"40":7,"41":6,"42":1,"43":5,"44":5,"45":5,"46":5,"47":5,"48":5,"49":2,"50":2,"51":3,"52":3,"53":2,"54":2,"55":1,"56":1,"57":10,"58":10,"59":10,"60":8,"61":2,"62":2,"63":1,"64":1,"65":1,"66":5,"67":5},"f":{"0":46,"1":7,"2":3,"3":1,"4":3,"5":1,"6":6,"7":2,"8":0,"9":17,"10":8,"11":7,"12":5,"13":7,"14":5,"15":10},"b":{"0":[7,2],"1":[3,1],"2":[6,4],"3":[4,52],"4":[15,41],"5":[2,3],"6":[5,4],"7":[10,8],"8":[1,1]}}
,"/home/sohaib/Documents/frms/event-monitoring-service/src/commons/index.ts": {"path":"/home/sohaib/Documents/frms/event-monitoring-service/src/commons/index.ts","statementMap":{"0":{"start":{"line":1,"column":0},"end":{"line":1,"column":9}},"1":{"start":{"line":1,"column":9},"end":{"line":1,"column":74}}},"fnMap":{"0":{"name":"(anonymous_0)","decl":{"start":{"line":1,"column":9},"end":{"line":1,"column":34}},"loc":{"start":{"line":1,"column":9},"end":{"line":1,"column":74}}}},"branchMap":{},"s":{"0":4,"1":35},"f":{"0":31},"b":{}}
,"/home/sohaib/Documents/frms/event-monitoring-service/src/config/database.config.ts": {"path":"/home/sohaib/Documents/frms/event-monitoring-service/src/config/database.config.ts","statementMap":{"0":{"start":{"line":3,"column":0},"end":{"line":3,"column":44}},"1":{"start":{"line":5,"column":0},"end":{"line":5,"column":55}},"2":{"start":{"line":7,"column":0},"end":{"line":23,"column":3}},"3":{"start":{"line":8,"column":17},"end":{"line":8,"column":49}},"4":{"start":{"line":9,"column":13},"end":{"line":9,"column":28}},"5":{"start":{"line":11,"column":2},"end":{"line":22,"column":4}}},"fnMap":{"0":{"name":"(anonymous_0)","decl":{"start":{"line":7,"column":38},"end":{"line":7,"column":57}},"loc":{"start":{"line":7,"column":59},"end":{"line":23,"column":1}}}},"branchMap":{"0":{"loc":{"start":{"line":18,"column":38},"end":{"line":18,"column":89}},"type":"binary-expr","locations":[{"start":{"line":18,"column":38},"end":{"line":18,"column":78}},{"start":{"line":18,"column":82},"end":{"line":18,"column":89}}]},"1":{"loc":{"start":{"line":19,"column":32},"end":{"line":19,"column":77}},"type":"binary-expr","locations":[{"start":{"line":19,"column":32},"end":{"line":19,"column":66}},{"start":{"line":19,"column":70},"end":{"line":19,"column":77}}]},"2":{"loc":{"start":{"line":20,"column":18},"end":{"line":20,"column":56}},"type":"binary-expr","locations":[{"start":{"line":20,"column":18},"end":{"line":20,"column":48}},{"start":{"line":20,"column":52},"end":{"line":20,"column":56}}]},"3":{"loc":{"start":{"line":21,"column":18},"end":{"line":21,"column":55}},"type":"binary-expr","locations":[{"start":{"line":21,"column":18},"end":{"line":21,"column":48}},{"start":{"line":21,"column":52},"end":{"line":21,"column":55}}]}},"s":{"0":3,"1":3,"2":3,"3":7,"4":7,"5":7},"f":{"0":7},"b":{"0":[7,2],"1":[7,2],"2":[7,2],"3":[7,2]}}
,"/home/sohaib/Documents/frms/event-monitoring-service/src/config/env.validation.ts": {"path":"/home/sohaib/Documents/frms/event-monitoring-service/src/config/env.validation.ts","statementMap":{"0":{"start":{"line":50,"column":0},"end":{"line":50,"column":16}},"1":{"start":{"line":52,"column":2},"end":{"line":54,"column":3}},"2":{"start":{"line":53,"column":4},"end":{"line":53,"column":83}},"3":{"start":{"line":57,"column":2},"end":{"line":59,"column":3}},"4":{"start":{"line":58,"column":4},"end":{"line":58,"column":67}},"5":{"start":{"line":60,"column":2},"end":{"line":62,"column":3}},"6":{"start":{"line":61,"column":4},"end":{"line":61,"column":67}},"7":{"start":{"line":63,"column":2},"end":{"line":65,"column":3}},"8":{"start":{"line":64,"column":4},"end":{"line":64,"column":71}},"9":{"start":{"line":68,"column":2},"end":{"line":70,"column":3}},"10":{"start":{"line":69,"column":4},"end":{"line":69,"column":67}},"11":{"start":{"line":71,"column":2},"end":{"line":73,"column":3}},"12":{"start":{"line":72,"column":4},"end":{"line":72,"column":69}},"13":{"start":{"line":76,"column":17},"end":{"line":76,"column":63}},"14":{"start":{"line":79,"column":2},"end":{"line":81,"column":3}},"15":{"start":{"line":80,"column":4},"end":{"line":80,"column":80}},"16":{"start":{"line":84,"column":19},"end":{"line":84,"column":39}},"17":{"start":{"line":85,"column":2},"end":{"line":87,"column":3}},"18":{"start":{"line":86,"column":4},"end":{"line":86,"column":74}},"19":{"start":{"line":90,"column":20},"end":{"line":90,"column":61}},"20":{"start":{"line":91,"column":2},"end":{"line":93,"column":3}},"21":{"start":{"line":92,"column":4},"end":{"line":92,"column":103}},"22":{"start":{"line":95,"column":2},"end":{"line":131,"column":4}}},"fnMap":{"0":{"name":"validateEnvironment","decl":{"start":{"line":50,"column":16},"end":{"line":50,"column":35}},"loc":{"start":{"line":50,"column":67},"end":{"line":132,"column":1}}}},"branchMap":{"0":{"loc":{"start":{"line":52,"column":2},"end":{"line":54,"column":3}},"type":"if","locations":[{"start":{"line":52,"column":2},"end":{"line":54,"column":3}},{"start":{},"end":{}}]},"1":{"loc":{"start":{"line":57,"column":2},"end":{"line":59,"column":3}},"type":"if","locations":[{"start":{"line":57,"column":2},"end":{"line":59,"column":3}},{"start":{},"end":{}}]},"2":{"loc":{"start":{"line":60,"column":2},"end":{"line":62,"column":3}},"type":"if","locations":[{"start":{"line":60,"column":2},"end":{"line":62,"column":3}},{"start":{},"end":{}}]},"3":{"loc":{"start":{"line":63,"column":2},"end":{"line":65,"column":3}},"type":"if","locations":[{"start":{"line":63,"column":2},"end":{"line":65,"column":3}},{"start":{},"end":{}}]},"4":{"loc":{"start":{"line":68,"column":2},"end":{"line":70,"column":3}},"type":"if","locations":[{"start":{"line":68,"column":2},"end":{"line":70,"column":3}},{"start":{},"end":{}}]},"5":{"loc":{"start":{"line":71,"column":2},"end":{"line":73,"column":3}},"type":"if","locations":[{"start":{"line":71,"column":2},"end":{"line":73,"column":3}},{"start":{},"end":{}}]},"6":{"loc":{"start":{"line":76,"column":17},"end":{"line":76,"column":63}},"type":"binary-expr","locations":[{"start":{"line":76,"column":17},"end":{"line":76,"column":55}},{"start":{"line":76,"column":59},"end":{"line":76,"column":63}}]},"7":{"loc":{"start":{"line":79,"column":2},"end":{"line":81,"column":3}},"type":"if","locations":[{"start":{"line":79,"column":2},"end":{"line":81,"column":3}},{"start":{},"end":{}}]},"8":{"loc":{"start":{"line":79,"column":6},"end":{"line":79,"column":34}},"type":"binary-expr","locations":[{"start":{"line":79,"column":6},"end":{"line":79,"column":16}},{"start":{"line":79,"column":20},"end":{"line":79,"column":34}}]},"9":{"loc":{"start":{"line":85,"column":2},"end":{"line":87,"column":3}},"type":"if","locations":[{"start":{"line":85,"column":2},"end":{"line":87,"column":3}},{"start":{},"end":{}}]},"10":{"loc":{"start":{"line":85,"column":6},"end":{"line":85,"column":80}},"type":"binary-expr","locations":[{"start":{"line":85,"column":6},"end":{"line":85,"column":14}},{"start":{"line":85,"column":19},"end":{"line":85,"column":48}},{"start":{"line":85,"column":52},"end":{"line":85,"column":79}}]},"11":{"loc":{"start":{"line":91,"column":2},"end":{"line":93,"column":3}},"type":"if","locations":[{"start":{"line":91,"column":2},"end":{"line":93,"column":3}},{"start":{},"end":{}}]},"12":{"loc":{"start":{"line":91,"column":6},"end":{"line":91,"column":60}},"type":"binary-expr","locations":[{"start":{"line":91,"column":6},"end":{"line":91,"column":22}},{"start":{"line":91,"column":26},"end":{"line":91,"column":39}},{"start":{"line":91,"column":43},"end":{"line":91,"column":60}}]},"13":{"loc":{"start":{"line":96,"column":19},"end":{"line":96,"column":80}},"type":"binary-expr","locations":[{"start":{"line":96,"column":19},"end":{"line":96,"column":50}},{"start":{"line":96,"column":54},"end":{"line":96,"column":80}}]},"14":{"loc":{"start":{"line":97,"column":14},"end":{"line":97,"column":57}},"type":"binary-expr","locations":[{"start":{"line":97,"column":14},"end":{"line":97,"column":40}},{"start":{"line":97,"column":44},"end":{"line":97,"column":57}}]},"15":{"loc":{"start":{"line":98,"column":12},"end":{"line":98,"column":55}},"type":"binary-expr","locations":[{"start":{"line":98,"column":12},"end":{"line":98,"column":50}},{"start":{"line":98,"column":54},"end":{"line":98,"column":55}}]},"16":{"loc":{"start":{"line":102,"column":13},"end":{"line":102,"column":65}},"type":"binary-expr","locations":[{"start":{"line":102,"column":13},"end":{"line":102,"column":38}},{"start":{"line":102,"column":43},"end":{"line":102,"column":65}}]},"17":{"loc":{"start":{"line":104,"column":13},"end":{"line":104,"column":52}},"type":"binary-expr","locations":[{"start":{"line":104,"column":13},"end":{"line":104,"column":38}},{"start":{"line":104,"column":42},"end":{"line":104,"column":52}}]},"18":{"loc":{"start":{"line":105,"column":17},"end":{"line":105,"column":60}},"type":"binary-expr","locations":[{"start":{"line":105,"column":17},"end":{"line":105,"column":46}},{"start":{"line":105,"column":50},"end":{"line":105,"column":60}}]},"19":{"loc":{"start":{"line":106,"column":13},"end":{"line":106,"column":64}},"type":"binary-expr","locations":[{"start":{"line":106,"column":13},"end":{"line":106,"column":38}},{"start":{"line":106,"column":42},"end":{"line":106,"column":64}}]},"20":{"loc":{"start":{"line":113,"column":10},"end":{"line":113,"column":54}},"type":"binary-expr","locations":[{"start":{"line":113,"column":10},"end":{"line":113,"column":49}},{"start":{"line":113,"column":53},"end":{"line":113,"column":54}}]},"21":{"loc":{"start":{"line":119,"column":23},"end":{"line":119,"column":81}},"type":"binary-expr","locations":[{"start":{"line":119,"column":23},"end":{"line":119,"column":56}},{"start":{"line":119,"column":60},"end":{"line":119,"column":81}}]},"22":{"loc":{"start":{"line":120,"column":23},"end":{"line":120,"column":81}},"type":"binary-expr","locations":[{"start":{"line":120,"column":23},"end":{"line":120,"column":56}},{"start":{"line":120,"column":60},"end":{"line":120,"column":81}}]},"23":{"loc":{"start":{"line":121,"column":22},"end":{"line":121,"column":79}},"type":"binary-expr","locations":[{"start":{"line":121,"column":22},"end":{"line":121,"column":54}},{"start":{"line":121,"column":58},"end":{"line":121,"column":79}}]},"24":{"loc":{"start":{"line":124,"column":18},"end":{"line":124,"column":60}},"type":"binary-expr","locations":[{"start":{"line":124,"column":18},"end":{"line":124,"column":52}},{"start":{"line":124,"column":56},"end":{"line":124,"column":60}}]},"25":{"loc":{"start":{"line":127,"column":22},"end":{"line":127,"column":61}},"type":"binary-expr","locations":[{"start":{"line":127,"column":22},"end":{"line":127,"column":55}},{"start":{"line":127,"column":59},"end":{"line":127,"column":61}}]},"26":{"loc":{"start":{"line":128,"column":26},"end":{"line":128,"column":70}},"type":"binary-expr","locations":[{"start":{"line":128,"column":26},"end":{"line":128,"column":64}},{"start":{"line":128,"column":68},"end":{"line":128,"column":70}}]},"27":{"loc":{"start":{"line":129,"column":23},"end":{"line":129,"column":63}},"type":"binary-expr","locations":[{"start":{"line":129,"column":23},"end":{"line":129,"column":57}},{"start":{"line":129,"column":61},"end":{"line":129,"column":63}}]}},"s":{"0":4,"1":25,"2":1,"3":24,"4":1,"5":23,"6":1,"7":22,"8":1,"9":21,"10":1,"11":20,"12":1,"13":19,"14":19,"15":1,"16":18,"17":18,"18":3,"19":15,"20":15,"21":3,"22":12},"f":{"0":25},"b":{"0":[1,24],"1":[1,23],"2":[1,22],"3":[1,21],"4":[1,20],"5":[1,19],"6":[19,13],"7":[1,18],"8":[19,19],"9":[3,15],"10":[18,6,5],"11":[3,12],"12":[15,14,13],"13":[12,9],"14":[12,6],"15":[12,9],"16":[12,9],"17":[12,9],"18":[12,9],"19":[12,9],"20":[12,11],"21":[12,9],"22":[12,9],"23":[12,9],"24":[12,9],"25":[12,9],"26":[12,9],"27":[12,9]}}
,"/home/sohaib/Documents/frms/event-monitoring-service/src/config-notify/config-notify.module.ts": {"path":"/home/sohaib/Documents/frms/event-monitoring-service/src/config-notify/config-notify.module.ts","statementMap":{"0":{"start":{"line":1,"column":0},"end":{"line":1,"column":40}},"1":{"start":{"line":2,"column":0},"end":{"line":2,"column":62}},"2":{"start":{"line":3,"column":0},"end":{"line":3,"column":71}},"3":{"start":{"line":4,"column":0},"end":{"line":4,"column":46}},"4":{"start":{"line":5,"column":0},"end":{"line":5,"column":52}},"5":{"start":{"line":12,"column":7},"end":{"line":12,"column":null}},"6":{"start":{"line":12,"column":13},"end":{"line":12,"column":31}},"7":{"start":{"line":12,"column":13},"end":{"line":12,"column":null}}},"fnMap":{},"branchMap":{},"s":{"0":2,"1":2,"2":2,"3":2,"4":2,"5":2,"6":2,"7":2},"f":{},"b":{}}
,"/home/sohaib/Documents/frms/event-monitoring-service/src/config-notify/config-notify.service.ts": {"path":"/home/sohaib/Documents/frms/event-monitoring-service/src/config-notify/config-notify.service.ts","statementMap":{"0":{"start":{"line":1,"column":0},"end":{"line":1,"column":75}},"1":{"start":{"line":2,"column":0},"end":{"line":2,"column":47}},"2":{"start":{"line":3,"column":0},"end":{"line":3,"column":70}},"3":{"start":{"line":4,"column":0},"end":{"line":4,"column":65}},"4":{"start":{"line":5,"column":0},"end":{"line":5,"column":63}},"5":{"start":{"line":6,"column":0},"end":{"line":6,"column":58}},"6":{"start":{"line":11,"column":7},"end":{"line":106,"column":null}},"7":{"start":{"line":19,"column":21},"end":{"line":19,"column":29}},"8":{"start":{"line":20,"column":21},"end":{"line":20,"column":28}},"9":{"start":{"line":21,"column":21},"end":{"line":21,"column":36}},"10":{"start":{"line":22,"column":21},"end":{"line":22,"column":38}},"11":{"start":{"line":12,"column":19},"end":{"line":12,"column":54}},"12":{"start":{"line":13,"column":10},"end":{"line":13,"column":32}},"13":{"start":{"line":24,"column":4},"end":{"line":24,"column":71}},"14":{"start":{"line":25,"column":4},"end":{"line":25,"column":99}},"15":{"start":{"line":26,"column":4},"end":{"line":26,"column":108}},"16":{"start":{"line":30,"column":4},"end":{"line":33,"column":5}},"17":{"start":{"line":31,"column":6},"end":{"line":31,"column":59}},"18":{"start":{"line":32,"column":6},"end":{"line":32,"column":13}},"19":{"start":{"line":35,"column":4},"end":{"line":54,"column":5}},"20":{"start":{"line":36,"column":6},"end":{"line":36,"column":135}},"21":{"start":{"line":37,"column":6},"end":{"line":37,"column":32}},"22":{"start":{"line":38,"column":6},"end":{"line":38,"column":78}},"23":{"start":{"line":40,"column":21},"end":{"line":41,"column":null}},"24":{"start":{"line":43,"column":22},"end":{"line":43,"column":33}},"25":{"start":{"line":45,"column":6},"end":{"line":48,"column":7}},"26":{"start":{"line":46,"column":8},"end":{"line":46,"column":77}},"27":{"start":{"line":47,"column":8},"end":{"line":47,"column":36}},"28":{"start":{"line":49,"column":6},"end":{"line":49,"column":75}},"29":{"start":{"line":51,"column":6},"end":{"line":51,"column":86}},"30":{"start":{"line":52,"column":6},"end":{"line":52,"column":33}},"31":{"start":{"line":53,"column":6},"end":{"line":53,"column":18}},"32":{"start":{"line":58,"column":4},"end":{"line":58,"column":31}},"33":{"start":{"line":59,"column":4},"end":{"line":59,"column":53}},"34":{"start":{"line":63,"column":20},"end":{"line":63,"column":41}},"35":{"start":{"line":64,"column":4},"end":{"line":64,"column":90}},"36":{"start":{"line":66,"column":4},"end":{"line":94,"column":5}},"37":{"start":{"line":67,"column":21},"end":{"line":69,"column":null}},"38":{"start":{"line":71,"column":21},"end":{"line":71,"column":35}},"39":{"start":{"line":73,"column":6},"end":{"line":78,"column":7}},"40":{"start":{"line":74,"column":8},"end":{"line":74,"column":36}},"41":{"start":{"line":75,"column":8},"end":{"line":75,"column":73}},"42":{"start":{"line":77,"column":8},"end":{"line":77,"column":78}},"43":{"start":{"line":80,"column":6},"end":{"line":84,"column":9}},"44":{"start":{"line":85,"column":6},"end":{"line":85,"column":89}},"45":{"start":{"line":87,"column":6},"end":{"line":87,"column":70}},"46":{"start":{"line":88,"column":6},"end":{"line":93,"column":9}},"47":{"start":{"line":98,"column":16},"end":{"line":98,"column":35}},"48":{"start":{"line":99,"column":17},"end":{"line":103,"column":6}},"49":{"start":{"line":104,"column":4},"end":{"line":104,"column":71}},"50":{"start":{"line":11,"column":13},"end":{"line":11,"column":32}},"51":{"start":{"line":11,"column":13},"end":{"line":106,"column":null}}},"fnMap":{"0":{"name":"(anonymous_2)","decl":{"start":{"line":18,"column":2},"end":{"line":18,"column":null}},"loc":{"start":{"line":22,"column":53},"end":{"line":27,"column":3}}},"1":{"name":"(anonymous_3)","decl":{"start":{"line":29,"column":2},"end":{"line":29,"column":7}},"loc":{"start":{"line":29,"column":20},"end":{"line":55,"column":3}}},"2":{"name":"(anonymous_4)","decl":{"start":{"line":57,"column":2},"end":{"line":57,"column":17}},"loc":{"start":{"line":57,"column":17},"end":{"line":60,"column":3}}},"3":{"name":"(anonymous_5)","decl":{"start":{"line":62,"column":10},"end":{"line":62,"column":15}},"loc":{"start":{"line":62,"column":102},"end":{"line":95,"column":3}}},"4":{"name":"(anonymous_6)","decl":{"start":{"line":97,"column":9},"end":{"line":97,"column":14}},"loc":{"start":{"line":97,"column":41},"end":{"line":105,"column":3}}}},"branchMap":{"0":{"loc":{"start":{"line":30,"column":4},"end":{"line":33,"column":5}},"type":"if","locations":[{"start":{"line":30,"column":4},"end":{"line":33,"column":5}},{"start":{},"end":{}}]},"1":{"loc":{"start":{"line":73,"column":6},"end":{"line":78,"column":7}},"type":"if","locations":[{"start":{"line":73,"column":6},"end":{"line":78,"column":7}},{"start":{"line":76,"column":13},"end":{"line":78,"column":7}}]},"2":{"loc":{"start":{"line":91,"column":15},"end":{"line":91,"column":69}},"type":"cond-expr","locations":[{"start":{"line":91,"column":40},"end":{"line":91,"column":53}},{"start":{"line":91,"column":56},"end":{"line":91,"column":69}}]}},"s":{"0":3,"1":3,"2":3,"3":3,"4":3,"5":3,"6":3,"7":25,"8":25,"9":25,"10":25,"11":25,"12":25,"13":25,"14":25,"15":25,"16":7,"17":1,"18":1,"19":6,"20":6,"21":5,"22":5,"23":5,"24":4,"25":4,"26":3,"27":3,"28":3,"29":3,"30":3,"31":3,"32":1,"33":1,"34":9,"35":9,"36":9,"37":9,"38":7,"39":7,"40":4,"41":3,"42":3,"43":6,"44":6,"45":3,"46":3,"47":11,"48":11,"49":11,"50":3,"51":3},"f":{"0":25,"1":7,"2":1,"3":9,"4":11},"b":{"0":[1,6],"1":[4,3],"2":[2,1]}}
,"/home/sohaib/Documents/frms/event-monitoring-service/src/database/database.module.ts": {"path":"/home/sohaib/Documents/frms/event-monitoring-service/src/database/database.module.ts","statementMap":{"0":{"start":{"line":3,"column":0},"end":{"line":3,"column":48}},"1":{"start":{"line":4,"column":0},"end":{"line":4,"column":46}},"2":{"start":{"line":5,"column":0},"end":{"line":5,"column":53}},"3":{"start":{"line":6,"column":0},"end":{"line":6,"column":55}},"4":{"start":{"line":7,"column":0},"end":{"line":7,"column":71}},"5":{"start":{"line":15,"column":7},"end":{"line":15,"column":null}},"6":{"start":{"line":15,"column":13},"end":{"line":15,"column":27}},"7":{"start":{"line":15,"column":13},"end":{"line":15,"column":null}}},"fnMap":{},"branchMap":{},"s":{"0":2,"1":2,"2":2,"3":2,"4":2,"5":2,"6":2,"7":2},"f":{},"b":{}}
,"/home/sohaib/Documents/frms/event-monitoring-service/src/database/database.service.ts": {"path":"/home/sohaib/Documents/frms/event-monitoring-service/src/database/database.service.ts","statementMap":{"0":{"start":{"line":3,"column":0},"end":{"line":3,"column":75}},"1":{"start":{"line":4,"column":0},"end":{"line":4,"column":47}},"2":{"start":{"line":5,"column":0},"end":{"line":5,"column":67}},"3":{"start":{"line":7,"column":0},"end":{"line":7,"column":56}},"4":{"start":{"line":10,"column":7},"end":{"line":87,"column":null}},"5":{"start":{"line":14,"column":21},"end":{"line":14,"column":36}},"6":{"start":{"line":15,"column":21},"end":{"line":15,"column":29}},"7":{"start":{"line":19,"column":21},"end":{"line":19,"column":71}},"8":{"start":{"line":21,"column":4},"end":{"line":23,"column":5}},"9":{"start":{"line":22,"column":6},"end":{"line":22,"column":78}},"10":{"start":{"line":25,"column":4},"end":{"line":36,"column":7}},"11":{"start":{"line":39,"column":4},"end":{"line":46,"column":5}},"12":{"start":{"line":40,"column":21},"end":{"line":40,"column":46}},"13":{"start":{"line":41,"column":6},"end":{"line":41,"column":23}},"14":{"start":{"line":42,"column":6},"end":{"line":42,"column":70}},"15":{"start":{"line":44,"column":6},"end":{"line":44,"column":65}},"16":{"start":{"line":45,"column":6},"end":{"line":45,"column":18}},"17":{"start":{"line":50,"column":4},"end":{"line":53,"column":5}},"18":{"start":{"line":51,"column":6},"end":{"line":51,"column":28}},"19":{"start":{"line":52,"column":6},"end":{"line":52,"column":57}},"20":{"start":{"line":63,"column":18},"end":{"line":63,"column":28}},"21":{"start":{"line":64,"column":4},"end":{"line":77,"column":5}},"22":{"start":{"line":65,"column":21},"end":{"line":65,"column":59}},"23":{"start":{"line":66,"column":23},"end":{"line":66,"column":41}},"24":{"start":{"line":67,"column":6},"end":{"line":67,"column":99}},"25":{"start":{"line":68,"column":6},"end":{"line":68,"column":20}},"26":{"start":{"line":70,"column":23},"end":{"line":70,"column":41}},"27":{"start":{"line":71,"column":6},"end":{"line":75,"column":9}},"28":{"start":{"line":76,"column":6},"end":{"line":76,"column":18}},"29":{"start":{"line":85,"column":4},"end":{"line":85,"column":31}},"30":{"start":{"line":10,"column":13},"end":{"line":10,"column":28}},"31":{"start":{"line":10,"column":13},"end":{"line":87,"column":null}}},"fnMap":{"0":{"name":"(anonymous_2)","decl":{"start":{"line":13,"column":2},"end":{"line":13,"column":null}},"loc":{"start":{"line":15,"column":42},"end":{"line":16,"column":6}}},"1":{"name":"(anonymous_3)","decl":{"start":{"line":18,"column":2},"end":{"line":18,"column":7}},"loc":{"start":{"line":18,"column":20},"end":{"line":47,"column":3}}},"2":{"name":"(anonymous_4)","decl":{"start":{"line":49,"column":2},"end":{"line":49,"column":7}},"loc":{"start":{"line":49,"column":23},"end":{"line":54,"column":3}}},"3":{"name":"(anonymous_5)","decl":{"start":{"line":62,"column":2},"end":{"line":62,"column":7}},"loc":{"start":{"line":62,"column":89},"end":{"line":78,"column":3}}},"4":{"name":"(anonymous_6)","decl":{"start":{"line":84,"column":2},"end":{"line":84,"column":7}},"loc":{"start":{"line":84,"column":17},"end":{"line":86,"column":3}}}},"branchMap":{"0":{"loc":{"start":{"line":21,"column":4},"end":{"line":23,"column":5}},"type":"if","locations":[{"start":{"line":21,"column":4},"end":{"line":23,"column":5}},{"start":{},"end":{}}]},"1":{"loc":{"start":{"line":50,"column":4},"end":{"line":53,"column":5}},"type":"if","locations":[{"start":{"line":50,"column":4},"end":{"line":53,"column":5}},{"start":{},"end":{}}]},"2":{"loc":{"start":{"line":74,"column":15},"end":{"line":74,"column":69}},"type":"cond-expr","locations":[{"start":{"line":74,"column":40},"end":{"line":74,"column":53}},{"start":{"line":74,"column":56},"end":{"line":74,"column":69}}]}},"s":{"0":7,"1":7,"2":7,"3":7,"4":7,"5":37,"6":37,"7":32,"8":32,"9":1,"10":31,"11":31,"12":31,"13":30,"14":30,"15":1,"16":1,"17":8,"18":6,"19":5,"20":15,"21":15,"22":15,"23":12,"24":12,"25":12,"26":3,"27":3,"28":3,"29":6,"30":7,"31":7},"f":{"0":37,"1":32,"2":8,"3":15,"4":6},"b":{"0":[1,31],"1":[6,2],"2":[2,1]}}
,"/home/sohaib/Documents/frms/event-monitoring-service/src/dems-engine/dems-engine.controller.ts": {"path":"/home/sohaib/Documents/frms/event-monitoring-service/src/dems-engine/dems-engine.controller.ts","statementMap":{"0":{"start":{"line":1,"column":0},"end":{"line":1,"column":100}},"1":{"start":{"line":3,"column":0},"end":{"line":3,"column":58}},"2":{"start":{"line":4,"column":0},"end":{"line":4,"column":56}},"3":{"start":{"line":5,"column":0},"end":{"line":5,"column":87}},"4":{"start":{"line":6,"column":0},"end":{"line":6,"column":60}},"5":{"start":{"line":7,"column":0},"end":{"line":7,"column":62}},"6":{"start":{"line":8,"column":0},"end":{"line":8,"column":46}},"7":{"start":{"line":11,"column":0},"end":{"line":11,"column":57}},"8":{"start":{"line":15,"column":7},"end":{"line":89,"column":null}},"9":{"start":{"line":17,"column":21},"end":{"line":17,"column":40}},"10":{"start":{"line":18,"column":21},"end":{"line":18,"column":29}},"11":{"start":{"line":42,"column":4},"end":{"line":46,"column":5}},"12":{"start":{"line":43,"column":6},"end":{"line":45,"column":9}},"13":{"start":{"line":47,"column":32},"end":{"line":47,"column":59}},"14":{"start":{"line":49,"column":4},"end":{"line":51,"column":6}},"15":{"start":{"line":53,"column":25},"end":{"line":53,"column":46}},"16":{"start":{"line":55,"column":19},"end":{"line":55,"column":126}},"17":{"start":{"line":56,"column":4},"end":{"line":56,"column":80}},"18":{"start":{"line":58,"column":4},"end":{"line":66,"column":5}},"19":{"start":{"line":59,"column":6},"end":{"line":59,"column":55}},"20":{"start":{"line":61,"column":6},"end":{"line":65,"column":9}},"21":{"start":{"line":68,"column":4},"end":{"line":76,"column":5}},"22":{"start":{"line":69,"column":6},"end":{"line":69,"column":129}},"23":{"start":{"line":71,"column":6},"end":{"line":71,"column":87}},"24":{"start":{"line":72,"column":6},"end":{"line":75,"column":9}},"25":{"start":{"line":78,"column":4},"end":{"line":78,"column":97}},"26":{"start":{"line":79,"column":4},"end":{"line":79,"column":68}},"27":{"start":{"line":81,"column":4},"end":{"line":87,"column":6}},"28":{"start":{"line":15,"column":13},"end":{"line":15,"column":33}},"29":{"start":{"line":36,"column":8},"end":{"line":88,"column":null}},"30":{"start":{"line":15,"column":13},"end":{"line":89,"column":null}}},"fnMap":{"0":{"name":"(anonymous_4)","decl":{"start":{"line":16,"column":2},"end":{"line":16,"column":null}},"loc":{"start":{"line":18,"column":42},"end":{"line":19,"column":6}}},"1":{"name":"(anonymous_5)","decl":{"start":{"line":36,"column":8},"end":{"line":36,"column":22}},"loc":{"start":{"line":40,"column":23},"end":{"line":88,"column":3}}}},"branchMap":{"0":{"loc":{"start":{"line":42,"column":4},"end":{"line":46,"column":5}},"type":"if","locations":[{"start":{"line":42,"column":4},"end":{"line":46,"column":5}},{"start":{},"end":{}}]},"1":{"loc":{"start":{"line":58,"column":4},"end":{"line":66,"column":5}},"type":"if","locations":[{"start":{"line":58,"column":4},"end":{"line":66,"column":5}},{"start":{},"end":{}}]}},"s":{"0":3,"1":3,"2":3,"3":3,"4":3,"5":3,"6":3,"7":3,"8":3,"9":22,"10":22,"11":45,"12":7,"13":38,"14":38,"15":38,"16":38,"17":38,"18":38,"19":3,"20":3,"21":35,"22":35,"23":7,"24":7,"25":28,"26":28,"27":28,"28":3,"29":3,"30":3},"f":{"0":22,"1":45},"b":{"0":[7,38],"1":[3,35]}}
,"/home/sohaib/Documents/frms/event-monitoring-service/src/dems-engine/dems-engine.module.ts": {"path":"/home/sohaib/Documents/frms/event-monitoring-service/src/dems-engine/dems-engine.module.ts","statementMap":{"0":{"start":{"line":1,"column":0},"end":{"line":1,"column":40}},"1":{"start":{"line":2,"column":0},"end":{"line":2,"column":64}},"2":{"start":{"line":3,"column":0},"end":{"line":3,"column":58}},"3":{"start":{"line":4,"column":0},"end":{"line":4,"column":71}},"4":{"start":{"line":5,"column":0},"end":{"line":5,"column":46}},"5":{"start":{"line":6,"column":0},"end":{"line":6,"column":52}},"6":{"start":{"line":7,"column":0},"end":{"line":7,"column":49}},"7":{"start":{"line":8,"column":0},"end":{"line":8,"column":55}},"8":{"start":{"line":9,"column":0},"end":{"line":9,"column":49}},"9":{"start":{"line":10,"column":0},"end":{"line":10,"column":46}},"10":{"start":{"line":17,"column":7},"end":{"line":17,"column":null}},"11":{"start":{"line":17,"column":13},"end":{"line":17,"column":29}},"12":{"start":{"line":17,"column":13},"end":{"line":17,"column":null}}},"fnMap":{},"branchMap":{},"s":{"0":2,"1":2,"2":2,"3":2,"4":2,"5":2,"6":2,"7":2,"8":2,"9":2,"10":2,"11":2,"12":2},"f":{},"b":{}}
,"/home/sohaib/Documents/frms/event-monitoring-service/src/dems-engine/dems-engine.service.ts": {"path":"/home/sohaib/Documents/frms/event-monitoring-service/src/dems-engine/dems-engine.service.ts","statementMap":{"0":{"start":{"line":1,"column":0},"end":{"line":1,"column":44}},"1":{"start":{"line":2,"column":0},"end":{"line":2,"column":47}},"2":{"start":{"line":3,"column":0},"end":{"line":3,"column":70}},"3":{"start":{"line":4,"column":0},"end":{"line":4,"column":22}},"4":{"start":{"line":5,"column":0},"end":{"line":5,"column":37}},"5":{"start":{"line":6,"column":0},"end":{"line":6,"column":71}},"6":{"start":{"line":7,"column":0},"end":{"line":7,"column":51}},"7":{"start":{"line":8,"column":0},"end":{"line":8,"column":62}},"8":{"start":{"line":9,"column":0},"end":{"line":9,"column":55}},"9":{"start":{"line":10,"column":0},"end":{"line":10,"column":63}},"10":{"start":{"line":11,"column":0},"end":{"line":11,"column":48}},"11":{"start":{"line":12,"column":0},"end":{"line":12,"column":52}},"12":{"start":{"line":13,"column":0},"end":{"line":13,"column":128}},"13":{"start":{"line":14,"column":0},"end":{"line":14,"column":36}},"14":{"start":{"line":22,"column":7},"end":{"line":540,"column":null}},"15":{"start":{"line":27,"column":21},"end":{"line":27,"column":36}},"16":{"start":{"line":28,"column":21},"end":{"line":28,"column":35}},"17":{"start":{"line":29,"column":21},"end":{"line":29,"column":34}},"18":{"start":{"line":30,"column":21},"end":{"line":30,"column":48}},"19":{"start":{"line":31,"column":21},"end":{"line":31,"column":36}},"20":{"start":{"line":32,"column":21},"end":{"line":32,"column":38}},"21":{"start":{"line":34,"column":4},"end":{"line":34,"column":59}},"22":{"start":{"line":35,"column":4},"end":{"line":35,"column":25}},"23":{"start":{"line":36,"column":4},"end":{"line":36,"column":79}},"24":{"start":{"line":41,"column":4},"end":{"line":41,"column":74}},"25":{"start":{"line":43,"column":21},"end":{"line":43,"column":34}},"26":{"start":{"line":44,"column":25},"end":{"line":44,"column":66}},"27":{"start":{"line":46,"column":4},"end":{"line":63,"column":5}},"28":{"start":{"line":47,"column":6},"end":{"line":47,"column":68}},"29":{"start":{"line":50,"column":6},"end":{"line":62,"column":7}},"30":{"start":{"line":51,"column":8},"end":{"line":57,"column":9}},"31":{"start":{"line":52,"column":31},"end":{"line":52,"column":55}},"32":{"start":{"line":53,"column":10},"end":{"line":53,"column":104}},"33":{"start":{"line":55,"column":10},"end":{"line":55,"column":111}},"34":{"start":{"line":58,"column":13},"end":{"line":62,"column":7}},"35":{"start":{"line":60,"column":26},"end":{"line":60,"column":45}},"36":{"start":{"line":61,"column":8},"end":{"line":61,"column":93}},"37":{"start":{"line":67,"column":4},"end":{"line":67,"column":89}},"38":{"start":{"line":68,"column":19},"end":{"line":68,"column":137}},"39":{"start":{"line":69,"column":19},"end":{"line":69,"column":33}},"40":{"start":{"line":71,"column":4},"end":{"line":80,"column":5}},"41":{"start":{"line":72,"column":6},"end":{"line":72,"column":71}},"42":{"start":{"line":73,"column":19},"end":{"line":77,"column":8}},"43":{"start":{"line":78,"column":6},"end":{"line":78,"column":87}},"44":{"start":{"line":79,"column":6},"end":{"line":79,"column":82}},"45":{"start":{"line":82,"column":4},"end":{"line":82,"column":72}},"46":{"start":{"line":83,"column":4},"end":{"line":83,"column":16}},"47":{"start":{"line":102,"column":4},"end":{"line":110,"column":5}},"48":{"start":{"line":103,"column":6},"end":{"line":103,"column":61}},"49":{"start":{"line":105,"column":6},"end":{"line":105,"column":73}},"50":{"start":{"line":106,"column":6},"end":{"line":109,"column":8}},"51":{"start":{"line":112,"column":4},"end":{"line":123,"column":5}},"52":{"start":{"line":113,"column":36},"end":{"line":113,"column":65}},"53":{"start":{"line":114,"column":6},"end":{"line":114,"column":59}},"54":{"start":{"line":115,"column":6},"end":{"line":117,"column":9}},"55":{"start":{"line":116,"column":8},"end":{"line":116,"column":65}},"56":{"start":{"line":119,"column":28},"end":{"line":119,"column":40}},"57":{"start":{"line":120,"column":6},"end":{"line":120,"column":117}},"58":{"start":{"line":122,"column":6},"end":{"line":122,"column":45}},"59":{"start":{"line":125,"column":4},"end":{"line":125,"column":78}},"60":{"start":{"line":126,"column":4},"end":{"line":126,"column":29}},"61":{"start":{"line":134,"column":4},"end":{"line":150,"column":6}},"62":{"start":{"line":136,"column":21},"end":{"line":136,"column":49}},"63":{"start":{"line":137,"column":24},"end":{"line":137,"column":60}},"64":{"start":{"line":140,"column":8},"end":{"line":148,"column":9}},"65":{"start":{"line":141,"column":10},"end":{"line":141,"column":89}},"66":{"start":{"line":142,"column":15},"end":{"line":148,"column":9}},"67":{"start":{"line":143,"column":10},"end":{"line":143,"column":108}},"68":{"start":{"line":144,"column":15},"end":{"line":148,"column":9}},"69":{"start":{"line":145,"column":10},"end":{"line":145,"column":62}},"70":{"start":{"line":147,"column":10},"end":{"line":147,"column":43}},"71":{"start":{"line":166,"column":27},"end":{"line":166,"column":29}},"72":{"start":{"line":167,"column":56},"end":{"line":180,"column":6}},"73":{"start":{"line":181,"column":21},"end":{"line":181,"column":23}},"74":{"start":{"line":183,"column":4},"end":{"line":286,"column":5}},"75":{"start":{"line":184,"column":6},"end":{"line":283,"column":7}},"76":{"start":{"line":185,"column":8},"end":{"line":274,"column":9}},"77":{"start":{"line":186,"column":26},"end":{"line":186,"column":40}},"78":{"start":{"line":187,"column":30},"end":{"line":187,"column":127}},"79":{"start":{"line":188,"column":23},"end":{"line":188,"column":120}},"80":{"start":{"line":189,"column":28},"end":{"line":189,"column":45}},"81":{"start":{"line":190,"column":33},"end":{"line":190,"column":55}},"82":{"start":{"line":192,"column":10},"end":{"line":200,"column":11}},"83":{"start":{"line":193,"column":12},"end":{"line":195,"column":13}},"84":{"start":{"line":194,"column":14},"end":{"line":194,"column":61}},"85":{"start":{"line":196,"column":12},"end":{"line":198,"column":13}},"86":{"start":{"line":197,"column":14},"end":{"line":197,"column":75}},"87":{"start":{"line":199,"column":12},"end":{"line":199,"column":21}},"88":{"start":{"line":202,"column":10},"end":{"line":218,"column":11}},"89":{"start":{"line":203,"column":32},"end":{"line":203,"column":82}},"90":{"start":{"line":204,"column":32},"end":{"line":204,"column":68}},"91":{"start":{"line":206,"column":12},"end":{"line":216,"column":13}},"92":{"start":{"line":206,"column":25},"end":{"line":206,"column":26}},"93":{"start":{"line":207,"column":27},"end":{"line":207,"column":63}},"94":{"start":{"line":208,"column":31},"end":{"line":208,"column":67}},"95":{"start":{"line":210,"column":14},"end":{"line":212,"column":15}},"96":{"start":{"line":211,"column":16},"end":{"line":211,"column":49}},"97":{"start":{"line":213,"column":14},"end":{"line":215,"column":15}},"98":{"start":{"line":214,"column":16},"end":{"line":214,"column":63}},"99":{"start":{"line":217,"column":12},"end":{"line":217,"column":21}},"100":{"start":{"line":220,"column":31},"end":{"line":220,"column":67}},"101":{"start":{"line":221,"column":20},"end":{"line":221,"column":21}},"102":{"start":{"line":222,"column":45},"end":{"line":222,"column":81}},"103":{"start":{"line":224,"column":10},"end":{"line":249,"column":11}},"104":{"start":{"line":224,"column":23},"end":{"line":224,"column":24}},"105":{"start":{"line":225,"column":12},"end":{"line":236,"column":13}},"106":{"start":{"line":226,"column":28},"end":{"line":226,"column":71}},"107":{"start":{"line":227,"column":14},"end":{"line":232,"column":15}},"108":{"start":{"line":228,"column":41},"end":{"line":228,"column":84}},"109":{"start":{"line":229,"column":16},"end":{"line":229,"column":32}},"110":{"start":{"line":231,"column":16},"end":{"line":231,"column":40}},"111":{"start":{"line":233,"column":14},"end":{"line":235,"column":15}},"112":{"start":{"line":234,"column":16},"end":{"line":234,"column":44}},"113":{"start":{"line":237,"column":12},"end":{"line":248,"column":13}},"114":{"start":{"line":238,"column":28},"end":{"line":238,"column":71}},"115":{"start":{"line":239,"column":14},"end":{"line":244,"column":15}},"116":{"start":{"line":240,"column":33},"end":{"line":240,"column":76}},"117":{"start":{"line":241,"column":16},"end":{"line":241,"column":32}},"118":{"start":{"line":243,"column":16},"end":{"line":243,"column":54}},"119":{"start":{"line":245,"column":14},"end":{"line":247,"column":1
[...]
},"end":{"line":189,"column":99}},"80":{"start":{"line":191,"column":4},"end":{"line":191,"column":16}},"81":{"start":{"line":202,"column":2},"end":{"line":237,"column":3}},"82":{"start":{"line":204,"column":4},"end":{"line":206,"column":5}},"83":{"start":{"line":205,"column":6},"end":{"line":205,"column":60}},"84":{"start":{"line":208,"column":22},"end":{"line":208,"column":37}},"85":{"start":{"line":209,"column":18},"end":{"line":209,"column":21}},"86":{"start":{"line":212,"column":4},"end":{"line":219,"column":5}},"87":{"start":{"line":212,"column":17},"end":{"line":212,"column":18}},"88":{"start":{"line":213,"column":6},"end":{"line":218,"column":7}},"89":{"start":{"line":214,"column":8},"end":{"line":214,"column":40}},"90":{"start":{"line":217,"column":8},"end":{"line":217,"column":15}},"91":{"start":{"line":221,"column":28},"end":{"line":221,"column":59}},"92":{"start":{"line":224,"column":4},"end":{"line":231,"column":5}},"93":{"start":{"line":226,"column":6},"end":{"line":226,"column":60}},"94":{"start":{"line":228,"column":6},"end":{"line":230,"column":7}},"95":{"start":{"line":229,"column":8},"end":{"line":229,"column":76}},"96":{"start":{"line":233,"column":4},"end":{"line":235,"column":5}},"97":{"start":{"line":234,"column":6},"end":{"line":234,"column":98}},"98":{"start":{"line":236,"column":4},"end":{"line":236,"column":16}},"99":{"start":{"line":247,"column":25},"end":{"line":247,"column":46}},"100":{"start":{"line":248,"column":2},"end":{"line":266,"column":4}},"101":{"start":{"line":249,"column":21},"end":{"line":249,"column":52}},"102":{"start":{"line":250,"column":4},"end":{"line":250,"column":51}},"103":{"start":{"line":250,"column":38},"end":{"line":250,"column":51}},"104":{"start":{"line":254,"column":4},"end":{"line":264,"column":5}},"105":{"start":{"line":255,"column":22},"end":{"line":255,"column":34}},"106":{"start":{"line":257,"column":6},"end":{"line":259,"column":7}},"107":{"start":{"line":258,"column":8},"end":{"line":258,"column":21}},"108":{"start":{"line":261,"column":6},"end":{"line":263,"column":7}},"109":{"start":{"line":262,"column":8},"end":{"line":262,"column":24}},"110":{"start":{"line":265,"column":4},"end":{"line":265,"column":17}},"111":{"start":{"line":270,"column":2},"end":{"line":282,"column":3}},"112":{"start":{"line":272,"column":4},"end":{"line":274,"column":5}},"113":{"start":{"line":273,"column":6},"end":{"line":273,"column":61}},"114":{"start":{"line":276,"column":4},"end":{"line":276,"column":61}},"115":{"start":{"line":278,"column":4},"end":{"line":280,"column":5}},"116":{"start":{"line":279,"column":6},"end":{"line":279,"column":73}},"117":{"start":{"line":281,"column":4},"end":{"line":281,"column":16}}},"fnMap":{"0":{"name":"returnArrayFieldsFromSchema","decl":{"start":{"line":15,"column":22},"end":{"line":15,"column":49}},"loc":{"start":{"line":15,"column":92},"end":{"line":108,"column":1}}},"1":{"name":"(anonymous_1)","decl":{"start":{"line":29,"column":27},"end":{"line":29,"column":28}},"loc":{"start":{"line":29,"column":59},"end":{"line":96,"column":5}}},"2":{"name":"(anonymous_2)","decl":{"start":{"line":76,"column":35},"end":{"line":76,"column":36}},"loc":{"start":{"line":76,"column":52},"end":{"line":80,"column":13}}},"3":{"name":"(anonymous_3)","decl":{"start":{"line":88,"column":31},"end":{"line":88,"column":32}},"loc":{"start":{"line":88,"column":48},"end":{"line":92,"column":9}}},"4":{"name":"replaceObjectsWithArrays","decl":{"start":{"line":119,"column":16},"end":{"line":119,"column":40}},"loc":{"start":{"line":119,"column":131},"end":{"line":148,"column":1}}},"5":{"name":"(anonymous_5)","decl":{"start":{"line":130,"column":24},"end":{"line":130,"column":25}},"loc":{"start":{"line":130,"column":38},"end":{"line":132,"column":5}}},"6":{"name":"(anonymous_6)","decl":{"start":{"line":135,"column":25},"end":{"line":135,"column":26}},"loc":{"start":{"line":135,"column":39},"end":{"line":137,"column":5}}},"7":{"name":"convertNumberToStringAtPath","decl":{"start":{"line":156,"column":16},"end":{"line":156,"column":43}},"loc":{"start":{"line":156,"column":97},"end":{"line":193,"column":1}}},"8":{"name":"convertObjectToArrayAtPath","decl":{"start":{"line":201,"column":16},"end":{"line":201,"column":42}},"loc":{"start":{"line":201,"column":96},"end":{"line":238,"column":1}}},"9":{"name":"createSchemaAwareNumberProcessor","decl":{"start":{"line":246,"column":16},"end":{"line":246,"column":48}},"loc":{"start":{"line":246,"column":71},"end":{"line":267,"column":1}}},"10":{"name":"(anonymous_10)","decl":{"start":{"line":248,"column":9},"end":{"line":248,"column":10}},"loc":{"start":{"line":248,"column":49},"end":{"line":266,"column":3}}},"11":{"name":"isXmlContentType","decl":{"start":{"line":269,"column":16},"end":{"line":269,"column":32}},"loc":{"start":{"line":269,"column":76},"end":{"line":283,"column":1}}}},"branchMap":{"0":{"loc":{"start":{"line":18,"column":4},"end":{"line":23,"column":5}},"type":"if","locations":[{"start":{"line":18,"column":4},"end":{"line":23,"column":5}},{"start":{},"end":{}}]},"1":{"loc":{"start":{"line":19,"column":6},"end":{"line":21,"column":7}},"type":"if","locations":[{"start":{"line":19,"column":6},"end":{"line":21,"column":7}},{"start":{},"end":{}}]},"2":{"loc":{"start":{"line":29,"column":38},"end":{"line":29,"column":55}},"type":"default-arg","locations":[{"start":{"line":29,"column":53},"end":{"line":29,"column":55}}]},"3":{"loc":{"start":{"line":30,"column":6},"end":{"line":32,"column":7}},"type":"if","locations":[{"start":{"line":30,"column":6},"end":{"line":32,"column":7}},{"start":{},"end":{}}]},"4":{"loc":{"start":{"line":30,"column":10},"end":{"line":30,"column":41}},"type":"binary-expr","locations":[{"start":{"line":30,"column":10},"end":{"line":30,"column":14}},{"start":{"line":30,"column":18},"end":{"line":30,"column":41}}]},"5":{"loc":{"start":{"line":35,"column":6},"end":{"line":37,"column":7}},"type":"if","locations":[{"start":{"line":35,"column":6},"end":{"line":37,"column":7}},{"start":{},"end":{}}]},"6":{"loc":{"start":{"line":41,"column":6},"end":{"line":83,"column":7}},"type":"if","locations":[{"start":{"line":41,"column":6},"end":{"line":83,"column":7}},{"start":{},"end":{}}]},"7":{"loc":{"start":{"line":41,"column":10},"end":{"line":41,"column":62}},"type":"binary-expr","locations":[{"start":{"line":41,"column":10},"end":{"line":41,"column":24}},{"start":{"line":41,"column":28},"end":{"line":41,"column":62}}]},"8":{"loc":{"start":{"line":43,"column":30},"end":{"line":43,"column":59}},"type":"cond-expr","locations":[{"start":{"line":43,"column":37},"end":{"line":43,"column":53}},{"start":{"line":43,"column":56},"end":{"line":43,"column":59}}]},"9":{"loc":{"start":{"line":47,"column":10},"end":{"line":49,"column":11}},"type":"if","locations":[{"start":{"line":47,"column":10},"end":{"line":49,"column":11}},{"start":{},"end":{}}]},"10":{"loc":{"start":{"line":47,"column":14},"end":{"line":47,"column":55}},"type":"binary-expr","locations":[{"start":{"line":47,"column":14},"end":{"line":47,"column":23}},{"start":{"line":47,"column":27},"end":{"line":47,"column":55}}]},"11":{"loc":{"start":{"line":52,"column":10},"end":{"line":54,"column":11}},"type":"if","locations":[{"start":{"line":52,"column":10},"end":{"line":54,"column":11}},{"start":{},"end":{}}]},"12":{"loc":{"start":{"line":57,"column":10},"end":{"line":59,"column":11}},"type":"if","locations":[{"start":{"line":57,"column":10},"end":{"line":59,"column":11}},{"start":{},"end":{}}]},"13":{"loc":{"start":{"line":62,"column":10},"end":{"line":64,"column":11}},"type":"if","locations":[{"start":{"line":62,"column":10},"end":{"line":64,"column":11}},{"start":{},"end":{}}]},"14":{"loc":{"start":{"line":62,"column":14},"end":{"line":62,"column":63}},"type":"binary-expr","locations":[{"start":{"line":62,"column":14},"end":{"line":62,"column":40}},{"start":{"line":62,"column":44},"end":{"line":62,"column":63}}]},"15":{"loc":{"start":{"line":67,"column":10},"end":{"line":71,"column":11}},"type":"if","locations":[{"start":{"line":67,"column":10},"end":{"line":71,"column":11}},{"start":{},"end":{}}]},"16":{"loc":{"start":{"line":67,"column":14},"end":{"line":67,"column":57}},"type":"binary-expr","locations":[{"start":{"line":67,"column":14},"end":{"line":67,"column":39}},{"start":{"line":67,"column":43},"end":{"line":67,"column":57}}]},"17":{"loc":{"start":{"line":68,"column":12},"end":{"line":70,"column":13}},"type":"if","locations":[{"start":{"line":68,"column":12},"end":{"line":70,"column":13}},{"start":{},"end":{}}]},"18":{"loc":{"start":{"line":68,"column":16},"end":{"line":68,"column":77}},"type":"binary-expr","locations":[{"start":{"line":68,"column":16},"end":{"line":68,"column":48}},{"start":{"line":68,"column":52},"end":{"line":68,"column":77}}]},"19":{"loc":{"start":{"line":74,"column":10},"end":{"line":81,"column":11}},"type":"if","locations":[{"start":{"line":74,"column":10},"end":{"line":81,"column":11}},{"start":{},"end":{}}]},"20":{"loc":{"start":{"line":74,"column":14},"end":{"line":74,"column":64}},"type":"binary-expr","locations":[{"start":{"line":74,"column":14},"end":{"line":74,"column":28}},{"start":{"line":74,"column":32},"end":{"line":74,"column":46}},{"start":{"line":74,"column":50},"end":{"line":74,"column":64}}]},"21":{"loc":{"start":{"line":75,"column":35},"end":{"line":75,"column":85}},"type":"binary-expr","locations":[{"start":{"line":75,"column":35},"end":{"line":75,"column":49}},{"start":{"line":75,"column":53},"end":{"line":75,"column":67}},{"start":{"line":75,"column":71},"end":{"line":75,"column":85}}]},"22":{"loc":{"start":{"line":77,"column":14},"end":{"line":79,"column":15}},"type":"if","locations":[{"start":{"line":77,"column":14},"end":{"line":79,"column":15}},{"start":{},"end":{}}]},"23":{"loc":{"start":{"line":77,"column":18},"end":{"line":77,"column":76}},"type":"binary-expr","locations":[{"start":{"line":77,"column":18},"end":{"line":77,"column":25}},{"start":{"line":77,"column":29},"end":{"line":77,"column":54}},{"start":{"line":77,"column":58},"end":{"line":77,"column":76}}]},"24":{"loc":{"start":{"line":86,"column":6},"end":{"line":93,"column":7}},"type":"if","locations":[{"start":{"line":86,"column":6},"end":{"line":93,"column":7}},{"start":{},"end":{}}]},"25":{"loc":{"start":{"line":86,"column":10},"end":{"line":86,"column":45}},"type":"binary-expr","locations":[{"start":{"line":86,"column":10},"end":{"line":86,"column":19}},{"start":{"line":86,"column":23},"end":{"line":86,"column":32}},{"start":{"line":86,"column":36},"end":{"line":86,"column":45}}]},"26":{"loc":{"start":{"line":87,"column":31},"end":{"line":87,"column":66}},"type":"binary-expr","locations":[{"start":{"line":87,"column":31},"end":{"line":87,"column":40}},{"start":{"line":87,"column":44},"end":{"line":87,"column":53}},{"start":{"line":87,"column":57},"end":{"line":87,"column":66}}]},"27":{"loc":{"start":{"line":89,"column":10},"end":{"line":91,"column":11}},"type":"if","locations":[{"start":{"line":89,"column":10},"end":{"line":91,"column":11}},{"start":{},"end":{}}]},"28":{"loc":{"start":{"line":89,"column":14},"end":{"line":89,"column":43}},"type":"binary-expr","locations":[{"start":{"line":89,"column":14},"end":{"line":89,"column":21}},{"start":{"line":89,"column":25},"end":{"line":89,"column":43}}]},"29":{"loc":{"start":{"line":101,"column":4},"end":{"line":105,"column":5}},"type":"if","locations":[{"start":{"line":101,"column":4},"end":{"line":105,"column":5}},{"start":{},"end":{}}]},"30":{"loc":{"start":{"line":103,"column":104},"end":{"line":103,"column":138}},"type":"binary-expr","locations":[{"start":{"line":103,"column":104},"end":{"line":103,"column":125}},{"start":{"line":103,"column":129},"end":{"line":103,"column":138}}]},"31":{"loc":{"start":{"line":122,"column":4},"end":{"line":124,"column":5}},"type":"if","locations":[{"start":{"line":122,"column":4},"end":{"line":124,"column":5}},{"start":{},"end":{}}]},"32":{"loc":{"start":{"line":122,"column":8},"end":{"line":122,"column":49}},"type":"binary-expr","locations":[{"start":{"line":122,"column":8},"end":{"line":122,"column":24}},{"start":{"line":122,"column":28},"end":{"line":122,"column":49}}]},"33":{"loc":{"start":{"line":141,"column":4},"end":{"line":145,"column":5}},"type":"if","locations":[{"start":{"line":141,"column":4},"end":{"line":145,"column":5}},{"start":{},"end":{}}]},"34":{"loc":{"start":{"line":159,"column":4},"end":{"line":161,"column":5}},"type":"if","locations":[{"start":{"line":159,"column":4},"end":{"line":161,"column":5}},{"start":{},"end":{}}]},"35":{"loc":{"start":{"line":159,"column":8},"end":{"line":159,"column":41}},"type":"binary-expr","locations":[{"start":{"line":159,"column":8},"end":{"line":159,"column":20}},{"start":{"line":159,"column":24},"end":{"line":159,"column":41}}]},"36":{"loc":{"start":{"line":168,"column":6},"end":{"line":173,"column":7}},"type":"if","locations":[{"start":{"line":168,"column":6},"end":{"line":173,"column":7}},{"start":{"line":170,"column":13},"end":{"line":173,"column":7}}]},"37":{"loc":{"start":{"line":168,"column":10},"end":{"line":168,"column":100}},"type":"binary-expr","locations":[{"start":{"line":168,"column":10},"end":{"line":168,"column":17}},{"start":{"line":168,"column":21},"end":{"line":168,"column":48}},{"start":{"line":168,"column":52},"end":{"line":168,"column":75}},{"start":{"line":168,"column":79},"end":{"line":168,"column":100}}]},"38":{"loc":{"start":{"line":179,"column":4},"end":{"line":186,"column":5}},"type":"if","locations":[{"start":{"line":179,"column":4},"end":{"line":186,"column":5}},{"start":{},"end":{}}]},"39":{"loc":{"start":{"line":179,"column":8},"end":{"line":179,"column":105}},"type":"binary-expr","locations":[{"start":{"line":179,"column":8},"end":{"line":179,"column":15}},{"start":{"line":179,"column":19},"end":{"line":179,"column":57}},{"start":{"line":179,"column":61},"end":{"line":179,"column":105}}]},"40":{"loc":{"start":{"line":183,"column":6},"end":{"line":185,"column":7}},"type":"if","locations":[{"start":{"line":183,"column":6},"end":{"line":185,"column":7}},{"start":{},"end":{}}]},"41":{"loc":{"start":{"line":188,"column":4},"end":{"line":190,"column":5}},"type":"if","locations":[{"start":{"line":188,"column":4},"end":{"line":190,"column":5}},{"start":{},"end":{}}]},"42":{"loc":{"start":{"line":204,"column":4},"end":{"line":206,"column":5}},"type":"if","locations":[{"start":{"line":204,"column":4},"end":{"line":206,"column":5}},{"start":{},"end":{}}]},"43":{"loc":{"start":{"line":204,"column":8},"end":{"line":204,"column":41}},"type":"binary-expr","locations":[{"start":{"line":204,"column":8},"end":{"line":204,"column":20}},{"start":{"line":204,"column":24},"end":{"line":204,"column":41}}]},"44":{"loc":{"start":{"line":213,"column":6},"end":{"line":218,"column":7}},"type":"if","locations":[{"start":{"line":213,"column":6},"end":{"line":218,"column":7}},{"start":{"line":215,"column":13},"end":{"line":218,"column":7}}]},"45":{"loc":{"start":{"line":213,"column":10},"end":{"line":213,"column":100}},"type":"binary-expr","locations":[{"start":{"line":213,"column":10},"end":{"line":213,"column":17}},{"start":{"line":213,"column":21},"end":{"line":213,"column":48}},{"start":{"line":213,"column":52},"end":{"line":213,"column":75}},{"start":{"line":213,"column":79},"end":{"line":213,"column":100}}]},"46":{"loc":{"start":{"line":224,"column":4},"end":{"line":231,"column":5}},"type":"if","locations":[{"start":{"line":224,"column":4},"end":{"line":231,"column":5}},{"start":{},"end":{}}]},"47":{"loc":{"start":{"line":224,"column":8},"end":{"line":224,"column":126}},"type":"binary-expr","locations":[{"start":{"line":224,"column":8},"end":{"line":224,"column":34}},{"start":{"line":224,"column":38},"end":{"line":224,"column":82}},{"start":{"line":224,"column":86},"end":{"line":224,"column":126}}]},"48":{"loc":{"start":{"line":228,"column":6},"end":{"line":230,"column":7}},"type":"if","locations":[{"start":{"line":228,"column":6},"end":{"line":230,"column":7}},{"start":{},"end":{}}]},"49":{"loc":{"start":{"line":233,"column":4},"end":{"line":235,"column":5}},"type":"if","locations":[{"start":{"line":233,"column":4},"end":{"line":235,"column":5}},{"start":{},"end":{}}]},"50":{"loc":{"start":{"line":248,"column":36},"end":{"line":248,"column":45}},"type":"default-arg","locations":[{"start":{"line":248,"column":43},"end":{"line":248,"column":45}}]},"51":{"loc":{"start":{"line":249,"column":21},"end":{"line":249,"column":52}},"type":"cond-expr","locations":[{"start":{"line":249,"column":28},"end":{"line":249,"column":45}},{"start":{"line":249,"column":48},"end":{"line":249,"column":52}}]},"52":{"loc":{"start":{"line":250,"column":4},"end":{"line":250,"column":51}},"type":"if","locations":[{"start":{"line":250,"column":4},"end":{"line":250,"column":51}},{"start":{},"end":{}}]},"53":{"loc":{"start":{"line":254,"column":4},"end":{"line":264,"column":5}},"type":"if","locations":[{"start":{"line":254,"column":4},"end":{"line":264,"column":5}},{"start":{},"end":{}}]},"54":{"loc":{"start":{"line":257,"column":6},"end":{"line":259,"column":7}},"type":"if","locations":[{"start":{"line":257,"column":6},"end":{"line":259,"column":7}},{"start":{},"end":{}}]},"55":{"loc":{"start":{"line":261,"column":6},"end":{"line":263,"column":7}},"type":"if","locations":[{"start":{"line":261,"column":6},"end":{"line":263,"column":7}},{"start":{},"end":{}}]},"56":{"loc":{"start":{"line":261,"column":10},"end":{"line":261,"column":44}},"type":"binary-expr","locations":[{"start":{"line":261,"column":10},"end":{"line":261,"column":24}},{"start":{"line":261,"column":28},"end":{"line":261,"column":44}}]},"57":{"loc":{"start":{"line":272,"column":4},"end":{"line":274,"column":5}},"type":"if","locations":[{"start":{"line":272,"column":4},"end":{"line":274,"column":5}},{"start":{},"end":{}}]},"58":{"loc":{"start":{"line":272,"column":8},"end":{"line":272,"column":41}},"type":"binary-expr","locations":[{"start":{"line":272,"column":8},"end":{"line":272,"column":20}},{"start":{"line":272,"column":24},"end":{"line":272,"column":41}}]},"59":{"loc":{"start":{"line":278,"column":4},"end":{"line":280,"column":5}},"type":"if","locations":[{"start":{"line":278,"column":4},"end":{"line":280,"column":5}},{"start":{},"end":{}}]}},"s":{"0":5,"1":5,"2":5,"3":5,"4":5,"5":5,"6":20,"7":20,"8":1,"9":1,"10":1,"11":19,"12":19,"13":19,"14":19,"15":46,"16":0,"17":46,"18":1,"19":45,"20":45,"21":42,"22":71,"23":71,"24":71,"25":1,"26":70,"27":20,"28":70,"29":24,"30":70,"31":15,"32":70,"33":9,"34":4,"35":70,"36":3,"37":3,"38":6,"39":6,"40":45,"41":1,"42":1,"43":2,"44":2,"45":45,"46":19,"47":19,"48":1,"49":1,"50":1,"51":10,"52":10,"53":1,"54":9,"55":9,"56":8,"57":9,"58":9,"59":9,"60":1,"61":1,"62":1,"63":22,"64":22,"65":1,"66":21,"67":21,"68":21,"69":21,"70":22,"71":18,"72":4,"73":17,"74":17,"75":13,"76":13,"77":13,"78":1,"79":1,"80":1,"81":18,"82":18,"83":1,"84":17,"85":17,"86":17,"87":17,"88":12,"89":10,"90":2,"91":15,"92":15,"93":9,"94":9,"95":9,"96":1,"97":1,"98":1,"99":13,"100":13,"101":1031,"102":1031,"103":1004,"104":27,"105":23,"106":23,"107":4,"108":19,"109":13,"110":10,"111":52,"112":52,"113":1,"114":51,"115":2,"116":2,"117":2},"f":{"0":20,"1":46,"2":6,"3":2,"4":10,"5":8,"6":9,"7":22,"8":18,"9":13,"10":1031,"11":52},"b":{"0":[1,19],"1":[1,0],"2":[19],"3":[0,46],"4":[46,46],"5":[1,45],"6":[42,3],"7":[45,42],"8":[38,33],"9":[1,70],"10":[71,70],"11":[20,50],"12":[24,46],"13":[15,55],"14":[70,15],"15":[9,61],"16":[70,20],"17":[4,5],"18":[9,4],"19":[3,67],"20":[70,69,68],"21":[3,2,1],"22":[6,0],"23":[6,6,6],"24":[1,44],"25":[45,44,44],"26":[1,0,0],"27":[2,0],"28":[2,2],"29":[1,0],"30":[1,0],"31":[1,9],"32":[10,9],"33":[1,0],"34":[1,21],"35":[22,21],"36":[18,4],"37":[22,22,22,21],"38":[13,4],"39":[17,17,16],"40":[13,0],"41":[1,0],"42":[1,17],"43":[18,17],"44":[10,2],"45":[12,12,12,12],"46":[9,6],"47":[15,13,10],"48":[9,0],"49":[1,0],"50":[1027],"51":[4,1027],"52":[1004,27],"53":[23,4],"54":[4,19],"55":[13,6],"56":[19,18],"57":[1,51],"58":[52,51],"59":[2,0]}}
}
