TN:
SF:src/app.controller.ts
FN:7,(anonymous_2)
FN:11,(anonymous_3)
FNF:2
FNH:2
FNDA:36,(anonymous_2)
FNDA:1177,(anonymous_3)
DA:1,3
DA:2,3
DA:3,3
DA:6,3
DA:7,36
DA:11,3
DA:12,1177
LF:7
LH:7
BRF:0
BRH:0
end_of_record
TN:
SF:src/app.module.ts
FNF:0
FNH:0
DA:1,2
DA:2,2
DA:3,2
DA:4,2
DA:5,2
DA:6,2
DA:7,2
DA:8,2
DA:9,2
DA:10,2
DA:11,2
DA:12,2
DA:33,2
LF:13
LH:13
BRF:0
BRH:0
end_of_record
TN:
SF:src/app.service.ts
FN:5,(anonymous_1)
FNF:1
FNH:1
FNDA:1128,(anonymous_1)
DA:1,4
DA:4,4
DA:6,1128
LF:3
LH:3
BRF:0
BRH:0
end_of_record
TN:
SF:src/main.ts
FN:14,bootstrap
FN:40,(anonymous_10)
FNF:2
FNH:1
FNDA:12,bootstrap
FNDA:0,(anonymous_10)
DA:1,1
DA:3,1
DA:4,1
DA:5,1
DA:6,1
DA:7,1
DA:8,1
DA:9,1
DA:10,1
DA:12,1
DA:14,1
DA:15,12
DA:16,11
DA:19,11
DA:20,11
DA:23,11
DA:29,11
DA:37,11
DA:38,11
DA:40,1
DA:41,0
DA:42,0
DA:43,0
LF:23
LH:20
BRDA:41,0,0,0
BRDA:41,0,1,0
BRF:2
BRH:0
end_of_record
TN:
SF:src/apm/apm.decorators.ts
FN:24,ApmSpan
FN:25,(anonymous_3)
FN:28,(anonymous_4)
FN:88,(anonymous_5)
FN:96,(anonymous_6)
FN:123,(anonymous_7)
FNF:6
FNH:6
FNDA:33,ApmSpan
FNDA:33,(anonymous_3)
FNDA:62,(anonymous_4)
FNDA:11,(anonymous_5)
FNDA:4,(anonymous_6)
FNDA:3,(anonymous_7)
DA:3,6
DA:4,6
DA:24,6
DA:25,33
DA:26,33
DA:28,33
DA:33,62
DA:34,8
DA:37,62
DA:39,55
DA:42,7
DA:44,7
DA:45,7
DA:47,5
DA:48,4
DA:49,4
DA:52,5
DA:54,2
DA:55,1
DA:56,1
DA:58,2
DA:62,33
DA:87,6
DA:88,11
DA:97,4
DA:99,4
DA:100,4
DA:102,3
DA:103,2
DA:104,2
DA:107,3
DA:109,1
DA:110,1
DA:111,1
DA:113,1
DA:124,3
DA:126,3
DA:127,3
DA:129,2
DA:130,1
DA:131,1
DA:134,2
DA:136,1
DA:137,1
DA:138,1
DA:140,1
LF:46
LH:46
BRDA:33,0,0,8
BRDA:33,0,1,54
BRDA:33,1,0,62
BRDA:33,1,1,62
BRDA:33,1,2,62
BRDA:37,2,0,55
BRDA:37,2,1,7
BRDA:47,3,0,4
BRDA:47,3,1,1
BRDA:54,4,0,1
BRDA:54,4,1,1
BRDA:102,5,0,2
BRDA:102,5,1,1
BRDA:109,6,0,1
BRDA:109,6,1,0
BRDA:129,7,0,1
BRDA:129,7,1,1
BRDA:136,8,0,1
BRDA:136,8,1,0
BRF:19
BRH:17
end_of_record
TN:
SF:src/apm/apm.interceptor.ts
FN:12,(anonymous_3)
FN:14,(anonymous_4)
FN:34,(anonymous_5)
FN:44,(anonymous_6)
FN:57,(anonymous_7)
FNF:5
FNH:5
FNDA:13,(anonymous_3)
FNDA:18,(anonymous_4)
FNDA:14,(anonymous_5)
FNDA:4,(anonymous_6)
FNDA:4,(anonymous_7)
DA:3,3
DA:4,3
DA:5,3
DA:6,3
DA:7,3
DA:11,3
DA:12,13
DA:15,18
DA:16,18
DA:19,18
DA:20,18
DA:22,18
DA:25,18
DA:26,16
DA:33,18
DA:35,14
DA:36,13
DA:37,13
DA:38,13
DA:41,13
DA:45,4
DA:47,3
DA:48,3
DA:49,3
DA:50,3
DA:55,3
DA:57,4
LF:27
LH:27
BRDA:19,0,0,18
BRDA:19,0,1,1
BRDA:25,1,0,16
BRDA:25,1,1,2
BRDA:29,2,0,16
BRDA:29,2,1,1
BRDA:35,3,0,13
BRDA:35,3,1,1
BRDA:45,4,0,3
BRDA:45,4,1,1
BRDA:53,5,0,3
BRDA:53,5,1,1
BRF:12
BRH:12
end_of_record
TN:
SF:src/apm/apm.module.ts
FNF:0
FNH:0
DA:3,4
DA:4,4
DA:5,4
DA:18,4
LF:4
LH:4
BRF:0
BRH:0
end_of_record
TN:
SF:src/apm/apm.service.ts
FN:12,(anonymous_2)
FN:14,(anonymous_3)
FN:30,(anonymous_4)
FN:39,(anonymous_5)
FNF:4
FNH:4
FNDA:30,(anonymous_2)
FNDA:14,(anonymous_3)
FNDA:9,(anonymous_4)
FNDA:10,(anonymous_5)
DA:3,9
DA:4,9
DA:5,9
DA:9,9
DA:12,30
DA:15,14
DA:31,9
DA:40,10
LF:8
LH:8
BRF:0
BRH:0
end_of_record
TN:
SF:src/apm/index.ts
FN:3,(anonymous_0)
FN:4,(anonymous_1)
FN:5,(anonymous_2)
FN:6,(anonymous_3)
FN:6,(anonymous_4)
FNF:5
FNH:5
FNDA:2,(anonymous_0)
FNDA:2,(anonymous_1)
FNDA:2,(anonymous_2)
FNDA:2,(anonymous_3)
FNDA:2,(anonymous_4)
DA:3,3
DA:4,3
DA:5,3
DA:6,3
LF:4
LH:4
BRF:0
BRH:0
end_of_record
TN:
SF:src/auth/auth.decorator.ts
FN:9,(anonymous_0)
FN:22,(anonymous_1)
FNF:2
FNH:2
FNDA:16,(anonymous_0)
FNDA:6,(anonymous_1)
DA:1,7
DA:3,7
DA:9,16
DA:15,7
DA:22,7
LF:5
LH:5
BRF:0
BRH:0
end_of_record
TN:
SF:src/auth/auth.module.ts
FNF:0
FNH:0
DA:1,3
DA:2,3
DA:3,3
DA:10,3
LF:4
LH:4
BRF:0
BRH:0
end_of_record
TN:
SF:src/auth/tazama-auth.guard.ts
FN:14,(anonymous_2)
FN:16,(anonymous_3)
FN:55,(anonymous_4)
FN:56,(anonymous_5)
FN:57,(anonymous_6)
FN:103,(anonymous_7)
FNF:6
FNH:6
FNDA:77,(anonymous_2)
FNDA:29,(anonymous_3)
FNDA:28,(anonymous_4)
FNDA:31,(anonymous_5)
FNDA:31,(anonymous_6)
FNDA:17,(anonymous_7)
DA:1,6
DA:2,6
DA:3,6
DA:5,6
DA:6,6
DA:9,6
DA:10,77
DA:12,77
DA:14,77
DA:18,29
DA:20,29
DA:21,29
DA:24,29
DA:25,3
DA:26,3
DA:30,26
DA:31,2
DA:32,2
DA:35,24
DA:36,24
DA:37,24
DA:38,1
DA:39,1
DA:42,23
DA:44,23
DA:47,23
DA:49,20
DA:50,20
DA:51,20
DA:53,20
DA:55,28
DA:56,31
DA:57,31
DA:58,20
DA:60,20
DA:61,3
DA:68,20
DA:69,3
DA:73,17
DA:76,10
DA:83,10
DA:85,10
DA:90,10
DA:92,14
DA:93,14
DA:95,14
DA:96,12
DA:99,2
DA:104,17
DA:105,17
DA:107,16
DA:108,2
DA:111,14
DA:113,14
DA:114,1
DA:117,13
DA:118,1
DA:121,12
DA:122,2
DA:125,10
DA:127,7
DA:128,7
DA:129,7
LF:63
LH:63
BRDA:24,0,0,3
BRDA:24,0,1,26
BRDA:30,1,0,2
BRDA:30,1,1,24
BRDA:30,2,0,26
BRDA:30,2,1,25
BRDA:37,3,0,1
BRDA:37,3,1,23
BRDA:53,4,0,20
BRDA:53,4,1,0
BRDA:53,5,0,20
BRDA:53,5,1,20
BRDA:60,6,0,3
BRDA:60,6,1,17
BRDA:68,7,0,3
BRDA:68,7,1,17
BRDA:95,8,0,12
BRDA:95,8,1,2
BRDA:107,9,0,2
BRDA:107,9,1,14
BRDA:107,10,0,16
BRDA:107,10,1,15
BRDA:113,11,0,1
BRDA:113,11,1,13
BRDA:117,12,0,1
BRDA:117,12,1,12
BRDA:121,13,0,2
BRDA:121,13,1,10
BRDA:121,14,0,12
BRDA:121,14,1,11
BRF:30
BRH:29
end_of_record
TN:
SF:src/auth/user.decorator.ts
FN:7,(anonymous_0)
FNF:1
FNH:1
FNDA:1025,(anonymous_0)
DA:4,4
DA:7,4
DA:8,1025
DA:9,1024
DA:12,4
LF:5
LH:5
BRF:0
BRH:0
end_of_record
TN:
SF:src/commons/database-operations.service.ts
FN:11,(anonymous_2)
FN:20,(anonymous_3)
FN:26,(anonymous_4)
FN:33,(anonymous_5)
FN:39,(anonymous_6)
FN:45,(anonymous_7)
FN:49,(anonymous_8)
FN:52,(anonymous_9)
FN:58,(anonymous_10)
FN:62,(anonymous_11)
FN:79,(anonymous_12)
FN:90,(anonymous_13)
FN:101,(anonymous_14)
FN:117,(anonymous_15)
FN:130,(anonymous_16)
FN:160,(anonymous_17)
FNF:16
FNH:15
FNDA:46,(anonymous_2)
FNDA:7,(anonymous_3)
FNDA:3,(anonymous_4)
FNDA:1,(anonymous_5)
FNDA:3,(anonymous_6)
FNDA:1,(anonymous_7)
FNDA:6,(anonymous_8)
FNDA:2,(anonymous_9)
FNDA:0,(anonymous_10)
FNDA:17,(anonymous_11)
FNDA:8,(anonymous_12)
FNDA:7,(anonymous_13)
FNDA:5,(anonymous_14)
FNDA:7,(anonymous_15)
FNDA:5,(anonymous_16)
FNDA:10,(anonymous_17)
DA:1,5
DA:2,5
DA:3,5
DA:4,5
DA:10,5
DA:12,46
DA:13,46
DA:15,46
DA:20,7
DA:27,3
DA:33,1
DA:39,3
DA:45,1
DA:49,6
DA:52,2
DA:58,0
DA:63,17
DA:65,17
DA:66,56
DA:68,56
DA:69,15
DA:70,15
DA:71,15
DA:75,2
DA:76,2
DA:80,8
DA:81,8
DA:82,7
DA:84,1
DA:91,7
DA:92,7
DA:93,5
DA:95,2
DA:102,5
DA:103,5
DA:109,4
DA:111,1
DA:118,7
DA:120,7
DA:121,7
DA:122,6
DA:124,1
DA:131,5
DA:132,5
DA:133,5
DA:141,5
DA:142,2
DA:143,2
DA:146,3
DA:147,3
DA:152,2
DA:154,1
DA:161,10
DA:162,10
DA:179,10
DA:193,8
DA:196,2
DA:197,2
DA:198,1
DA:199,1
DA:202,1
LF:61
LH:60
BRDA:20,0,0,7
BRDA:20,0,1,2
BRDA:27,1,0,3
BRDA:27,1,1,1
BRDA:49,2,0,6
BRDA:49,2,1,4
BRDA:66,3,0,4
BRDA:66,3,1,52
BRDA:68,4,0,15
BRDA:68,4,1,41
BRDA:141,5,0,2
BRDA:141,5,1,3
BRDA:141,6,0,5
BRDA:141,6,1,4
BRDA:164,7,0,10
BRDA:164,7,1,8
BRDA:197,8,0,1
BRDA:197,8,1,1
BRF:18
BRH:18
end_of_record
TN:
SF:src/commons/index.ts
FN:1,(anonymous_0)
FNF:1
FNH:1
FNDA:31,(anonymous_0)
DA:1,35
LF:1
LH:1
BRF:0
BRH:0
end_of_record
TN:
SF:src/config/database.config.ts
FN:7,(anonymous_0)
FNF:1
FNH:1
FNDA:7,(anonymous_0)
DA:3,3
DA:5,3
DA:7,3
DA:8,7
DA:9,7
DA:11,7
LF:6
LH:6
BRDA:18,0,0,7
BRDA:18,0,1,2
BRDA:19,1,0,7
BRDA:19,1,1,2
BRDA:20,2,0,7
BRDA:20,2,1,2
BRDA:21,3,0,7
BRDA:21,3,1,2
BRF:8
BRH:8
end_of_record
TN:
SF:src/config/env.validation.ts
FN:50,validateEnvironment
FNF:1
FNH:1
FNDA:25,validateEnvironment
DA:50,4
DA:52,25
DA:53,1
DA:57,24
DA:58,1
DA:60,23
DA:61,1
DA:63,22
DA:64,1
DA:68,21
DA:69,1
DA:71,20
DA:72,1
DA:76,19
DA:79,19
DA:80,1
DA:84,18
DA:85,18
DA:86,3
DA:90,15
DA:91,15
DA:92,3
DA:95,12
LF:23
LH:23
BRDA:52,0,0,1
BRDA:52,0,1,24
BRDA:57,1,0,1
BRDA:57,1,1,23
BRDA:60,2,0,1
BRDA:60,2,1,22
BRDA:63,3,0,1
BRDA:63,3,1,21
BRDA:68,4,0,1
BRDA:68,4,1,20
BRDA:71,5,0,1
BRDA:71,5,1,19
BRDA:76,6,0,19
BRDA:76,6,1,13
BRDA:79,7,0,1
BRDA:79,7,1,18
BRDA:79,8,0,19
BRDA:79,8,1,19
BRDA:85,9,0,3
BRDA:85,9,1,15
BRDA:85,10,0,18
BRDA:85,10,1,6
BRDA:85,10,2,5
BRDA:91,11,0,3
BRDA:91,11,1,12
BRDA:91,12,0,15
BRDA:91,12,1,14
BRDA:91,12,2,13
BRDA:96,13,0,12
BRDA:96,13,1,9
BRDA:97,14,0,12
BRDA:97,14,1,6
BRDA:98,15,0,12
BRDA:98,15,1,9
BRDA:102,16,0,12
BRDA:102,16,1,9
BRDA:104,17,0,12
BRDA:104,17,1,9
BRDA:105,18,0,12
BRDA:105,18,1,9
BRDA:106,19,0,12
BRDA:106,19,1,9
BRDA:113,20,0,12
BRDA:113,20,1,11
BRDA:119,21,0,12
BRDA:119,21,1,9
BRDA:120,22,0,12
BRDA:120,22,1,9
BRDA:121,23,0,12
BRDA:121,23,1,9
BRDA:124,24,0,12
BRDA:124,24,1,9
BRDA:127,25,0,12
BRDA:127,25,1,9
BRDA:128,26,0,12
BRDA:128,26,1,9
BRDA:129,27,0,12
BRDA:129,27,1,9
BRF:58
BRH:58
end_of_record
TN:
SF:src/config-notify/config-notify.module.ts
FNF:0
FNH:0
DA:1,2
DA:2,2
DA:3,2
DA:4,2
DA:5,2
DA:12,2
LF:6
LH:6
BRF:0
BRH:0
end_of_record
TN:
SF:src/config-notify/config-notify.service.ts
FN:7,(anonymous_2)
FN:31,(anonymous_3)
FN:42,(anonymous_4)
FN:70,(anonymous_5)
FN:75,(anonymous_6)
FN:130,(anonymous_7)
FNF:6
FNH:6
FNDA:3,(anonymous_2)
FNDA:30,(anonymous_3)
FNDA:7,(anonymous_4)
FNDA:1,(anonymous_5)
FNDA:20,(anonymous_6)
FNDA:11,(anonymous_7)
DA:1,3
DA:2,3
DA:3,3
DA:4,3
DA:5,3
DA:7,3
DA:8,3
DA:9,3
DA:24,3
DA:25,30
DA:26,30
DA:32,30
DA:33,30
DA:34,30
DA:35,30
DA:37,30
DA:38,30
DA:39,30
DA:43,7
DA:44,1
DA:45,1
DA:48,6
DA:49,6
DA:50,5
DA:51,5
DA:53,5
DA:56,4
DA:58,4
DA:59,3
DA:60,3
DA:62,3
DA:64,3
DA:65,3
DA:66,3
DA:71,1
DA:72,1
DA:76,20
DA:77,5
DA:78,5
DA:81,15
DA:83,15
DA:84,7
DA:85,7
DA:88,8
DA:89,8
DA:91,8
DA:92,8
DA:97,6
DA:98,4
DA:99,4
DA:100,3
DA:102,3
DA:107,3
DA:109,2
DA:111,2
DA:117,2
DA:120,3
DA:121,3
DA:131,11
DA:132,11
DA:137,11
LF:61
LH:61
BRDA:7,0,0,3
BRDA:7,0,1,3
BRDA:43,1,0,1
BRDA:43,1,1,6
BRDA:76,2,0,5
BRDA:76,2,1,15
BRDA:76,3,0,20
BRDA:76,3,1,18
BRDA:83,4,0,7
BRDA:83,4,1,8
BRDA:83,5,0,15
BRDA:83,5,1,11
BRDA:83,5,2,9
BRDA:97,6,0,4
BRDA:97,6,1,2
BRDA:97,7,0,6
BRDA:97,7,1,6
BRDA:124,8,0,2
BRDA:124,8,1,1
BRF:19
BRH:19
end_of_record
TN:
SF:src/database/database.module.ts
FNF:0
FNH:0
DA:3,2
DA:4,2
DA:5,2
DA:6,2
DA:7,2
DA:15,2
LF:6
LH:6
BRF:0
BRH:0
end_of_record
TN:
SF:src/database/database.service.ts
FN:13,(anonymous_2)
FN:18,(anonymous_3)
FN:49,(anonymous_4)
FN:62,(anonymous_5)
FN:84,(anonymous_6)
FNF:5
FNH:5
FNDA:37,(anonymous_2)
FNDA:32,(anonymous_3)
FNDA:8,(anonymous_4)
FNDA:15,(anonymous_5)
FNDA:6,(anonymous_6)
DA:3,7
DA:4,7
DA:5,7
DA:7,7
DA:10,7
DA:14,37
DA:15,37
DA:19,32
DA:21,32
DA:22,1
DA:25,31
DA:39,31
DA:40,31
DA:41,30
DA:42,30
DA:44,1
DA:45,1
DA:50,8
DA:51,6
DA:52,5
DA:63,15
DA:64,15
DA:65,15
DA:66,12
DA:67,12
DA:68,12
DA:70,3
DA:71,3
DA:76,3
DA:85,6
LF:30
LH:30
BRDA:21,0,0,1
BRDA:21,0,1,31
BRDA:50,1,0,6
BRDA:50,1,1,2
BRDA:74,2,0,2
BRDA:74,2,1,1
BRF:6
BRH:6
end_of_record
TN:
SF:src/dems-engine/dems-engine.controller.ts
FN:16,(anonymous_4)
FN:36,(anonymous_5)
FNF:2
FNH:2
FNDA:22,(anonymous_4)
FNDA:45,(anonymous_5)
DA:1,3
DA:3,3
DA:4,3
DA:5,3
DA:6,3
DA:7,3
DA:8,3
DA:11,3
DA:15,3
DA:17,22
DA:18,22
DA:36,3
DA:42,45
DA:43,7
DA:47,38
DA:49,38
DA:53,38
DA:55,38
DA:56,38
DA:58,38
DA:59,3
DA:61,3
DA:68,35
DA:69,35
DA:71,7
DA:72,7
DA:78,28
DA:79,28
DA:81,28
LF:29
LH:29
BRDA:42,0,0,7
BRDA:42,0,1,38
BRDA:58,1,0,3
BRDA:58,1,1,35
BRF:4
BRH:4
end_of_record
TN:
SF:src/dems-engine/dems-engine.module.ts
FNF:0
FNH:0
DA:1,2
DA:2,2
DA:3,2
DA:4,2
DA:5,2
DA:6,2
DA:7,2
DA:8,2
DA:9,2
DA:10,2
DA:17,2
LF:11
LH:11
BRF:0
BRH:0
end_of_record
TN:
SF:src/dems-engine/dems-engine.service.ts
FN:26,(anonymous_3)
FN:40,(anonymous_4)
FN:95,(anonymous_5)
FN:115,(anonymous_6)
FN:133,(anonymous_7)
FN:135,(anonymous_8)
FN:161,(anonymous_9)
FN:301,(anonymous_10)
FN:310,(anonymous_11)
FN:311,(anonymous_12)
FN:337,(anonymous_13)
FN:359,(anonymous_14)
FN:375,(anonymous_15)
FN:410,(anonymous_16)
FN:420,(anonymous_17)
FN:447,(anonymous_18)
FN:448,(anonymous_19)
FNF:17
FNH:17
FNDA:25,(anonymous_3)
FNDA:14,(anonymous_4)
FNDA:8,(anonymous_5)
FNDA:2,(anonymous_6)
FNDA:2,(anonymous_7)
FNDA:2,(anonymous_8)
FNDA:6,(anonymous_9)
FNDA:6,(anonymous_10)
FNDA:7,(anonymous_11)
FNDA:15,(anonymous_12)
FNDA:6,(anonymous_13)
FNDA:5,(anonymous_14)
FNDA:7,(anonymous_15)
FNDA:7,(anonymous_16)
FNDA:12,(anonymous_17)
FNDA:3,(anonymous_18)
FNDA:3,(anonymous_19)
DA:1,4
DA:2,4
DA:3,4
DA:4,4
DA:5,4
DA:6,4
DA:7,4
DA:8,4
DA:9,4
DA:10,4
DA:11,4
DA:12,4
DA:13,4
DA:14,4
DA:22,4
DA:27,25
DA:28,25
DA:29,25
DA:30,25
DA:31,25
DA:32,25
DA:34,25
DA:35,25
DA:36,25
DA:40,4
DA:41,14
DA:43,14
DA:44,14
DA:46,14
DA:47,3
DA:50,3
DA:51,2
DA:52,2
DA:53,1
DA:55,1
DA:58,1
DA:60,1
DA:61,1
DA:67,12
DA:68,12
DA:69,11
DA:71,11
DA:72,9
DA:73,9
DA:78,9
DA:79,9
DA:82,2
DA:83,2
DA:95,4
DA:102,8
DA:103,8
DA:105,0
DA:106,0
DA:112,8
DA:113,2
DA:114,2
DA:115,2
DA:116,2
DA:119,2
DA:120,2
DA:122,2
DA:125,6
DA:126,6
DA:134,2
DA:136,2
DA:137,2
DA:140,2
DA:141,2
DA:142,0
DA:143,0
DA:144,0
DA:145,0
DA:147,0
DA:161,4
DA:166,6
DA:167,6
DA:181,6
DA:183,6
DA:184,5
DA:185,5
DA:186,11
DA:187,11
DA:188,11
DA:189,11
DA:190,11
DA:192,11
DA:193,1
DA:194,1
DA:196,1
DA:197,0
DA:199,1
DA:202,10
DA:203,1
DA:204,1
DA:206,1
DA:207,2
DA:208,2
DA:210,2
DA:211,0
DA:213,2
DA:214,0
DA:217,1
DA:220,9
DA:221,9
DA:222,9
DA:224,9
DA:225,9
DA:226,3
DA:227,3
DA:228,0
DA:229,0
DA:231,3
DA:233,3
DA:234,0
DA:237,9
DA:238,6
DA:239,6
DA:240,0
DA:241,0
DA:243,6
DA:245,6
DA:246,0
DA:251,9
DA:252,3
DA:253,3
DA:254,0
DA:256,3
DA:260,9
DA:261,6
DA:262,6
DA:263,0
DA:265,6
DA:269,6
DA:271,0
DA:276,0
DA:278,0
DA:285,1
DA:288,6
DA:301,4
DA:302,6
DA:303,4
DA:305,4
DA:306,4
DA:310,4
DA:311,7
DA:312,15
DA:314,15
DA:315,0
DA:316,0
DA:317,0
DA:318,0
DA:319,0
DA:320,0
DA:321,0
DA:326,15
DA:329,6
DA:330,0
DA:333,6
DA:334,0
DA:337,6
DA:338,6
DA:339,6
DA:342,6
DA:343,6
DA:346,3
DA:360,5
DA:375,4
DA:376,7
DA:377,7
DA:383,1
DA:386,6
DA:388,6
DA:389,2
DA:390,4
DA:391,1
DA:392,3
DA:393,2
DA:395,1
DA:398,6
DA:399,6
DA:411,7
DA:420,4
DA:428,12
DA:429,4
DA:430,4
DA:431,1
DA:434,3
DA:435,3
DA:437,3
DA:447,3
DA:448,3
DA:449,3
DA:450,1
DA:452,2
DA:458,10
DA:459,10
DA:460,9
DA:461,1
DA:464,8
DA:466,8
DA:468,2
DA:472,2
DA:475,8
DA:476,8
DA:477,2
DA:480,2
DA:483,6
DA:484,6
DA:486,6
DA:487,6
DA:489,6
DA:490,6
DA:492,2
DA:493,2
DA:496,4
DA:497,4
DA:499,4
DA:509,1
DA:510,1
LF:219
LH:189
BRDA:46,0,0,3
BRDA:46,0,1,11
BRDA:50,1,0,2
BRDA:50,1,1,1
BRDA:58,2,0,1
BRDA:58,2,1,0
BRDA:58,3,0,1
BRDA:58,3,1,1
BRDA:71,4,0,9
BRDA:71,4,1,2
BRDA:112,5,0,2
BRDA:112,5,1,6
BRDA:135,6,0,2
BRDA:135,6,1,0
BRDA:136,7,0,2
BRDA:136,7,1,2
BRDA:137,8,0,2
BRDA:137,8,1,0
BRDA:140,9,0,2
BRDA:140,9,1,0
BRDA:142,10,0,0
BRDA:142,10,1,0
BRDA:144,11,0,0
BRDA:144,11,1,0
BRDA:183,12,0,5
BRDA:183,12,1,1
BRDA:187,13,0,10
BRDA:187,13,1,1
BRDA:188,14,0,10
BRDA:188,14,1,1
BRDA:192,15,0,1
BRDA:192,15,1,10
BRDA:193,16,0,1
BRDA:193,16,1,0
BRDA:196,17,0,0
BRDA:196,17,1,1
BRDA:202,18,0,1
BRDA:202,18,1,9
BRDA:202,19,0,10
BRDA:202,19,1,9
BRDA:210,20,0,0
BRDA:210,20,1,2
BRDA:213,21,0,0
BRDA:213,21,1,2
BRDA:220,22,0,0
BRDA:220,22,1,9
BRDA:222,23,0,0
BRDA:222,23,1,9
BRDA:225,24,0,3
BRDA:225,24,1,6
BRDA:227,25,0,0
BRDA:227,25,1,3
BRDA:233,26,0,0
BRDA:233,26,1,3
BRDA:237,27,0,6
BRDA:237,27,1,3
BRDA:239,28,0,0
BRDA:239,28,1,6
BRDA:245,29,0,0
BRDA:245,29,1,6
BRDA:251,30,0,3
BRDA:251,30,1,6
BRDA:252,31,0,0
BRDA:252,31,1,3
BRDA:253,32,0,0
BRDA:253,32,1,3
BRDA:260,33,0,6
BRDA:260,33,1,3
BRDA:261,34,0,0
BRDA:261,34,1,6
BRDA:262,35,0,0
BRDA:262,35,1,6
BRDA:269,36,0,0
BRDA:269,36,1,6
BRDA:302,37,0,4
BRDA:302,37,1,2
BRDA:306,38,0,4
BRDA:306,38,1,0
BRDA:314,39,0,0
BRDA:314,39,1,15
BRDA:316,40,0,0
BRDA:316,40,1,0
BRDA:329,41,0,0
BRDA:329,41,1,6
BRDA:333,42,0,0
BRDA:333,42,1,6
BRDA:388,43,0,2
BRDA:388,43,1,4
BRDA:388,44,0,6
BRDA:388,44,1,4
BRDA:390,45,0,1
BRDA:390,45,1,3
BRDA:390,46,0,4
BRDA:390,46,1,3
BRDA:392,47,0,2
BRDA:392,47,1,1
BRDA:392,48,0,3
BRDA:392,48,1,2
BRDA:415,49,0,7
BRDA:415,49,1,2
BRDA:428,50,0,4
BRDA:428,50,1,8
BRDA:430,51,0,1
BRDA:430,51,1,3
BRDA:449,52,0,1
BRDA:449,52,1,2
BRDA:460,53,0,1
BRDA:460,53,1,8
BRDA:466,54,0,2
BRDA:466,54,1,6
BRDA:476,55,0,2
BRDA:476,55,1,6
BRDA:477,56,0,0
BRDA:477,56,1,2
BRDA:480,57,0,2
BRDA:480,57,1,0
BRDA:502,58,0,1
BRDA:502,58,1,3
BRF:118
BRH:87
end_of_record
TN:
SF:src/enums/configNotifyStatus.enum.ts
FN:1,(anonymous_0)
FNF:1
FNH:0
FNDA:0,(anonymous_0)
DA:1,0
DA:2,0
DA:3,0
LF:3
LH:0
BRDA:1,0,0,0
BRDA:1,0,1,0
BRF:2
BRH:0
end_of_record
TN:
SF:src/logger-service/logger-service.module.ts
FN:9,(anonymous_1)
FNF:1
FNH:0
FNDA:0,(anonymous_1)
DA:1,2
DA:2,2
DA:3,2
DA:10,0
DA:11,0
DA:17,2
LF:6
LH:4
BRF:0
BRH:0
end_of_record
TN:
SF:src/nats/nats.module.ts
FNF:0
FNH:0
DA:1,2
DA:2,2
DA:3,2
DA:11,2
LF:4
LH:4
BRF:0
BRH:0
end_of_record
TN:
SF:src/nats/nats.service.ts
FN:10,(anonymous_2)
FN:15,(anonymous_3)
FN:51,(anonymous_4)
FN:52,(anonymous_5)
FN:54,(anonymous_6)
FN:59,(anonymous_7)
FN:72,(anonymous_8)
FNF:7
FNH:7
FNDA:33,(anonymous_2)
FNDA:28,(anonymous_3)
FNDA:16,(anonymous_4)
FNDA:16,(anonymous_5)
FNDA:7,(anonymous_6)
FNDA:19,(anonymous_7)
FNDA:24,(anonymous_8)
DA:1,5
DA:2,5
DA:3,5
DA:6,5
DA:8,33
DA:10,33
DA:11,33
DA:16,28
DA:17,3
DA:18,3
DA:21,25
DA:22,25
DA:24,25
DA:25,38
DA:26,38
DA:28,38
DA:30,27
DA:31,7
DA:34,20
DA:35,20
DA:36,20
DA:38,18
DA:40,18
DA:41,5
DA:42,5
DA:45,13
DA:46,13
DA:52,16
DA:55,7
DA:56,7
DA:60,19
DA:61,3
DA:64,16
DA:65,16
DA:67,3
DA:68,3
DA:73,24
LF:37
LH:37
BRDA:16,0,0,3
BRDA:16,0,1,25
BRDA:30,1,0,7
BRDA:30,1,1,20
BRDA:40,2,0,5
BRDA:40,2,1,13
BRDA:60,3,0,3
BRDA:60,3,1,16
BRF:8
BRH:8
end_of_record
TN:
SF:src/redis/redis.config.ts
FN:4,(anonymous_0)
FNF:1
FNH:1
FNDA:10,(anonymous_0)
DA:4,4
DA:5,10
DA:6,10
DA:7,10
DA:9,10
DA:10,6
DA:13,4
LF:7
LH:7
BRDA:9,0,0,6
BRDA:9,0,1,4
BRDA:9,1,0,10
BRDA:9,1,1,8
BRDA:9,1,2,6
BRF:5
BRH:5
end_of_record
TN:
SF:src/redis/redis.module.ts
FN:10,(anonymous_1)
FNF:1
FNH:1
FNDA:7,(anonymous_1)
DA:1,3
DA:2,3
DA:3,3
DA:4,3
DA:11,7
DA:12,7
DA:14,6
DA:15,6
DA:16,5
DA:17,5
DA:19,1
DA:20,1
DA:28,3
LF:13
LH:13
BRF:0
BRH:0
end_of_record
TN:
SF:src/utils/extract_message_type.ts
FN:6,(anonymous_0)
FNF:1
FNH:1
FNDA:41,(anonymous_0)
DA:6,5
DA:7,41
DA:8,41
DA:10,41
LF:4
LH:4
BRDA:10,0,0,41
BRDA:10,0,1,5
BRF:2
BRH:2
end_of_record
TN:
SF:src/utils/has_nested_property.ts
FN:1,getValueByPath
FNF:1
FNH:1
FNDA:60,getValueByPath
DA:1,5
DA:2,60
DA:3,60
DA:5,60
DA:6,244
DA:7,20
DA:9,224
DA:12,244
DA:13,7
DA:17,53
LF:10
LH:10
BRDA:6,0,0,20
BRDA:6,0,1,224
BRDA:12,1,0,7
BRDA:12,1,1,237
BRDA:12,2,0,244
BRDA:12,2,1,238
BRF:6
BRH:6
end_of_record
TN:
SF:src/utils/transform_endpoint.ts
FN:6,(anonymous_0)
FN:8,(anonymous_1)
FNF:2
FNH:2
FNDA:78,(anonymous_0)
FNDA:93,(anonymous_1)
DA:6,78
DA:8,4
DA:9,93
LF:3
LH:3
BRDA:9,0,0,93
BRDA:9,0,1,78
BRDA:9,0,2,74
BRF:3
BRH:3
end_of_record
TN:
SF:src/utils/xml2js.utils.ts
FN:15,returnArrayFieldsFromSchema
FN:29,(anonymous_1)
FN:76,(anonymous_2)
FN:88,(anonymous_3)
FN:119,replaceObjectsWithArrays
FN:130,(anonymous_5)
FN:135,(anonymous_6)
FN:156,convertNumberToStringAtPath
FN:201,convertObjectToArrayAtPath
FN:246,createSchemaAwareNumberProcessor
FN:248,(anonymous_10)
FN:269,isXmlContentType
FNF:12
FNH:12
FNDA:20,returnArrayFieldsFromSchema
FNDA:46,(anonymous_1)
FNDA:6,(anonymous_2)
FNDA:2,(anonymous_3)
FNDA:10,replaceObjectsWithArrays
FNDA:8,(anonymous_5)
FNDA:9,(anonymous_6)
FNDA:22,convertNumberToStringAtPath
FNDA:18,convertObjectToArrayAtPath
FNDA:13,createSchemaAwareNumberProcessor
FNDA:1031,(anonymous_10)
FNDA:52,isXmlContentType
DA:15,5
DA:16,20
DA:18,20
DA:19,1
DA:20,1
DA:22,1
DA:25,19
DA:26,19
DA:27,19
DA:29,19
DA:30,46
DA:31,0
DA:35,46
DA:36,1
DA:38,45
DA:41,45
DA:42,42
DA:43,71
DA:44,71
DA:47,71
DA:48,1
DA:52,70
DA:53,20
DA:57,70
DA:58,24
DA:62,70
DA:63,15
DA:67,70
DA:68,9
DA:69,4
DA:74,70
DA:75,3
DA:76,3
DA:77,6
DA:78,6
DA:86,45
DA:87,1
DA:88,1
DA:89,2
DA:90,2
DA:95,45
DA:98,19
DA:99,19
DA:101,1
DA:102,1
DA:106,1
DA:119,5
DA:120,10
DA:122,10
DA:123,1
DA:127,9
DA:130,9
DA:131,8
DA:135,9
DA:136,9
DA:139,9
DA:141,1
DA:142,1
DA:146,1
DA:156,5
DA:157,22
DA:159,22
DA:160,1
DA:163,21
DA:164,21
DA:167,21
DA:168,22
DA:169,18
DA:172,4
DA:176,17
DA:179,17
DA:181,13
DA:183,13
DA:184,13
DA:188,1
DA:189,1
DA:191,1
DA:201,5
DA:202,18
DA:204,18
DA:205,1
DA:208,17
DA:209,17
DA:212,17
DA:213,12
DA:214,10
DA:217,2
DA:221,15
DA:224,15
DA:226,9
DA:228,9
DA:229,9
DA:233,1
DA:234,1
DA:236,1
DA:246,5
DA:247,13
DA:248,13
DA:249,1031
DA:250,1031
DA:254,27
DA:255,23
DA:257,23
DA:258,4
DA:261,19
DA:262,13
DA:265,10
DA:269,5
DA:270,52
DA:272,52
DA:273,1
DA:276,51
DA:278,2
DA:279,2
DA:281,2
LF:115
LH:114
BRDA:18,0,0,1
BRDA:18,0,1,19
BRDA:19,1,0,1
BRDA:19,1,1,0
BRDA:29,2,0,19
BRDA:30,3,0,0
BRDA:30,3,1,46
BRDA:30,4,0,46
BRDA:30,4,1,46
BRDA:35,5,0,1
BRDA:35,5,1,45
BRDA:41,6,0,42
BRDA:41,6,1,3
BRDA:41,7,0,45
BRDA:41,7,1,42
BRDA:43,8,0,38
BRDA:43,8,1,33
BRDA:47,9,0,1
BRDA:47,9,1,70
BRDA:47,10,0,71
BRDA:47,10,1,70
BRDA:52,11,0,20
BRDA:52,11,1,50
BRDA:57,12,0,24
BRDA:57,12,1,46
BRDA:62,13,0,15
BRDA:62,13,1,55
BRDA:62,14,0,70
BRDA:62,14,1,15
BRDA:67,15,0,9
BRDA:67,15,1,61
BRDA:67,16,0,70
BRDA:67,16,1,20
BRDA:68,17,0,4
BRDA:68,17,1,5
BRDA:68,18,0,9
BRDA:68,18,1,4
BRDA:74,19,0,3
BRDA:74,19,1,67
BRDA:74,20,0,70
BRDA:74,20,1,69
BRDA:74,20,2,68
BRDA:75,21,0,3
BRDA:75,21,1,2
BRDA:75,21,2,1
BRDA:77,22,0,6
BRDA:77,22,1,0
BRDA:77,23,0,6
BRDA:77,23,1,6
BRDA:77,23,2,6
BRDA:86,24,0,1
BRDA:86,24,1,44
BRDA:86,25,0,45
BRDA:86,25,1,44
BRDA:86,25,2,44
BRDA:87,26,0,1
BRDA:87,26,1,0
BRDA:87,26,2,0
BRDA:89,27,0,2
BRDA:89,27,1,0
BRDA:101,28,0,1
BRDA:101,28,1,0
BRDA:103,29,0,1
BRDA:103,29,1,0
BRDA:122,30,0,1
BRDA:122,30,1,9
BRDA:122,31,0,10
BRDA:122,31,1,9
BRDA:141,32,0,1
BRDA:141,32,1,0
BRDA:159,33,0,1
BRDA:159,33,1,21
BRDA:159,34,0,22
BRDA:159,34,1,21
BRDA:168,35,0,18
BRDA:168,35,1,4
BRDA:168,36,0,22
BRDA:168,36,1,22
BRDA:168,36,2,22
BRDA:168,36,3,21
BRDA:179,37,0,13
BRDA:179,37,1,4
BRDA:179,38,0,17
BRDA:179,38,1,17
BRDA:179,38,2,16
BRDA:183,39,0,13
BRDA:183,39,1,0
BRDA:188,40,0,1
BRDA:188,40,1,0
BRDA:204,41,0,1
BRDA:204,41,1,17
BRDA:204,42,0,18
BRDA:204,42,1,17
BRDA:213,43,0,10
BRDA:213,43,1,2
BRDA:213,44,0,12
BRDA:213,44,1,12
BRDA:213,44,2,12
BRDA:213,44,3,12
BRDA:224,45,0,9
BRDA:224,45,1,6
BRDA:224,46,0,15
BRDA:224,46,1,13
BRDA:224,46,2,10
BRDA:228,47,0,9
BRDA:228,47,1,0
BRDA:233,48,0,1
BRDA:233,48,1,0
BRDA:248,49,0,1027
BRDA:249,50,0,4
BRDA:249,50,1,1027
BRDA:250,51,0,1004
BRDA:250,51,1,27
BRDA:254,52,0,23
BRDA:254,52,1,4
BRDA:257,53,0,4
BRDA:257,53,1,19
BRDA:261,54,0,13
BRDA:261,54,1,6
BRDA:261,55,0,19
BRDA:261,55,1,18
BRDA:272,56,0,1
BRDA:272,56,1,51
BRDA:272,57,0,52
BRDA:272,57,1,51
BRDA:278,58,0,2
BRDA:278,58,1,0
BRF:127
BRH:113
end_of_record
